This file contains any messages produced by compilers while
running configure, to aid debugging if configure makes a mistake.

It was created by configure, which was
generated by GNU Autoconf 2.63.  Invocation command line was

  $ ./configure --prefix=/usr/local/Cellar/libiconv/1.13.1

## --------- ##
## Platform. ##
## --------- ##

hostname = Shamas-MacBook-Pro.local
uname -m = x86_64
uname -r = 12.2.0
uname -s = Darwin
uname -v = Darwin Kernel Version 12.2.0: Sat Aug 25 00:48:52 PDT 2012; root:xnu-2050.18.24~1/RELEASE_X86_64

/usr/bin/uname -p = i386
/bin/uname -X     = unknown

/bin/arch              = unknown
/usr/bin/arch -k       = unknown
/usr/convex/getsysinfo = unknown
/usr/bin/hostinfo      = Mach kernel version:
	 Darwin Kernel Version 12.2.0: Sat Aug 25 00:48:52 PDT 2012; root:xnu-2050.18.24~1/RELEASE_X86_64
Kernel configured for up to 4 processors.
2 processors are physically available.
4 processors are logically available.
Processor type: i486 (Intel 80486)
Processors active: 0 1 2 3
Primary memory available: 8.00 gigabytes
Default processor set: 108 tasks, 570 threads, 4 processors
Load average: 3.36, Mach factor: 1.00
/bin/machine           = unknown
/usr/bin/oslevel       = unknown
/bin/universe          = unknown

PATH: /Users/shama/.rvm/gems/ruby-1.9.2-p180@rails3/bin
PATH: /Users/shama/.rvm/gems/ruby-1.9.2-p180@global/bin
PATH: /Users/shama/.rvm/rubies/ruby-1.9.2-p180/bin
PATH: /Users/shama/.rvm/bin
PATH: /usr/local/bin
PATH: /usr/bin
PATH: /bin
PATH: /usr/sbin
PATH: /sbin
PATH: /opt/sm/bin
PATH: /opt/sm/pkg/active/bin
PATH: /opt/sm/pkg/active/sbin


## ----------- ##
## Core tests. ##
## ----------- ##

configure:2457: checking for a BSD-compatible install
configure:2525: result: /usr/bin/install -c
configure:2536: checking whether build environment is sane
configure:2596: result: yes
configure:2737: checking for a thread-safe mkdir -p
configure:2776: result: build-aux/install-sh -c -d
configure:2789: checking for gawk
configure:2819: result: no
configure:2789: checking for mawk
configure:2819: result: no
configure:2789: checking for nawk
configure:2819: result: no
configure:2789: checking for awk
configure:2805: found /usr/bin/awk
configure:2816: result: awk
configure:2827: checking whether make sets $(MAKE)
configure:2849: result: yes
configure:2933: checking whether make sets $(MAKE)
configure:2955: result: yes
configure:3014: checking for gcc
configure:3030: found /usr/bin/gcc
configure:3041: result: gcc
configure:3273: checking for C compiler version
configure:3281: gcc --version >&5
i686-apple-darwin11-llvm-gcc-4.2 (GCC) 4.2.1 (Based on Apple Inc. build 5658) (LLVM build 2335.15.00)
Copyright (C) 2007 Free Software Foundation, Inc.
This is free software; see the source for copying conditions.  There is NO
warranty; not even for MERCHANTABILITY or FITNESS FOR A PARTICULAR PURPOSE.

configure:3285: $? = 0
configure:3292: gcc -v >&5
Using built-in specs.
Target: i686-apple-darwin11
Configured with: /private/var/tmp/llvmgcc42/llvmgcc42-2335.15~25/src/configure --disable-checking --enable-werror --prefix=/Developer/usr/llvm-gcc-4.2 --mandir=/share/man --enable-languages=c,objc,c++,obj-c++ --program-prefix=llvm- --program-transform-name=/^[cg][^.-]*$/s/$/-4.2/ --with-slibdir=/usr/lib --build=i686-apple-darwin11 --enable-llvm=/private/var/tmp/llvmgcc42/llvmgcc42-2335.15~25/dst-llvmCore/Developer/usr/local --program-prefix=i686-apple-darwin11- --host=x86_64-apple-darwin11 --target=i686-apple-darwin11 --with-gxx-include-dir=/usr/include/c++/4.2.1
Thread model: posix
gcc version 4.2.1 (Based on Apple Inc. build 5658) (LLVM build 2335.15.00)
configure:3296: $? = 0
configure:3303: gcc -V >&5
llvm-gcc-4.2: argument to `-V' is missing
configure:3307: $? = 1
configure:3330: checking for C compiler default output file name
configure:3352: gcc    conftest.c  >&5
configure:3356: $? = 0
configure:3394: result: a.out
configure:3413: checking whether the C compiler works
configure:3423: ./a.out
configure:3427: $? = 0
configure:3446: result: yes
configure:3453: checking whether we are cross compiling
configure:3455: result: no
configure:3458: checking for suffix of executables
configure:3465: gcc -o conftest    conftest.c  >&5
configure:3469: $? = 0
configure:3495: result: 
configure:3501: checking for suffix of object files
configure:3527: gcc -c   conftest.c >&5
configure:3531: $? = 0
configure:3556: result: o
configure:3560: checking whether we are using the GNU C compiler
configure:3589: gcc -c   conftest.c >&5
configure:3596: $? = 0
configure:3613: result: yes
configure:3622: checking whether gcc accepts -g
configure:3652: gcc -c -g  conftest.c >&5
configure:3659: $? = 0
configure:3760: result: yes
configure:3777: checking for gcc option to accept ISO C89
configure:3851: gcc  -c -g -O2  conftest.c >&5
configure:3858: $? = 0
configure:3881: result: none needed
configure:3910: checking for style of include used by make
configure:3938: result: GNU
configure:3963: checking dependency style of gcc
configure:4073: result: none
configure:4093: checking how to run the C preprocessor
configure:4133: gcc -E  conftest.c
configure:4140: $? = 0
configure:4171: gcc -E  conftest.c
conftest.c:10:28: error: ac_nonexistent.h: No such file or directory
configure:4178: $? = 1
configure: failed program was:
| /* confdefs.h.  */
| #define PACKAGE_NAME ""
| #define PACKAGE_TARNAME ""
| #define PACKAGE_VERSION ""
| #define PACKAGE_STRING ""
| #define PACKAGE_BUGREPORT ""
| #define PACKAGE "libiconv"
| #define VERSION "1.13.1"
| /* end confdefs.h.  */
| #include <ac_nonexistent.h>
configure:4211: result: gcc -E
configure:4240: gcc -E  conftest.c
configure:4247: $? = 0
configure:4278: gcc -E  conftest.c
conftest.c:10:28: error: ac_nonexistent.h: No such file or directory
configure:4285: $? = 1
configure: failed program was:
| /* confdefs.h.  */
| #define PACKAGE_NAME ""
| #define PACKAGE_TARNAME ""
| #define PACKAGE_VERSION ""
| #define PACKAGE_STRING ""
| #define PACKAGE_BUGREPORT ""
| #define PACKAGE "libiconv"
| #define VERSION "1.13.1"
| /* end confdefs.h.  */
| #include <ac_nonexistent.h>
configure:4338: checking for a BSD-compatible install
configure:4406: result: /usr/bin/install -c
configure:4420: checking for strip
configure:4438: found /usr/bin/strip
configure:4451: result: /usr/bin/strip
configure:4565: checking build system type
configure:4583: result: i386-apple-darwin12.2.0
configure:4605: checking host system type
configure:4620: result: i386-apple-darwin12.2.0
configure:4693: checking for ranlib
configure:4709: found /usr/bin/ranlib
configure:4720: result: ranlib
configure:4743: checking whether gcc and cc understand -c and -o together
configure:4778: gcc -c conftest.c -o conftest2.o >&5
configure:4782: $? = 0
configure:4788: gcc -c conftest.c -o conftest2.o >&5
configure:4792: $? = 0
configure:4803: cc -c conftest.c >&5
configure:4807: $? = 0
configure:4815: cc -c conftest.c -o conftest2.o >&5
configure:4819: $? = 0
configure:4825: cc -c conftest.c -o conftest2.o >&5
configure:4829: $? = 0
configure:4847: result: yes
configure:4876: checking for grep that handles long lines and -e
configure:4936: result: /usr/bin/grep
configure:4941: checking for egrep
configure:5005: result: /usr/bin/grep -E
configure:5010: checking for ANSI C header files
configure:5040: gcc -c -g -O2  conftest.c >&5
configure:5047: $? = 0
configure:5146: gcc -o conftest -g -O2   conftest.c  >&5
configure:5150: $? = 0
configure:5156: ./conftest
configure:5160: $? = 0
configure:5178: result: yes
configure:5202: checking for sys/types.h
configure:5223: gcc -c -g -O2  conftest.c >&5
configure:5230: $? = 0
configure:5247: result: yes
configure:5202: checking for sys/stat.h
configure:5223: gcc -c -g -O2  conftest.c >&5
configure:5230: $? = 0
configure:5247: result: yes
configure:5202: checking for stdlib.h
configure:5223: gcc -c -g -O2  conftest.c >&5
configure:5230: $? = 0
configure:5247: result: yes
configure:5202: checking for string.h
configure:5223: gcc -c -g -O2  conftest.c >&5
configure:5230: $? = 0
configure:5247: result: yes
configure:5202: checking for memory.h
configure:5223: gcc -c -g -O2  conftest.c >&5
configure:5230: $? = 0
configure:5247: result: yes
configure:5202: checking for strings.h
configure:5223: gcc -c -g -O2  conftest.c >&5
configure:5230: $? = 0
configure:5247: result: yes
configure:5202: checking for inttypes.h
configure:5223: gcc -c -g -O2  conftest.c >&5
configure:5230: $? = 0
configure:5247: result: yes
configure:5202: checking for stdint.h
configure:5223: gcc -c -g -O2  conftest.c >&5
configure:5230: $? = 0
configure:5247: result: yes
configure:5202: checking for unistd.h
configure:5223: gcc -c -g -O2  conftest.c >&5
configure:5230: $? = 0
configure:5247: result: yes
configure:5274: checking minix/config.h usability
configure:5291: gcc -c -g -O2  conftest.c >&5
conftest.c:53:26: error: minix/config.h: No such file or directory
configure:5298: $? = 1
configure: failed program was:
| /* confdefs.h.  */
| #define PACKAGE_NAME ""
| #define PACKAGE_TARNAME ""
| #define PACKAGE_VERSION ""
| #define PACKAGE_STRING ""
| #define PACKAGE_BUGREPORT ""
| #define PACKAGE "libiconv"
| #define VERSION "1.13.1"
| #define STDC_HEADERS 1
| #define HAVE_SYS_TYPES_H 1
| #define HAVE_SYS_STAT_H 1
| #define HAVE_STDLIB_H 1
| #define HAVE_STRING_H 1
| #define HAVE_MEMORY_H 1
| #define HAVE_STRINGS_H 1
| #define HAVE_INTTYPES_H 1
| #define HAVE_STDINT_H 1
| #define HAVE_UNISTD_H 1
| /* end confdefs.h.  */
| #include <stdio.h>
| #ifdef HAVE_SYS_TYPES_H
| # include <sys/types.h>
| #endif
| #ifdef HAVE_SYS_STAT_H
| # include <sys/stat.h>
| #endif
| #ifdef STDC_HEADERS
| # include <stdlib.h>
| # include <stddef.h>
| #else
| # ifdef HAVE_STDLIB_H
| #  include <stdlib.h>
| # endif
| #endif
| #ifdef HAVE_STRING_H
| # if !defined STDC_HEADERS && defined HAVE_MEMORY_H
| #  include <memory.h>
| # endif
| # include <string.h>
| #endif
| #ifdef HAVE_STRINGS_H
| # include <strings.h>
| #endif
| #ifdef HAVE_INTTYPES_H
| # include <inttypes.h>
| #endif
| #ifdef HAVE_STDINT_H
| # include <stdint.h>
| #endif
| #ifdef HAVE_UNISTD_H
| # include <unistd.h>
| #endif
| #include <minix/config.h>
configure:5312: result: no
configure:5316: checking minix/config.h presence
configure:5331: gcc -E  conftest.c
conftest.c:20:26: error: minix/config.h: No such file or directory
configure:5338: $? = 1
configure: failed program was:
| /* confdefs.h.  */
| #define PACKAGE_NAME ""
| #define PACKAGE_TARNAME ""
| #define PACKAGE_VERSION ""
| #define PACKAGE_STRING ""
| #define PACKAGE_BUGREPORT ""
| #define PACKAGE "libiconv"
| #define VERSION "1.13.1"
| #define STDC_HEADERS 1
| #define HAVE_SYS_TYPES_H 1
| #define HAVE_SYS_STAT_H 1
| #define HAVE_STDLIB_H 1
| #define HAVE_STRING_H 1
| #define HAVE_MEMORY_H 1
| #define HAVE_STRINGS_H 1
| #define HAVE_INTTYPES_H 1
| #define HAVE_STDINT_H 1
| #define HAVE_UNISTD_H 1
| /* end confdefs.h.  */
| #include <minix/config.h>
configure:5352: result: no
configure:5380: checking for minix/config.h
configure:5387: result: no
configure:5428: checking whether it is safe to define __EXTENSIONS__
configure:5456: gcc -c -g -O2  conftest.c >&5
configure:5463: $? = 0
configure:5478: result: yes
configure:5540: checking for ld used by GCC
configure:5604: result: /usr/llvm-gcc-4.2/libexec/gcc/i686-apple-darwin11/4.2.1/ld
configure:5613: checking if the linker (/usr/llvm-gcc-4.2/libexec/gcc/i686-apple-darwin11/4.2.1/ld) is GNU ld
configure:5626: result: no
configure:5632: checking for shared library path variable
configure:5645: result: DYLD_LIBRARY_PATH
configure:5650: checking whether to activate relocatable installation
configure:5665: result: no
configure:6015: checking how to copy files
configure:6031: result: cp -p
configure:6035: checking how to make hard links
configure:6051: result: ln
configure:6055: checking whether ln -s works
configure:6059: result: yes
configure:6097: checking for a sed that does not truncate output
configure:6163: result: /usr/bin/sed
configure:6181: checking for fgrep
configure:6245: result: /usr/bin/grep -F
configure:6280: checking for ld used by gcc
configure:6347: result: /usr/llvm-gcc-4.2/libexec/gcc/i686-apple-darwin11/4.2.1/ld
configure:6356: checking if the linker (/usr/llvm-gcc-4.2/libexec/gcc/i686-apple-darwin11/4.2.1/ld) is GNU ld
configure:6371: result: no
configure:6383: checking for BSD- or MS-compatible name lister (nm)
configure:6432: result: /usr/bin/nm
configure:6550: checking the name lister (/usr/bin/nm) interface
configure:6557: gcc -c -g -O2  conftest.c >&5
configure:6560: /usr/bin/nm "conftest.o"
configure:6563: output
00000000000001c8 S _some_variable
configure:6570: result: BSD nm
configure:6574: checking the maximum length of command line arguments
configure:6694: result: 196608
configure:6711: checking whether the shell understands some XSI constructs
configure:6721: result: yes
configure:6725: checking whether the shell understands "+="
configure:6731: result: yes
configure:6766: checking for /usr/llvm-gcc-4.2/libexec/gcc/i686-apple-darwin11/4.2.1/ld option to reload object files
configure:6773: result: -r
configure:6842: checking for objdump
configure:6872: result: no
configure:6898: checking how to recognize dependent libraries
configure:7094: result: pass_all
configure:7154: checking for ar
configure:7170: found /usr/bin/ar
configure:7181: result: ar
configure:7259: checking for strip
configure:7286: result: /usr/bin/strip
configure:7358: checking for ranlib
configure:7385: result: ranlib
configure:7475: checking command to parse /usr/bin/nm output from gcc object
configure:7593: gcc -c -g -O2  conftest.c >&5
configure:7596: $? = 0
configure:7600: /usr/bin/nm conftest.o \| sed -n -e 's/^.*[	 ]\([BCDEGRST][BCDEGRST]*\)[	 ][	 ]*\([_A-Za-z][_A-Za-z0-9]*\)$/\1 \2 \2/p' \> conftest.nm
configure:7603: $? = 0
cannot find nm_test_var in conftest.nm
configure:7593: gcc -c -g -O2  conftest.c >&5
configure:7596: $? = 0
configure:7600: /usr/bin/nm conftest.o \| sed -n -e 's/^.*[	 ]\([BCDEGRST][BCDEGRST]*\)[	 ][	 ]*_\([_A-Za-z][_A-Za-z0-9]*\)$/\1 _\2 \2/p' \> conftest.nm
configure:7603: $? = 0
configure:7657: gcc -o conftest -g -O2   conftest.c conftstm.o >&5
configure:7660: $? = 0
configure:7698: result: ok
configure:7991: checking for dsymutil
configure:8007: found /usr/bin/dsymutil
configure:8018: result: dsymutil
configure:8083: checking for nmedit
configure:8099: found /usr/bin/nmedit
configure:8110: result: nmedit
configure:8175: checking for lipo
configure:8191: found /usr/bin/lipo
configure:8202: result: lipo
configure:8267: checking for otool
configure:8283: found /usr/bin/otool
configure:8294: result: otool
configure:8359: checking for otool64
configure:8389: result: no
configure:8434: checking for -single_module linker flag
gcc -g -O2  -o libconftest.dylib -dynamiclib -Wl,-single_module conftest.c
configure:8461: result: yes
configure:8463: checking for -exported_symbols_list linker flag
configure:8493: gcc -o conftest -g -O2   -Wl,-exported_symbols_list,conftest.sym conftest.c  >&5
configure:8500: $? = 0
configure:8522: result: yes
configure:8563: checking for dlfcn.h
configure:8584: gcc -c -g -O2  conftest.c >&5
configure:8591: $? = 0
configure:8608: result: yes
configure:9091: checking for objdir
configure:9106: result: .libs
configure:9402: checking if gcc supports -fno-rtti -fno-exceptions
configure:9420: gcc -c -g -O2  -fno-rtti -fno-exceptions conftest.c >&5
cc1: warning: command line option "-fno-rtti" is valid for C++/ObjC++ but not for C
configure:9424: $? = 0
configure:9437: result: no
configure:9457: checking for gcc option to produce PIC
configure:9729: result: -fno-common -DPIC
configure:9741: checking if gcc PIC flag -fno-common -DPIC works
configure:9759: gcc -c -g -O2  -fno-common -DPIC -DPIC conftest.c >&5
configure:9763: $? = 0
configure:9776: result: yes
configure:9800: checking if gcc static flag -static works
configure:9828: result: no
configure:9843: checking if gcc supports -c -o file.o
configure:9864: gcc -c -g -O2  -o out/conftest2.o conftest.c >&5
configure:9868: $? = 0
configure:9890: result: yes
configure:9898: checking if gcc supports -c -o file.o
configure:9945: result: yes
configure:9978: checking whether the gcc linker (/usr/llvm-gcc-4.2/libexec/gcc/i686-apple-darwin11/4.2.1/ld) supports shared libraries
configure:11052: result: yes
configure:11291: checking dynamic linker characteristics
configure:11974: result: darwin12.2.0 dyld
configure:12076: checking how to hardcode library paths into programs
configure:12101: result: immediate
configure:12934: checking whether stripping libraries is possible
configure:12948: result: yes
configure:12974: checking if libtool supports shared libraries
configure:12976: result: yes
configure:12979: checking whether to build shared libraries
configure:13000: result: yes
configure:13003: checking whether to build static libraries
configure:13007: result: no
configure:13086: checking for windres
configure:13116: result: no
configure:13324: checking for simple visibility declarations
configure:13356: gcc -c -g -O2 -fvisibility=hidden  conftest.c >&5
configure:13363: $? = 0
configure:13380: result: yes
configure:13413: checking for shared library run path origin
configure:13426: result: done
configure:14008: checking for iconv
configure:14040: gcc -o conftest -g -O2   conftest.c  >&5
Undefined symbols for architecture x86_64:
  "_iconv_open", referenced from:
      _main in ccFlynlQ.o
  "_iconv", referenced from:
      _main in ccFlynlQ.o
  "_iconv_close", referenced from:
      _main in ccFlynlQ.o
ld: symbol(s) not found for architecture x86_64
collect2: ld returned 1 exit status
configure:14047: $? = 1
configure: failed program was:
| /* confdefs.h.  */
| #define PACKAGE_NAME ""
| #define PACKAGE_TARNAME ""
| #define PACKAGE_VERSION ""
| #define PACKAGE_STRING ""
| #define PACKAGE_BUGREPORT ""
| #define PACKAGE "libiconv"
| #define VERSION "1.13.1"
| #define STDC_HEADERS 1
| #define HAVE_SYS_TYPES_H 1
| #define HAVE_SYS_STAT_H 1
| #define HAVE_STDLIB_H 1
| #define HAVE_STRING_H 1
| #define HAVE_MEMORY_H 1
| #define HAVE_STRINGS_H 1
| #define HAVE_INTTYPES_H 1
| #define HAVE_STDINT_H 1
| #define HAVE_UNISTD_H 1
| #define __EXTENSIONS__ 1
| #define _ALL_SOURCE 1
| #define _GNU_SOURCE 1
| #define _POSIX_PTHREAD_SEMANTICS 1
| #define _TANDEM_SOURCE 1
| #define INSTALLPREFIX "/usr/local/Cellar/libiconv/1.13.1"
| #define HAVE_DLFCN_H 1
| #define LT_OBJDIR ".libs/"
| #define HAVE_VISIBILITY 1
| /* end confdefs.h.  */
| #include <stdlib.h>
| #include <iconv.h>
| int
| main ()
| {
| iconv_t cd = iconv_open("","");
|        iconv(cd,NULL,NULL,NULL,NULL);
|        iconv_close(cd);
|   ;
|   return 0;
| }
configure:14093: gcc -o conftest -g -O2   conftest.c  -liconv >&5
configure:14100: $? = 0
configure:14124: result: yes
configure:14127: checking for working iconv
configure:14213: gcc -o conftest -g -O2   conftest.c  -liconv >&5
configure:14217: $? = 0
configure:14223: ./conftest
configure:14227: $? = 0
configure:14246: result: yes
configure:14263: checking how to link with libiconv
configure:14265: result: -liconv
configure:14276: checking for iconv declaration
configure:14315: gcc -c -g -O2  conftest.c >&5
configure:14322: $? = 0
configure:14341: result: 
         extern size_t iconv (iconv_t cd, char * *inbuf, size_t *inbytesleft, char * *outbuf, size_t *outbytesleft);
configure:14352: checking whether NLS is requested
configure:14361: result: yes
configure:14402: checking for msgfmt
configure:14437: result: no
configure:14443: checking for gmsgfmt
configure:14474: result: :
configure:14525: checking for xgettext
configure:14560: result: no
configure:14603: checking for msgmerge
configure:14637: result: no
configure:14674: checking for CFPreferencesCopyAppValue
configure:14702: gcc -o conftest -g -O2   conftest.c  -Wl,-framework -Wl,CoreFoundation >&5
In file included from /System/Library/Frameworks/CoreFoundation.framework/Headers/CFBase.h:146,
                 from /System/Library/Frameworks/CoreFoundation.framework/Headers/CFPreferences.h:8,
                 from conftest.c:31:
/usr/include/MacTypes.h: In function 'Debugger':
/usr/include/MacTypes.h:693: error: expected declaration specifiers before '__AVAILABILITY_INTERNAL__MAC_10_0_DEP__MAC_10_8'
/usr/include/MacTypes.h:705: error: expected '=', ',', ';', 'asm' or '__attribute__' before '__AVAILABILITY_INTERNAL__MAC_10_0_DEP__MAC_10_8'
/usr/include/MacTypes.h:752: error: expected '=', ',', ';', 'asm' or '__attribute__' before '__AVAILABILITY_INTERNAL__MAC_10_0_DEP__MAC_10_8'
/usr/include/MacTypes.h:764: error: expected '=', ',', ';', 'asm' or '__attribute__' before '__AVAILABILITY_INTERNAL__MAC_10_0_DEP__MAC_10_8'
/usr/include/MacTypes.h:776: error: expected '=', ',', ';', 'asm' or '__attribute__' before '__AVAILABILITY_INTERNAL__MAC_10_0_DEP__MAC_10_8'
/usr/include/MacTypes.h:786: error: expected declaration specifiers before '#pragma'
In file included from /System/Library/Frameworks/CoreFoundation.framework/Headers/CFPreferences.h:8,
                 from conftest.c:31:
/System/Library/Frameworks/CoreFoundation.framework/Headers/CFBase.h:405: error: storage class specified for parameter 'CFTypeID'
/System/Library/Frameworks/CoreFoundation.framework/Headers/CFBase.h:406: error: storage class specified for parameter 'CFOptionFlags'
/System/Library/Frameworks/CoreFoundation.framework/Headers/CFBase.h:407: error: storage class specified for parameter 'CFHashCode'
/System/Library/Frameworks/CoreFoundation.framework/Headers/CFBase.h:408: error: storage class specified for parameter 'CFIndex'
/System/Library/Frameworks/CoreFoundation.framework/Headers/CFBase.h:412: error: storage class specified for parameter 'CFTypeRef'
/System/Library/Frameworks/CoreFoundation.framework/Headers/CFBase.h:414: error: storage class specified for parameter 'CFStringRef'
/System/Library/Frameworks/CoreFoundation.framework/Headers/CFBase.h:415: error: storage class specified for parameter 'CFMutableStringRef'
/System/Library/Frameworks/CoreFoundation.framework/Headers/CFBase.h:422: error: expected '=', ',', ';', 'asm' or '__attribute__' before 'CFPropertyListRef'
/System/Library/Frameworks/CoreFoundation.framework/Headers/CFBase.h:425: error: expected '=', ',', ';', 'asm' or '__attribute__' before 'CFComparisonResult'
/System/Library/Frameworks/CoreFoundation.framework/Headers/CFBase.h:432: error: expected declaration specifiers or '...' before '*' token
/System/Library/Frameworks/CoreFoundation.framework/Headers/CFBase.h:432: error: storage class specified for parameter 'CFComparisonResult'
/System/Library/Frameworks/CoreFoundation.framework/Headers/CFBase.h:432: error: 'CFComparisonResult' declared as function returning a function
/System/Library/Frameworks/CoreFoundation.framework/Headers/CFBase.h:443: error: expected specifier-qualifier-list before 'CFIndex'
/System/Library/Frameworks/CoreFoundation.framework/Headers/CFBase.h:445: error: storage class specified for parameter 'CFRange'
/System/Library/Frameworks/CoreFoundation.framework/Headers/CFBase.h:448: error: expected '=', ',', ';', 'asm' or '__attribute__' before 'CFRangeMake'
/System/Library/Frameworks/CoreFoundation.framework/Headers/CFBase.h:460: error: expected '=', ',', ';', 'asm' or '__attribute__' before '__CFRangeMake'
/System/Library/Frameworks/CoreFoundation.framework/Headers/CFBase.h:465: error: storage class specified for parameter 'CFNullRef'
/System/Library/Frameworks/CoreFoundation.framework/Headers/CFBase.h:468: error: expected '=', ',', ';', 'asm' or '__attribute__' before 'CFNullGetTypeID'
/System/Library/Frameworks/CoreFoundation.framework/Headers/CFBase.h:471: error: expected '=', ',', ';', 'asm' or '__attribute__' before 'kCFNull'
/System/Library/Frameworks/CoreFoundation.framework/Headers/CFBase.h:483: error: storage class specified for parameter 'CFAllocatorRef'
/System/Library/Frameworks/CoreFoundation.framework/Headers/CFBase.h:487: error: expected '=', ',', ';', 'asm' or '__attribute__' before 'kCFAllocatorDefault'
/System/Library/Frameworks/CoreFoundation.framework/Headers/CFBase.h:491: error: expected '=', ',', ';', 'asm' or '__attribute__' before 'kCFAllocatorSystemDefault'
/System/Library/Frameworks/CoreFoundation.framework/Headers/CFBase.h:500: error: expected '=', ',', ';', 'asm' or '__attribute__' before 'kCFAllocatorMalloc'
/System/Library/Frameworks/CoreFoundation.framework/Headers/CFBase.h:507: error: expected '=', ',', ';', 'asm' or '__attribute__' before 'kCFAllocatorMallocZone'
/System/Library/Frameworks/CoreFoundation.framework/Headers/CFBase.h:514: error: expected '=', ',', ';', 'asm' or '__attribute__' before 'kCFAllocatorNull'
/System/Library/Frameworks/CoreFoundation.framework/Headers/CFBase.h:521: error: expected '=', ',', ';', 'asm' or '__attribute__' before 'kCFAllocatorUseContext'
/System/Library/Frameworks/CoreFoundation.framework/Headers/CFBase.h:523: error: storage class specified for parameter 'CFAllocatorRetainCallBack'
/System/Library/Frameworks/CoreFoundation.framework/Headers/CFBase.h:524: error: storage class specified for parameter 'CFAllocatorReleaseCallBack'
/System/Library/Frameworks/CoreFoundation.framework/Headers/CFBase.h:525: error: expected declaration specifiers or '...' before '*' token
/System/Library/Frameworks/CoreFoundation.framework/Headers/CFBase.h:525: error: storage class specified for parameter 'CFStringRef'
/System/Library/Frameworks/CoreFoundation.framework/Headers/CFBase.h:525: error: 'CFStringRef' declared as function returning a function
/System/Library/Frameworks/CoreFoundation.framework/Headers/CFBase.h:525: error: conflicting types for 'CFStringRef'
/System/Library/Frameworks/CoreFoundation.framework/Headers/CFBase.h:414: error: previous definition of 'CFStringRef' was here
/System/Library/Frameworks/CoreFoundation.framework/Headers/CFBase.h:526: error: expected ')' before 'allocSize'
/System/Library/Frameworks/CoreFoundation.framework/Headers/CFBase.h:527: error: expected declaration specifiers or '...' before 'CFIndex'
/System/Library/Frameworks/CoreFoundation.framework/Headers/CFBase.h:527: error: expected declaration specifiers or '...' before 'CFOptionFlags'
/System/Library/Frameworks/CoreFoundation.framework/Headers/CFBase.h:527: error: storage class specified for parameter 'CFAllocatorReallocateCallBack'
/System/Library/Frameworks/CoreFoundation.framework/Headers/CFBase.h:528: error: storage class specified for parameter 'CFAllocatorDeallocateCallBack'
/System/Library/Frameworks/CoreFoundation.framework/Headers/CFBase.h:529: error: expected declaration specifiers or '...' before '*' token
/System/Library/Frameworks/CoreFoundation.framework/Headers/CFBase.h:529: error: expected ')' before 'size'
/System/Library/Frameworks/CoreFoundation.framework/Headers/CFBase.h:531: error: expected specifier-qualifier-list before 'CFIndex'
/System/Library/Frameworks/CoreFoundation.framework/Headers/CFBase.h:540: error: storage class specified for parameter 'CFAllocatorContext'
/System/Library/Frameworks/CoreFoundation.framework/Headers/CFBase.h:543: error: expected '=', ',', ';', 'asm' or '__attribute__' before 'CFAllocatorGetTypeID'
/System/Library/Frameworks/CoreFoundation.framework/Headers/CFBase.h:569: error: expected ')' before 'allocator'
/System/Library/Frameworks/CoreFoundation.framework/Headers/CFBase.h:572: error: expected '=', ',', ';', 'asm' or '__attribute__' before 'CFAllocatorGetDefault'
/System/Library/Frameworks/CoreFoundation.framework/Headers/CFBase.h:575: error: expected '=', ',', ';', 'asm' or '__attribute__' before 'CFAllocatorCreate'
/System/Library/Frameworks/CoreFoundation.framework/Headers/CFBase.h:578: error: expected ')' before 'allocator'
/System/Library/Frameworks/CoreFoundation.framework/Headers/CFBase.h:581: error: expected ')' before 'allocator'
/System/Library/Frameworks/CoreFoundation.framework/Headers/CFBase.h:584: error: expected ')' before 'allocator'
/System/Library/Frameworks/CoreFoundation.framework/Headers/CFBase.h:587: error: expected '=', ',', ';', 'asm' or '__attribute__' before 'CFAllocatorGetPreferredSizeForSize'
/System/Library/Frameworks/CoreFoundation.framework/Headers/CFBase.h:590: error: expected ')' before 'allocator'
/System/Library/Frameworks/CoreFoundation.framework/Headers/CFBase.h:596: error: expected '=', ',', ';', 'asm' or '__attribute__' before 'CFGetTypeID'
/System/Library/Frameworks/CoreFoundation.framework/Headers/CFBase.h:599: error: expected '=', ',', ';', 'asm' or '__attribute__' before 'CFCopyTypeIDDescription'
/System/Library/Frameworks/CoreFoundation.framework/Headers/CFBase.h:602: error: expected '=', ',', ';', 'asm' or '__attribute__' before 'CFRetain'
/System/Library/Frameworks/CoreFoundation.framework/Headers/CFBase.h:605: error: expected ')' before 'cf'
/System/Library/Frameworks/CoreFoundation.framework/Headers/CFBase.h:608: error: expected '=', ',', ';', 'asm' or '__attribute__' before 'CFGetRetainCount'
/System/Library/Frameworks/CoreFoundation.framework/Headers/CFBase.h:612: error: expected '=', ',', ';', 'asm' or '__attribute__' before 'CFMakeCollectable'
/System/Library/Frameworks/CoreFoundation.framework/Headers/CFBase.h:615: error: expected ')' before 'cf1'
/System/Library/Frameworks/CoreFoundation.framework/Headers/CFBase.h:618: error: expected '=', ',', ';', 'asm' or '__attribute__' before 'CFHash'
/System/Library/Frameworks/CoreFoundation.framework/Headers/CFBase.h:621: error: expected '=', ',', ';', 'asm' or '__attribute__' before 'CFCopyDescription'
/System/Library/Frameworks/CoreFoundation.framework/Headers/CFBase.h:624: error: expected '=', ',', ';', 'asm' or '__attribute__' before 'CFGetAllocator'
In file included from /System/Library/Frameworks/CoreFoundation.framework/Headers/CFPreferences.h:9,
                 from conftest.c:31:
/System/Library/Frameworks/CoreFoundation.framework/Headers/CFArray.h:74: error: expected ')' before 'allocator'
/System/Library/Frameworks/CoreFoundation.framework/Headers/CFArray.h:75: error: expected ')' before 'allocator'
/System/Library/Frameworks/CoreFoundation.framework/Headers/CFArray.h:76: error: expected declaration specifiers or '...' before '*' token
/System/Library/Frameworks/CoreFoundation.framework/Headers/CFArray.h:76: error: storage class specified for parameter 'CFStringRef'
/System/Library/Frameworks/CoreFoundation.framework/Headers/CFArray.h:76: error: 'CFStringRef' declared as function returning a function
/System/Library/Frameworks/CoreFoundation.framework/Headers/CFArray.h:76: error: redefinition of parameter 'CFStringRef'
/System/Library/Frameworks/CoreFoundation.framework/Headers/CFBase.h:525: error: previous definition of 'CFStringRef' was here
/System/Library/Frameworks/CoreFoundation.framework/Headers/CFArray.h:77: error: storage class specified for parameter 'CFArrayEqualCallBack'
/System/Library/Frameworks/CoreFoundation.framework/Headers/CFArray.h:79: error: expected specifier-qualifier-list before 'CFIndex'
/System/Library/Frameworks/CoreFoundation.framework/Headers/CFArray.h:84: error: storage class specified for parameter 'CFArrayCallBacks'
/System/Library/Frameworks/CoreFoundation.framework/Headers/CFArray.h:92: error: expected '=', ',', ';', 'asm' or '__attribute__' before 'kCFTypeArrayCallBacks'
/System/Library/Frameworks/CoreFoundation.framework/Headers/CFArray.h:102: error: storage class specified for parameter 'CFArrayApplierFunction'
/System/Library/Frameworks/CoreFoundation.framework/Headers/CFArray.h:108: error: storage class specified for parameter 'CFArrayRef'
/System/Library/Frameworks/CoreFoundation.framework/Headers/CFArray.h:114: error: storage class specified for parameter 'CFMutableArrayRef'
/System/Library/Frameworks/CoreFoundation.framework/Headers/CFArray.h:121: error: expected '=', ',', ';', 'asm' or '__attribute__' before 'CFArrayGetTypeID'
/System/Library/Frameworks/CoreFoundation.framework/Headers/CFArray.h:174: error: expected '=', ',', ';', 'asm' or '__attribute__' before 'CFArrayCreate'
/System/Library/Frameworks/CoreFoundation.framework/Headers/CFArray.h:195: error: expected '=', ',', ';', 'asm' or '__attribute__' before 'CFArrayCreateCopy'
/System/Library/Frameworks/CoreFoundation.framework/Headers/CFArray.h:239: error: expected '=', ',', ';', 'asm' or '__attribute__' before 'CFArrayCreateMutable'
/System/Library/Frameworks/CoreFoundation.framework/Headers/CFArray.h:269: error: expected '=', ',', ';', 'asm' or '__attribute__' before 'CFArrayCreateMutableCopy'
/System/Library/Frameworks/CoreFoundation.framework/Headers/CFArray.h:279: error: expected '=', ',', ';', 'asm' or '__attribute__' before 'CFArrayGetCount'
/System/Library/Frameworks/CoreFoundation.framework/Headers/CFArray.h:302: error: expected '=', ',', ';', 'asm' or '__attribute__' before 'CFArrayGetCountOfValue'
/System/Library/Frameworks/CoreFoundation.framework/Headers/CFArray.h:325: error: expected ')' before 'theArray'
/System/Library/Frameworks/CoreFoundation.framework/Headers/CFArray.h:339: error: expected ')' before 'theArray'
/System/Library/Frameworks/CoreFoundation.framework/Headers/CFArray.h:360: error: expected ')' before 'theArray'
/System/Library/Frameworks/CoreFoundation.framework/Headers/CFArray.h:387: error: expected ')' before 'theArray'
/System/Library/Frameworks/CoreFoundation.framework/Headers/CFArray.h:412: error: expected '=', ',', ';', 'asm' or '__attribute__' before 'CFArrayGetFirstIndexOfValue'
/System/Library/Frameworks/CoreFoundation.framework/Headers/CFArray.h:437: error: expected '=', ',', ';', 'asm' or '__attribute__' before 'CFArrayGetLastIndexOfValue'
/System/Library/Frameworks/CoreFoundation.framework/Headers/CFArray.h:476: error: expected '=', ',', ';', 'asm' or '__attribute__' before 'CFArrayBSearchValues'
/System/Library/Frameworks/CoreFoundation.framework/Headers/CFArray.h:492: error: expected ')' before 'theArray'
/System/Library/Frameworks/CoreFoundation.framework/Headers/CFArray.h:513: error: expected ')' before 'theArray'
/System/Library/Frameworks/CoreFoundation.framework/Headers/CFArray.h:534: error: expected ')' before 'theArray'
/System/Library/Frameworks/CoreFoundation.framework/Headers/CFArray.h:548: error: expected ')' before 'theArray'
/System/Library/Frameworks/CoreFoundation.framework/Headers/CFArray.h:558: error: expected ')' before 'theArray'
/System/Library/Frameworks/CoreFoundation.framework/Headers/CFArray.h:592: error: expected ')' before 'theArray'
/System/Library/Frameworks/CoreFoundation.framework/Headers/CFArray.h:610: error: expected ')' before 'theArray'
/System/Library/Frameworks/CoreFoundation.framework/Headers/CFArray.h:640: error: expected ')' before 'theArray'
/System/Library/Frameworks/CoreFoundation.framework/Headers/CFArray.h:667: error: expected ')' before 'theArray'
In file included from /System/Library/Frameworks/CoreFoundation.framework/Headers/CFString.h:10,
                 from /System/Library/Frameworks/CoreFoundation.framework/Headers/CFPreferences.h:10,
                 from conftest.c:31:
/System/Library/Frameworks/CoreFoundation.framework/Headers/CFData.h:13: error: storage class specified for parameter 'CFDataRef'
/System/Library/Frameworks/CoreFoundation.framework/Headers/CFData.h:14: error: storage class specified for parameter 'CFMutableDataRef'
/System/Library/Frameworks/CoreFoundation.framework/Headers/CFData.h:17: error: expected '=', ',', ';', 'asm' or '__attribute__' before 'CFDataGetTypeID'
/System/Library/Frameworks/CoreFoundation.framework/Headers/CFData.h:20: error: expected '=', ',', ';', 'asm' or '__attribute__' before 'CFDataCreate'
/System/Library/Frameworks/CoreFoundation.framework/Headers/CFData.h:23: error: expected '=', ',', ';', 'asm' or '__attribute__' before 'CFDataCreateWithBytesNoCopy'
/System/Library/Frameworks/CoreFoundation.framework/Headers/CFData.h:27: error: expected '=', ',', ';', 'asm' or '__attribute__' before 'CFDataCreateCopy'
/System/Library/Frameworks/CoreFoundation.framework/Headers/CFData.h:30: error: expected '=', ',', ';', 'asm' or '__attribute__' before 'CFDataCreateMutable'
/System/Library/Frameworks/CoreFoundation.framework/Headers/CFData.h:33: error: expected '=', ',', ';', 'asm' or '__attribute__' before 'CFDataCreateMutableCopy'
/System/Library/Frameworks/CoreFoundation.framework/Headers/CFData.h:36: error: expected '=', ',', ';', 'asm' or '__attribute__' before 'CFDataGetLength'
/System/Library/Frameworks/CoreFoundation.framework/Headers/CFData.h:39: error: expected ')' before 'theData'
/System/Library/Frameworks/CoreFoundation.framework/Headers/CFData.h:42: error: expected ')' before 'theData'
/System/Library/Frameworks/CoreFoundation.framework/Headers/CFData.h:45: error: expected ')' before 'theData'
/System/Library/Frameworks/CoreFoundation.framework/Headers/CFData.h:48: error: expected ')' before 'theData'
/System/Library/Frameworks/CoreFoundation.framework/Headers/CFData.h:51: error: expected ')' before 'theData'
/System/Library/Frameworks/CoreFoundation.framework/Headers/CFData.h:54: error: expected ')' before 'theData'
/System/Library/Frameworks/CoreFoundation.framework/Headers/CFData.h:57: error: expected ')' before 'theData'
/System/Library/Frameworks/CoreFoundation.framework/Headers/CFData.h:60: error: expected ')' before 'theData'
/System/Library/Frameworks/CoreFoundation.framework/Headers/CFData.h:62: error: expected '=', ',', ';', 'asm' or '__attribute__' before 'CFDataSearchFlags'
/System/Library/Frameworks/CoreFoundation.framework/Headers/CFData.h:68: error: expected '=', ',', ';', 'asm' or '__attribute__' before 'CFDataFind'
In file included from /System/Library/Frameworks/CoreFoundation.framework/Headers/CFString.h:11,
                 from /System/Library/Frameworks/CoreFoundation.framework/Headers/CFPreferences.h:10,
                 from conftest.c:31:
/System/Library/Frameworks/CoreFoundation.framework/Headers/CFDictionary.h:92: error: expected ')' before 'allocator'
/System/Library/Frameworks/CoreFoundation.framework/Headers/CFDictionary.h:93: error: expected ')' before 'allocator'
/System/Library/Frameworks/CoreFoundation.framework/Headers/CFDictionary.h:94: error: expected declaration specifiers or '...' before '*' token
/System/Library/Frameworks/CoreFoundation.framework/Headers/CFDictionary.h:94: error: storage class specified for parameter 'CFStringRef'
/System/Library/Frameworks/CoreFoundation.framework/Headers/CFDictionary.h:94: error: 'CFStringRef' declared as function returning a function
/System/Library/Frameworks/CoreFoundation.framework/Headers/CFDictionary.h:94: error: redefinition of parameter 'CFStringRef'
/System/Library/Frameworks/CoreFoundation.framework/Headers/CFArray.h:76: error: previous definition of 'CFStringRef' was here
/System/Library/Frameworks/CoreFoundation.framework/Headers/CFDictionary.h:95: error: storage class specified for parameter 'CFDictionaryEqualCallBack'
/System/Library/Frameworks/CoreFoundation.framework/Headers/CFDictionary.h:96: error: expected declaration specifiers or '...' before '*' token
/System/Library/Frameworks/CoreFoundation.framework/Headers/CFDictionary.h:96: error: storage class specified for parameter 'CFHashCode'
/System/Library/Frameworks/CoreFoundation.framework/Headers/CFDictionary.h:96: error: 'CFHashCode' declared as function returning a function
/System/Library/Frameworks/CoreFoundation.framework/Headers/CFDictionary.h:96: error: conflicting types for 'CFHashCode'
/System/Library/Frameworks/CoreFoundation.framework/Headers/CFBase.h:407: error: previous definition of 'CFHashCode' was here
/System/Library/Frameworks/CoreFoundation.framework/Headers/CFDictionary.h:98: error: expected specifier-qualifier-list before 'CFIndex'
/System/Library/Frameworks/CoreFoundation.framework/Headers/CFDictionary.h:104: error: storage class specified for parameter 'CFDictionaryKeyCallBacks'
/System/Library/Frameworks/CoreFoundation.framework/Headers/CFDictionary.h:113: error: expected '=', ',', ';', 'asm' or '__attribute__' before 'kCFTypeDictionaryKeyCallBacks'
/System/Library/Frameworks/CoreFoundation.framework/Headers/CFDictionary.h:124: error: expected '=', ',', ';', 'asm' or '__attribute__' before 'kCFCopyStringDictionaryKeyCallBacks'
/System/Library/Frameworks/CoreFoundation.framework/Headers/CFDictionary.h:150: error: expected specifier-qualifier-list before 'CFIndex'
/System/Library/Frameworks/CoreFoundation.framework/Headers/CFDictionary.h:155: error: storage class specified for parameter 'CFDictionaryValueCallBacks'
/System/Library/Frameworks/CoreFoundation.framework/Headers/CFDictionary.h:164: error: expected '=', ',', ';', 'asm' or '__attribute__' before 'kCFTypeDictionaryValueCallBacks'
/System/Library/Frameworks/CoreFoundation.framework/Headers/CFDictionary.h:175: error: storage class specified for parameter 'CFDictionaryApplierFunction'
/System/Library/Frameworks/CoreFoundation.framework/Headers/CFDictionary.h:181: error: storage class specified for parameter 'CFDictionaryRef'
/System/Library/Frameworks/CoreFoundation.framework/Headers/CFDictionary.h:187: error: storage class specified for parameter 'CFMutableDictionaryRef'
/System/Library/Frameworks/CoreFoundation.framework/Headers/CFDictionary.h:194: error: expected '=', ',', ';', 'asm' or '__attribute__' before 'CFDictionaryGetTypeID'
/System/Library/Frameworks/CoreFoundation.framework/Headers/CFDictionary.h:279: error: expected '=', ',', ';', 'asm' or '__attribute__' before 'CFDictionaryCreate'
/System/Library/Frameworks/CoreFoundation.framework/Headers/CFDictionary.h:303: error: expected '=', ',', ';', 'asm' or '__attribute__' before 'CFDictionaryCreateCopy'
/System/Library/Frameworks/CoreFoundation.framework/Headers/CFDictionary.h:375: error: expected '=', ',', ';', 'asm' or '__attribute__' before 'CFDictionaryCreateMutable'
/System/Library/Frameworks/CoreFoundation.framework/Headers/CFDictionary.h:408: error: expected '=', ',', ';', 'asm' or '__attribute__' before 'CFDictionaryCreateMutableCopy'
/System/Library/Frameworks/CoreFoundation.framework/Headers/CFDictionary.h:418: error: expected '=', ',', ';', 'asm' or '__attribute__' before 'CFDictionaryGetCount'
/System/Library/Frameworks/CoreFoundation.framework/Headers/CFDictionary.h:437: error: expected '=', ',', ';', 'asm' or '__attribute__' before 'CFDictionaryGetCountOfKey'
/System/Library/Frameworks/CoreFoundation.framework/Headers/CFDictionary.h:453: error: expected '=', ',', ';', 'asm' or '__attribute__' before 'CFDictionaryGetCountOfValue'
/System/Library/Frameworks/CoreFoundation.framework/Headers/CFDictionary.h:471: error: expected ')' before 'theDict'
/System/Library/Frameworks/CoreFoundation.framework/Headers/CFDictionary.h:487: error: expected ')' before 'theDict'
/System/Library/Frameworks/CoreFoundation.framework/Headers/CFDictionary.h:509: error: expected ')' before 'theDict'
/System/Library/Frameworks/CoreFoundation.framework/Headers/CFDictionary.h:534: error: expected ')' before 'theDict'
/System/Library/Frameworks/CoreFoundation.framework/Headers/CFDictionary.h:557: error: expected ')' before 'theDict'
/System/Library/Frameworks/CoreFoundation.framework/Headers/CFDictionary.h:577: error: expected ')' before 'theDict'
/System/Library/Frameworks/CoreFoundation.framework/Headers/CFDictionary.h:597: error: expected ')' before 'theDict'
/System/Library/Frameworks/CoreFoundation.framework/Headers/CFDictionary.h:620: error: expected ')' before 'theDict'
/System/Library/Frameworks/CoreFoundation.framework/Headers/CFDictionary.h:639: error: expected ')' before 'theDict'
/System/Library/Frameworks/CoreFoundation.framework/Headers/CFDictionary.h:653: error: expected ')' before 'theDict'
/System/Library/Frameworks/CoreFoundation.framework/Headers/CFDictionary.h:663: error: expected ')' before 'theDict'
In file included from /System/Library/Frameworks/CoreFoundation.framework/Headers/CFString.h:12,
                 from /System/Library/Frameworks/CoreFoundation.framework/Headers/CFPreferences.h:10,
                 from conftest.c:31:
/System/Library/Frameworks/CoreFoundation.framework/Headers/CFCharacterSet.h:44: error: storage class specified for parameter 'CFCharacterSetRef'
/System/Library/Frameworks/CoreFoundation.framework/Headers/CFCharacterSet.h:50: error: storage class specified for parameter 'CFMutableCharacterSetRef'
/System/Library/Frameworks/CoreFoundation.framework/Headers/CFCharacterSet.h:57: error: expected '=', ',', ';', 'asm' or '__attribute__' before 'CFCharacterSetPredefinedSet'
/System/Library/Frameworks/CoreFoundation.framework/Headers/CFCharacterSet.h:80: error: expected '=', ',', ';', 'asm' or '__attribute__' before 'CFCharacterSetGetTypeID'
/System/Library/Frameworks/CoreFoundation.framework/Headers/CFCharacterSet.h:93: error: expected '=', ',', ';', 'asm' or '__attribute__' before 'CFCharacterSetGetPredefined'
/System/Library/Frameworks/CoreFoundation.framework/Headers/CFCharacterSet.h:112: error: expected '=', ',', ';', 'asm' or '__attribute__' before 'CFCharacterSetCreateWithCharactersInRange'
/System/Library/Frameworks/CoreFoundation.framework/Headers/CFCharacterSet.h:129: error: expected '=', ',', ';', 'asm' or '__attribute__' before 'CFCharacterSetCreateWithCharactersInString'
/System/Library/Frameworks/CoreFoundation.framework/Headers/CFCharacterSet.h:157: error: expected '=', ',', ';', 'asm' or '__attribute__' before 'CFCharacterSetCreateWithBitmapRepresentation'
/System/Library/Frameworks/CoreFoundation.framework/Headers/CFCharacterSet.h:172: error: expected '=', ',', ';', 'asm' or '__attribute__' before 'CFCharacterSetCreateInvertedSet'
/System/Library/Frameworks/CoreFoundation.framework/Headers/CFCharacterSet.h:182: error: expected ')' before 'theSet'
/System/Library/Frameworks/CoreFoundation.framework/Headers/CFCharacterSet.h:193: error: expected ')' before 'theSet'
/System/Library/Frameworks/CoreFoundation.framework/Headers/CFCharacterSet.h:206: error: expected '=', ',', ';', 'asm' or '__attribute__' before 'CFCharacterSetCreateMutable'
/System/Library/Frameworks/CoreFoundation.framework/Headers/CFCharacterSet.h:222: error: expected '=', ',', ';', 'asm' or '__attribute__' before 'CFCharacterSetCreateCopy'
/System/Library/Frameworks/CoreFoundation.framework/Headers/CFCharacterSet.h:238: error: expected '=', ',', ';', 'asm' or '__attribute__' before 'CFCharacterSetCreateMutableCopy'
/System/Library/Frameworks/CoreFoundation.framework/Headers/CFCharacterSet.h:252: error: expected ')' before 'theSet'
/System/Library/Frameworks/CoreFoundation.framework/Headers/CFCharacterSet.h:263: error: expected ')' before 'theSet'
/System/Library/Frameworks/CoreFoundation.framework/Headers/CFCharacterSet.h:282: error: expected '=', ',', ';', 'asm' or '__attribute__' before 'CFCharacterSetCreateBitmapRepresentation'
/System/Library/Frameworks/CoreFoundation.framework/Headers/CFCharacterSet.h:297: error: expected ')' before 'theSet'
/System/Library/Frameworks/CoreFoundation.framework/Headers/CFCharacterSet.h:312: error: expected ')' before 'theSet'
/System/Library/Frameworks/CoreFoundation.framework/Headers/CFCharacterSet.h:325: error: expected ')' before 'theSet'
/System/Library/Frameworks/CoreFoundation.framework/Headers/CFCharacterSet.h:338: error: expected ')' before 'theSet'
/System/Library/Frameworks/CoreFoundation.framework/Headers/CFCharacterSet.h:352: error: expected ')' before 'theSet'
/System/Library/Frameworks/CoreFoundation.framework/Headers/CFCharacterSet.h:366: error: expected ')' before 'theSet'
/System/Library/Frameworks/CoreFoundation.framework/Headers/CFCharacterSet.h:376: error: expected ')' before 'theSet'
In file included from /System/Library/Frameworks/CoreFoundation.framework/Headers/CFString.h:13,
                 from /System/Library/Frameworks/CoreFoundation.framework/Headers/CFPreferences.h:10,
                 from conftest.c:31:
/System/Library/Frameworks/CoreFoundation.framework/Headers/CFLocale.h:15: error: storage class specified for parameter 'CFLocaleRef'
/System/Library/Frameworks/CoreFoundation.framework/Headers/CFLocale.h:18: error: expected '=', ',', ';', 'asm' or '__attribute__' before 'CFLocaleGetTypeID'
/System/Library/Frameworks/CoreFoundation.framework/Headers/CFLocale.h:21: error: expected '=', ',', ';', 'asm' or '__attribute__' before 'CFLocaleGetSystem'
/System/Library/Frameworks/CoreFoundation.framework/Headers/CFLocale.h:25: error: expected '=', ',', ';', 'asm' or '__attribute__' before 'CFLocaleCopyCurrent'
/System/Library/Frameworks/CoreFoundation.framework/Headers/CFLocale.h:36: error: expected '=', ',', ';', 'asm' or '__attribute__' before 'CFLocaleCopyAvailableLocaleIdentifiers'
/System/Library/Frameworks/CoreFoundation.framework/Headers/CFLocale.h:41: error: expected '=', ',', ';', 'asm' or '__attribute__' before 'CFLocaleCopyISOLanguageCodes'
/System/Library/Frameworks/CoreFoundation.framework/Headers/CFLocale.h:47: error: expected '=', ',', ';', 'asm' or '__attribute__' before 'CFLocaleCopyISOCountryCodes'
/System/Library/Frameworks/CoreFoundation.framework/Headers/CFLocale.h:53: error: expected '=', ',', ';', 'asm' or '__attribute__' before 'CFLocaleCopyISOCurrencyCodes'
/System/Library/Frameworks/CoreFoundation.framework/Headers/CFLocale.h:59: error: expected '=', ',', ';', 'asm' or '__attribute__' before 'CFLocaleCopyCommonISOCurrencyCodes'
/System/Library/Frameworks/CoreFoundation.framework/Headers/CFLocale.h:64: error: expected '=', ',', ';', 'asm' or '__attribute__' before 'CFLocaleCopyPreferredLanguages'
/System/Library/Frameworks/CoreFoundation.framework/Headers/CFLocale.h:68: error: expected '=', ',', ';', 'asm' or '__attribute__' before 'CFLocaleCreateCanonicalLanguageIdentifierFromString'
/System/Library/Frameworks/CoreFoundation.framework/Headers/CFLocale.h:73: error: expected '=', ',', ';', 'asm' or '__attribute__' before 'CFLocaleCreateCanonicalLocaleIdentifierFromString'
/System/Library/Frameworks/CoreFoundation.framework/Headers/CFLocale.h:78: error: expected '=', ',', ';', 'asm' or '__attribute__' before 'CFLocaleCreateCanonicalLocaleIdentifierFromScriptManagerCodes'
/System/Library/Frameworks/CoreFoundation.framework/Headers/CFLocale.h:82: error: expected '=', ',', ';', 'asm' or '__attribute__' before 'CFLocaleCreateLocaleIdentifierFromWindowsLocaleCode'
/System/Library/Frameworks/CoreFoundation.framework/Headers/CFLocale.h:86: error: expected ')' before 'localeIdentifier'
/System/Library/Frameworks/CoreFoundation.framework/Headers/CFLocale.h:89: error: expected '=', ',', ';', 'asm' or '__attribute__' before 'CFLocaleLanguageDirection'
/System/Library/Frameworks/CoreFoundation.framework/Headers/CFLocale.h:98: error: expected '=', ',', ';', 'asm' or '__attribute__' before 'CFLocaleGetLanguageCharacterDirection'
/System/Library/Frameworks/CoreFoundation.framework/Headers/CFLocale.h:101: error: expected '=', ',', ';', 'asm' or '__attribute__' before 'CFLocaleGetLanguageLineDirection'
/System/Library/Frameworks/CoreFoundation.framework/Headers/CFLocale.h:104: error: expected '=', ',', ';', 'asm' or '__attribute__' before 'CFLocaleCreateComponentsFromLocaleIdentifier'
/System/Library/Frameworks/CoreFoundation.framework/Headers/CFLocale.h:114: error: expected '=', ',', ';', 'asm' or '__attribute__' before 'CFLocaleCreateLocaleIdentifierFromComponents'
/System/Library/Frameworks/CoreFoundation.framework/Headers/CFLocale.h:122: error: expected '=', ',', ';', 'asm' or '__attribute__' before 'CFLocaleCreate'
/System/Library/Frameworks/CoreFoundation.framework/Headers/CFLocale.h:126: error: expected '=', ',', ';', 'asm' or '__attribute__' before 'CFLocaleCreateCopy'
/System/Library/Frameworks/CoreFoundation.framework/Headers/CFLocale.h:132: error: expected '=', ',', ';', 'asm' or '__attribute__' before 'CFLocaleGetIdentifier'
/System/Library/Frameworks/CoreFoundation.framework/Headers/CFLocale.h:137: error: expected '=', ',', ';', 'asm' or '__attribute__' before 'CFLocaleGetValue'
/System/Library/Frameworks/CoreFoundation.framework/Headers/CFLocale.h:142: error: expected '=', ',', ';', 'asm' or '__attribute__' before 'CFLocaleCopyDisplayNameForPropertyValue'
/System/Library/Frameworks/CoreFoundation.framework/Headers/CFLocale.h:148: error: expected '=', ',', ';', 'asm' or '__attribute__' before 'kCFLocaleCurrentLocaleDidChangeNotification'
/System/Library/Frameworks/CoreFoundation.framework/Headers/CFLocale.h:152: error: expected '=', ',', ';', 'asm' or '__attribute__' before 'kCFLocaleIdentifier'
/System/Library/Frameworks/CoreFoundation.framework/Headers/CFLocale.h:153: error: expected '=', ',', ';', 'asm' or '__attribute__' before 'kCFLocaleLanguageCode'
/System/Library/Frameworks/CoreFoundation.framework/Headers/CFLocale.h:154: error: expected '=', ',', ';', 'asm' or '__attribute__' before 'kCFLocaleCountryCode'
/System/Library/Frameworks/CoreFoundation.framework/Headers/CFLocale.h:155: error: expected '=', ',', ';', 'asm' or '__attribute__' before 'kCFLocaleScriptCode'
/System/Library/Frameworks/CoreFoundation.framework/Headers/CFLocale.h:156: error: expected '=', ',', ';', 'asm' or '__attribute__' before 'kCFLocaleVariantCode'
/System/Library/Frameworks/CoreFoundation.framework/Headers/CFLocale.h:158: error: expected '=', ',', ';', 'asm' or '__attribute__' before 'kCFLocaleExemplarCharacterSet'
/System/Library/Frameworks/CoreFoundation.framework/Headers/CFLocale.h:159: error: expected '=', ',', ';', 'asm' or '__attribute__' before 'kCFLocaleCalendarIdentifier'
/System/Library/Frameworks/CoreFoundation.framework/Headers/CFLocale.h:160: error: expected '=', ',', ';', 'asm' or '__attribute__' before 'kCFLocaleCalendar'
/System/Library/Frameworks/CoreFoundation.framework/Headers/CFLocale.h:161: error: expected '=', ',', ';', 'asm' or '__attribute__' before 'kCFLocaleCollationIdentifier'
/System/Library/Frameworks/CoreFoundation.framework/Headers/CFLocale.h:162: error: expected '=', ',', ';', 'asm' or '__attribute__' before 'kCFLocaleUsesMetricSystem'
/System/Library/Frameworks/CoreFoundation.framework/Headers/CFLocale.h:163: error: expected '=', ',', ';', 'asm' or '__attribute__' before 'kCFLocaleMeasurementSystem'
/System/Library/Frameworks/CoreFoundation.framework/Headers/CFLocale.h:164: error: expected '=', ',', ';', 'asm' or '__attribute__' before 'kCFLocaleDecimalSeparator'
/System/Library/Frameworks/CoreFoundation.framework/Headers/CFLocale.h:165: error: expected '=', ',', ';', 'asm' or '__attribute__' before 'kCFLocaleGroupingSeparator'
/System/Library/Frameworks/CoreFoundation.framework/Headers/CFLocale.h:166: error: expected '=', ',', ';', 'asm' or '__attribute__' before 'kCFLocaleCurrencySymbol'
/System/Library/Frameworks/CoreFoundation.framework/Headers/CFLocale.h:167: error: expected '=', ',', ';', 'asm' or '__attribute__' before 'kCFLocaleCurrencyCode'
/System/Library/Frameworks/CoreFoundation.framework/Headers/CFLocale.h:168: error: expected '=', ',', ';', 'asm' or '__attribute__' before 'kCFLocaleCollatorIdentifier'
/System/Library/Frameworks/CoreFoundation.framework/Headers/CFLocale.h:169: error: expected '=', ',', ';', 'asm' or '__attribute__' before 'kCFLocaleQuotationBeginDelimiterKey'
/System/Library/Frameworks/CoreFoundation.framework/Headers/CFLocale.h:170: error: expected '=', ',', ';', 'asm' or '__attribute__' before 'kCFLocaleQuotationEndDelimiterKey'
/System/Library/Frameworks/CoreFoundation.framework/Headers/CFLocale.h:171: error: expected '=', ',', ';', 'asm' or '__attribute__' before 'kCFLocaleAlternateQuotationBeginDelimiterKey'
/System/Library/Frameworks/CoreFoundation.framework/Headers/CFLocale.h:172: error: expected '=', ',', ';', 'asm' or '__attribute__' before 'kCFLocaleAlternateQuotationEndDelimiterKey'
/System/Library/Frameworks/CoreFoundation.framework/Headers/CFLocale.h:175: error: expected '=', ',', ';', 'asm' or '__attribute__' before 'kCFGregorianCalendar'
/System/Library/Frameworks/CoreFoundation.framework/Headers/CFLocale.h:176: error: expected '=', ',', ';', 'asm' or '__attribute__' before 'kCFBuddhistCalendar'
/System/Library/Frameworks/CoreFoundation.framework/Headers/CFLocale.h:177: error: expected '=', ',', ';', 'asm' or '__attribute__' before 'kCFChineseCalendar'
/System/Library/Frameworks/CoreFoundation.framework/Headers/CFLocale.h:178: error: expected '=', ',', ';', 'asm' or '__attribute__' before 'kCFHebrewCalendar'
/System/Library/Frameworks/CoreFoundation.framework/Headers/CFLocale.h:179: error: expected '=', ',', ';', 'asm' or '__attribute__' before 'kCFIslamicCalendar'
/System/Library/Frameworks/CoreFoundation.framework/Headers/CFLocale.h:180: error: expected '=', ',', ';', 'asm' or '__attribute__' before 'kCFIslamicCivilCalendar'
/System/Library/Frameworks/CoreFoundation.framework/Headers/CFLocale.h:181: error: expected '=', ',', ';', 'asm' or '__attribute__' before 'kCFJapaneseCalendar'
/System/Library/Frameworks/CoreFoundation.framework/Headers/CFLocale.h:182: error: expected '=', ',', ';', 'asm' or '__attribute__' before 'kCFRepublicOfChinaCalendar'
/System/Library/Frameworks/CoreFoundation.framework/Headers/CFLocale.h:183: error: expected '=', ',', ';', 'asm' or '__attribute__' before 'kCFPersianCalendar'
/System/Library/Frameworks/CoreFoundation.framework/Headers/CFLocale.h:184: error: expected '=', ',', ';', 'asm' or '__attribute__' before 'kCFIndianCalendar'
/System/Library/Frameworks/CoreFoundation.framework/Headers/CFLocale.h:185: error: expected '=', ',', ';', 'asm' or '__attribute__' before 'kCFISO8601Calendar'
In file included from /System/Library/Frameworks/CoreFoundation.framework/Headers/CFString.h:14,
                 from /System/Library/Frameworks/CoreFoundation.framework/Headers/CFPreferences.h:10,
                 from conftest.c:31:
/usr/llvm-gcc-4.2/bin/../lib/gcc/i686-apple-darwin11/4.2.1/include/stdarg.h:43: error: storage class specified for parameter '__gnuc_va_list'
/usr/llvm-gcc-4.2/bin/../lib/gcc/i686-apple-darwin11/4.2.1/include/stdarg.h:105: error: expected '=', ',', ';', 'asm' or '__attribute__' before 'va_list'
In file included from /System/Library/Frameworks/CoreFoundation.framework/Headers/CFPreferences.h:10,
                 from conftest.c:31:
/System/Library/Frameworks/CoreFoundation.framework/Headers/CFString.h:93: error: storage class specified for parameter 'CFStringEncoding'
/System/Library/Frameworks/CoreFoundation.framework/Headers/CFString.h:99: error: expected '=', ',', ';', 'asm' or '__attribute__' before 'CFStringBuiltInEncodings'
/System/Library/Frameworks/CoreFoundation.framework/Headers/CFString.h:121: error: expected '=', ',', ';', 'asm' or '__attribute__' before 'CFStringGetTypeID'
/System/Library/Frameworks/CoreFoundation.framework/Headers/CFString.h:169: error: expected '=', ',', ';', 'asm' or '__attribute__' before 'CFStringCreateWithPascalString'
/System/Library/Frameworks/CoreFoundation.framework/Headers/CFString.h:172: error: expected '=', ',', ';', 'asm' or '__attribute__' before 'CFStringCreateWithCString'
/System/Library/Frameworks/CoreFoundation.framework/Headers/CFString.h:177: error: expected '=', ',', ';', 'asm' or '__attribute__' before 'CFStringCreateWithBytes'
/System/Library/Frameworks/CoreFoundation.framework/Headers/CFString.h:180: error: expected '=', ',', ';', 'asm' or '__attribute__' before 'CFStringCreateWithCharacters'
/System/Library/Frameworks/CoreFoundation.framework/Headers/CFString.h:200: error: expected '=', ',', ';', 'asm' or '__attribute__' before 'CFStringCreateWithPascalStringNoCopy'
/System/Library/Frameworks/CoreFoundation.framework/Headers/CFString.h:203: error: expected '=', ',', ';', 'asm' or '__attribute__' before 'CFStringCreateWithCStringNoCopy'
/System/Library/Frameworks/CoreFoundation.framework/Headers/CFString.h:208: error: expected '=', ',', ';', 'asm' or '__attribute__' before 'CFStringCreateWithBytesNoCopy'
/System/Library/Frameworks/CoreFoundation.framework/Headers/CFString.h:211: error: expected '=', ',', ';', 'asm' or '__attribute__' before 'CFStringCreateWithCharactersNoCopy'
/System/Library/Frameworks/CoreFoundation.framework/Headers/CFString.h:216: error: expected '=', ',', ';', 'asm' or '__attribute__' before 'CFStringCreateWithSubstring'
/System/Library/Frameworks/CoreFoundation.framework/Headers/CFString.h:219: error: expected '=', ',', ';', 'asm' or '__attribute__' before 'CFStringCreateCopy'
/System/Library/Frameworks/CoreFoundation.framework/Headers/CFString.h:224: error: expected '=', ',', ';', 'asm' or '__attribute__' before 'CFStringCreateWithFormat'
/System/Library/Frameworks/CoreFoundation.framework/Headers/CFString.h:227: error: expected '=', ',', ';', 'asm' or '__attribute__' before 'CFStringCreateWithFormatAndArguments'
/System/Library/Frameworks/CoreFoundation.framework/Headers/CFString.h:232: error: expected '=', ',', ';', 'asm' or '__attribute__' before 'CFStringCreateMutable'
/System/Library/Frameworks/CoreFoundation.framework/Headers/CFString.h:235: error: expected '=', ',', ';', 'asm' or '__attribute__' before 'CFStringCreateMutableCopy'
/System/Library/Frameworks/CoreFoundation.framework/Headers/CFString.h:244: error: expected '=', ',', ';', 'asm' or '__attribute__' before 'CFStringCreateMutableWithExternalCharactersNoCopy'
/System/Library/Frameworks/CoreFoundation.framework/Headers/CFString.h:251: error: expected '=', ',', ';', 'asm' or '__attribute__' before 'CFStringGetLength'
/System/Library/Frameworks/CoreFoundation.framework/Headers/CFString.h:259: error: expected ')' before 'theString'
/System/Library/Frameworks/CoreFoundation.framework/Headers/CFString.h:262: error: expected ')' before 'theString'
/System/Library/Frameworks/CoreFoundation.framework/Headers/CFString.h:276: error: expected ')' before 'theString'
/System/Library/Frameworks/CoreFoundation.framework/Headers/CFString.h:279: error: expected ')' before 'theString'
/System/Library/Frameworks/CoreFoundation.framework/Headers/CFString.h:287: error: expected ')' before 'theString'
/System/Library/Frameworks/CoreFoundation.framework/Headers/CFString.h:290: error: expected ')' before 'theString'
/System/Library/Frameworks/CoreFoundation.framework/Headers/CFString.h:293: error: expected ')' before 'theString'
/System/Library/Frameworks/CoreFoundation.framework/Headers/CFString.h:312: error: expected '=', ',', ';', 'asm' or '__attribute__' before 'CFStringGetBytes'
/System/Library/Frameworks/CoreFoundation.framework/Headers/CFString.h:321: error: expected '=', ',', ';', 'asm' or '__attribute__' before 'CFStringCreateFromExternalRepresentation'
/System/Library/Frameworks/CoreFoundation.framework/Headers/CFString.h:324: error: expected '=', ',', ';', 'asm' or '__attribute__' before 'CFStringCreateExternalRepresentation'
/System/Library/Frameworks/CoreFoundation.framework/Headers/CFString.h:329: error: expected '=', ',', ';', 'asm' or '__attribute__' before 'CFStringGetSmallestEncoding'
/System/Library/Frameworks/CoreFoundation.framework/Headers/CFString.h:332: error: expected '=', ',', ';', 'asm' or '__attribute__' before 'CFStringGetFastestEncoding'
/System/Library/Frameworks/CoreFoundation.framework/Headers/CFString.h:337: error: expected '=', ',', ';', 'asm' or '__attribute__' before 'CFStringGetSystemEncoding'
/System/Library/Frameworks/CoreFoundation.framework/Headers/CFString.h:340: error: expected '=', ',', ';', 'asm' or '__attribute__' before 'CFStringGetMaximumSizeForEncoding'
/System/Library/Frameworks/CoreFoundation.framework/Headers/CFString.h:348: error: expected ')' before 'string'
/System/Library/Frameworks/CoreFoundation.framework/Headers/CFString.h:353: error: expected '=', ',', ';', 'asm' or '__attribute__' before 'CFStringGetMaximumSizeOfFileSystemRepresentation'
/System/Library/Frameworks/CoreFoundation.framework/Headers/CFString.h:358: error: expected '=', ',', ';', 'asm' or '__attribute__' before 'CFStringCreateWithFileSystemRepresentation'
/System/Library/Frameworks/CoreFoundation.framework/Headers/CFString.h:365: error: expected '=', ',', ';', 'asm' or '__attribute__' before 'CFStringCompareFlags'
/System/Library/Frameworks/CoreFoundation.framework/Headers/CFString.h:383: error: expected '=', ',', ';', 'asm' or '__attribute__' before 'CFStringCompareWithOptionsAndLocale'
/System/Library/Frameworks/CoreFoundation.framework/Headers/CFString.h:388: error: expected '=', ',', ';', 'asm' or '__attribute__' before 'CFStringCompareWithOptions'
/System/Library/Frameworks/CoreFoundation.framework/Headers/CFString.h:395: error: expected '=', ',', ';', 'asm' or '__attribute__' before 'CFStringCompare'
/System/Library/Frameworks/CoreFoundation.framework/Headers/CFString.h:403: error: expected ')' before 'theString'
/System/Library/Frameworks/CoreFoundation.framework/Headers/CFString.h:408: error: expected ')' before 'theString'
/System/Library/Frameworks/CoreFoundation.framework/Headers/CFString.h:419: error: expected '=', ',', ';', 'asm' or '__attribute__' before 'CFStringCreateArrayWithFindResults'
/System/Library/Frameworks/CoreFoundation.framework/Headers/CFString.h:424: error: expected '=', ',', ';', 'asm' or '__attribute__' before 'CFStringFind'
/System/Library/Frameworks/CoreFoundation.framework/Headers/CFString.h:427: error: expected ')' before 'theString'
/System/Library/Frameworks/CoreFoundation.framework/Headers/CFString.h:430: error: expected ')' before 'theString'
/System/Library/Frameworks/CoreFoundation.framework/Headers/CFString.h:445: error: expected '=', ',', ';', 'asm' or '__attribute__' before 'CFStringGetRangeOfComposedCharactersAtIndex'
/System/Library/Frameworks/CoreFoundation.framework/Headers/CFString.h:476: error: expected ')' before 'theString'
/System/Library/Frameworks/CoreFoundation.framework/Headers/CFString.h:488: error: expected ')' before 'theString'
/System/Library/Frameworks/CoreFoundation.framework/Headers/CFString.h:493: error: expected ')' before 'string'
/System/Library/Frameworks/CoreFoundation.framework/Headers/CFString.h:521: error: expected '=', ',', ';', 'asm' or '__attribute__' before 'CFStringGetHyphenationLocationBeforeIndex'
/System/Library/Frameworks/CoreFoundation.framework/Headers/CFString.h:524: error: expected ')' before 'locale'
/System/Library/Frameworks/CoreFoundation.framework/Headers/CFString.h:529: error: expected '=', ',', ';', 'asm' or '__attribute__' before 'CFStringCreateByCombiningStrings'
/System/Library/Frameworks/CoreFoundation.framework/Headers/CFString.h:532: error: expected '=', ',', ';', 'asm' or '__attribute__' before 'CFStringCreateArrayBySeparatingStrings'
/System/Library/Frameworks/CoreFoundation.framework/Headers/CFString.h:538: error: expected ')' before 'str'
/System/Library/Frameworks/CoreFoundation.framework/Headers/CFString.h:541: error: expected ')' before 'str'
/System/Library/Frameworks/CoreFoundation.framework/Headers/CFString.h:552: error: expected ')' before 'theString'
/System/Library/Frameworks/CoreFoundation.framework/Headers/CFString.h:555: error: expected ')' before 'theString'
/System/Library/Frameworks/CoreFoundation.framework/Headers/CFString.h:558: error: expected ')' before 'theString'
/System/Library/Frameworks/CoreFoundation.framework/Headers/CFString.h:561: error: expected ')' before 'theString'
/System/Library/Frameworks/CoreFoundation.framework/Headers/CFString.h:564: error: expected ')' before 'theString'
/System/Library/Frameworks/CoreFoundation.framework/Headers/CFString.h:567: error: expected ')' before 'theString'
/System/Library/Frameworks/CoreFoundation.framework/Headers/CFString.h:570: error: expected ')' before 'str'
/System/Library/Frameworks/CoreFoundation.framework/Headers/CFString.h:573: error: expected ')' before 'theString'
/System/Library/Frameworks/CoreFoundation.framework/Headers/CFString.h:576: error: expected ')' before 'theString'
/System/Library/Frameworks/CoreFoundation.framework/Headers/CFString.h:579: error: expected ')' before 'theString'
/System/Library/Frameworks/CoreFoundation.framework/Headers/CFString.h:590: error: expected '=', ',', ';', 'asm' or '__attribute__' before 'CFStringFindAndReplace'
/System/Library/Frameworks/CoreFoundation.framework/Headers/CFString.h:601: error: expected ')' before 'theString'
/System/Library/Frameworks/CoreFoundation.framework/Headers/CFString.h:615: error: expected ')' before 'theString'
/System/Library/Frameworks/CoreFoundation.framework/Headers/CFString.h:618: error: expected ')' before 'theString'
/System/Library/Frameworks/CoreFoundation.framework/Headers/CFString.h:621: error: expected ')' before 'theString'
/System/Library/Frameworks/CoreFoundation.framework/Headers/CFString.h:624: error: expected ')' before 'theString'
/System/Library/Frameworks/CoreFoundation.framework/Headers/CFString.h:627: error: expected ')' before 'theString'
/System/Library/Frameworks/CoreFoundation.framework/Headers/CFString.h:630: error: expected ')' before 'theString'
/System/Library/Frameworks/CoreFoundation.framework/Headers/CFString.h:638: error: expected '=', ',', ';', 'asm' or '__attribute__' before 'CFStringNormalizationForm'
/System/Library/Frameworks/CoreFoundation.framework/Headers/CFString.h:656: error: expected ')' before 'theString'
/System/Library/Frameworks/CoreFoundation.framework/Headers/CFString.h:684: error: expected ')' before 'theString'
/System/Library/Frameworks/CoreFoundation.framework/Headers/CFString.h:691: error: expected ')' before 'string'
/System/Library/Frameworks/CoreFoundation.framework/Headers/CFString.h:695: error: expected '=', ',', ';', 'asm' or '__attribute__' before 'kCFStringTransformStripCombiningMarks'
/System/Library/Frameworks/CoreFoundation.framework/Headers/CFString.h:696: error: expected '=', ',', ';', 'asm' or '__attribute__' before 'kCFStringTransformToLatin'
/System/Library/Frameworks/CoreFoundation.framework/Headers/CFString.h:697: error: expected '=', ',', ';', 'asm' or '__attribute__' before 'kCFStringTransformFullwidthHalfwidth'
/System/Library/Frameworks/CoreFoundation.framework/Headers/CFString.h:698: error: expected '=', ',', ';', 'asm' or '__attribute__' before 'kCFStringTransformLatinKatakana'
/System/Library/Frameworks/CoreFoundation.framework/Headers/CFString.h:699: error: expected '=', ',', ';', 'asm' or '__attribute__' before 'kCFStringTransformLatinHiragana'
/System/Library/Frameworks/CoreFoundation.framework/Headers/CFString.h:700: error: expected '=', ',', ';', 'asm' or '__attribute__' before 'kCFStringTransformHiraganaKatakana'
/System/Library/Frameworks/CoreFoundation.framework/Headers/CFString.h:701: error: expected '=', ',', ';', 'asm' or '__attribute__' before 'kCFStringTransformMandarinLatin'
/System/Library/Frameworks/CoreFoundation.framework/Headers/CFString.h:702: error: expected '=', ',', ';', 'asm' or '__attribute__' before 'kCFStringTransformLatinHangul'
/System/Library/Frameworks/CoreFoundation.framework/Headers/CFString.h:703: error: expected '=', ',', ';', 'asm' or '__attribute__' before 'kCFStringTransformLatinArabic'
/System/Library/Frameworks/CoreFoundation.framework/Headers/CFString.h:704: error: expected '=', ',', ';', 'asm' or '__attribute__' before 'kCFStringTransformLatinHebrew'
/System/Library/Frameworks/CoreFoundation.framework/Headers/CFString.h:705: error: expected '=', ',', ';', 'asm' or '__attribute__' before 'kCFStringTransformLatinThai'
/System/Library/Frameworks/CoreFoundation.framework/Headers/CFString.h:706: error: expected '=', ',', ';', 'asm' or '__attribute__' before 'kCFStringTransformLatinCyrillic'
/System/Library/Frameworks/CoreFoundation.framework/Headers/CFString.h:707: error: expected '=', ',', ';', 'asm' or '__attribute__' before 'kCFStringTransformLatinGreek'
/System/Library/Frameworks/CoreFoundation.framework/Headers/CFString.h:708: error: expected '=', ',', ';', 'asm' or '__attribute__' before 'kCFStringTransformToXMLHex'
/System/Library/Frameworks/CoreFoundation.framework/Headers/CFString.h:709: error: expected '=', ',', ';', 'asm' or '__attribute__' before 'kCFStringTransformToUnicodeName'
/System/Library/Frameworks/CoreFoundation.framework/Headers/CFString.h:710: error: expected '=', ',', ';', 'asm' or '__attribute__' before 'kCFStringTransformStripDiacritics'
/System/Library/Frameworks/CoreFoundation.framework/Headers/CFString.h:718: error: expected ')' before 'encoding'
/System/Library/Frameworks/CoreFoundation.framework/Headers/CFString.h:723: error: expected '=', ',', ';', 'asm' or '__attribute__' before '*' token
/System/Library/Frameworks/CoreFoundation.framework/Headers/CFString.h:728: error: expected '=', ',', ';', 'asm' or '__attribute__' before 'CFStringGetNameOfEncoding'
/System/Library/Frameworks/CoreFoundation.framework/Headers/CFString.h:733: error: expected ')' before 'encoding'
/System/Library/Frameworks/CoreFoundation.framework/Headers/CFString.h:736: error: expected '=', ',', ';', 'asm' or '__attribute__' before 'CFStringConvertNSStringEncodingToEncoding'
/System/Library/Frameworks/CoreFoundation.framework/Headers/CFString.h:741: error: expected ')' before 'encoding'
/System/Library/Frameworks/CoreFoundation.framework/Headers/CFString.h:744: error: expected '=', ',', ';', 'asm' or '__attribute__' before 'CFStringConvertWindowsCodepageToEncoding'
/System/Library/Frameworks/CoreFoundation.framework/Headers/CFString.h:749: error: expected '=', ',', ';', 'asm' or '__attribute__' before 'CFStringConvertIANACharSetNameToEncoding'
/System/Library/Frameworks/CoreFoundation.framework/Headers/CFString.h:752: error: expected '=', ',', ';', 'asm' or '__attribute__' before 'CFStringConvertEncodingToIANACharSetName'
/System/Library/Frameworks/CoreFoundation.framework/Headers/CFString.h:759: error: expected '=', ',', ';', 'asm' or '__attribute__' before 'CFStringGetMostCompatibleMacStringEncoding'
/System/Library/Frameworks/CoreFoundation.framework/Headers/CFString.h:775: error: expected specifier-qualifier-list before 'CFStringRef'
/System/Library/Frameworks/CoreFoundation.framework/Headers/CFString.h:780: error: storage class specified for parameter 'CFStringInlineBuffer'
/System/Library/Frameworks/CoreFoundation.framework/Headers/CFString.h:783: error: expected ')' before 'str'
/System/Library/Frameworks/CoreFoundation.framework/Headers/CFString.h:790: error: expected ')' before '*' token
/System/Library/Frameworks/CoreFoundation.framework/Headers/CFString.h:820: error: expected '=', ',', ';', 'asm' or '__attribute__' before '{' token
/System/Library/Frameworks/CoreFoundation.framework/Headers/CFString.h:824: error: expected '=', ',', ';', 'asm' or '__attribute__' before '{' token
/System/Library/Frameworks/CoreFoundation.framework/Headers/CFString.h:828: error: expected '=', ',', ';', 'asm' or '__attribute__' before '{' token
/System/Library/Frameworks/CoreFoundation.framework/Headers/CFString.h:833: error: expected '=', ',', ';', 'asm' or '__attribute__' before '{' token
/System/Library/Frameworks/CoreFoundation.framework/Headers/CFString.h:854: error: expected ')' before 'obj'
/System/Library/Frameworks/CoreFoundation.framework/Headers/CFString.h:857: error: expected ')' before 'str'
/System/Library/Frameworks/CoreFoundation.framework/Headers/CFString.h:861: error: expected '=', ',', ';', 'asm' or '__attribute__' before '__CFStringMakeConstantString'
In file included from conftest.c:31:
/System/Library/Frameworks/CoreFoundation.framework/Headers/CFPreferences.h:15: error: expected '=', ',', ';', 'asm' or '__attribute__' before 'kCFPreferencesAnyApplication'
/System/Library/Frameworks/CoreFoundation.framework/Headers/CFPreferences.h:17: error: expected '=', ',', ';', 'asm' or '__attribute__' before 'kCFPreferencesCurrentApplication'
/System/Library/Frameworks/CoreFoundation.framework/Headers/CFPreferences.h:19: error: expected '=', ',', ';', 'asm' or '__attribute__' before 'kCFPreferencesAnyHost'
/System/Library/Frameworks/CoreFoundation.framework/Headers/CFPreferences.h:21: error: expected '=', ',', ';', 'asm' or '__attribute__' before 'kCFPreferencesCurrentHost'
/System/Library/Frameworks/CoreFoundation.framework/Headers/CFPreferences.h:23: error: expected '=', ',', ';', 'asm' or '__attribute__' before 'kCFPreferencesAnyUser'
/System/Library/Frameworks/CoreFoundation.framework/Headers/CFPreferences.h:25: error: expected '=', ',', ';', 'asm' or '__attribute__' before 'kCFPreferencesCurrentUser'
/System/Library/Frameworks/CoreFoundation.framework/Headers/CFPreferences.h:42: error: expected '=', ',', ';', 'asm' or '__attribute__' before 'CFPreferencesCopyAppValue'
/System/Library/Frameworks/CoreFoundation.framework/Headers/CFPreferences.h:48: error: expected ')' before 'key'
/System/Library/Frameworks/CoreFoundation.framework/Headers/CFPreferences.h:54: error: expected '=', ',', ';', 'asm' or '__attribute__' before 'CFPreferencesGetAppIntegerValue'
/System/Library/Frameworks/CoreFoundation.framework/Headers/CFPreferences.h:60: error: expected ')' before 'key'
/System/Library/Frameworks/CoreFoundation.framework/Headers/CFPreferences.h:67: error: expected ')' before 'applicationID'
/System/Library/Frameworks/CoreFoundation.framework/Headers/CFPreferences.h:70: error: expected ')' before 'applicationID'
/System/Library/Frameworks/CoreFoundation.framework/Headers/CFPreferences.h:75: error: expected ')' before 'applicationID'
/System/Library/Frameworks/CoreFoundation.framework/Headers/CFPreferences.h:82: error: expected '=', ',', ';', 'asm' or '__attribute__' before 'CFPreferencesCopyValue'
/System/Library/Frameworks/CoreFoundation.framework/Headers/CFPreferences.h:89: error: expected '=', ',', ';', 'asm' or '__attribute__' before 'CFPreferencesCopyMultiple'
/System/Library/Frameworks/CoreFoundation.framework/Headers/CFPreferences.h:94: error: expected ')' before 'key'
/System/Library/Frameworks/CoreFoundation.framework/Headers/CFPreferences.h:99: error: expected ')' before 'keysToSet'
/System/Library/Frameworks/CoreFoundation.framework/Headers/CFPreferences.h:102: error: expected ')' before 'applicationID'
/System/Library/Frameworks/CoreFoundation.framework/Headers/CFPreferences.h:109: error: expected '=', ',', ';', 'asm' or '__attribute__' before 'CFPreferencesCopyApplicationList'
/System/Library/Frameworks/CoreFoundation.framework/Headers/CFPreferences.h:115: error: expected '=', ',', ';', 'asm' or '__attribute__' before 'CFPreferencesCopyKeyList'
/System/Library/Frameworks/CoreFoundation.framework/Headers/CFPreferences.h:124: error: expected ')' before 'key'
conftest.c:34: error: expected '=', ',', ';', 'asm' or '__attribute__' before '{' token
conftest.c:38: error: old-style parameter declarations in prototyped function definition
conftest.c:38: error: expected '{' at end of input
configure:14709: $? = 1
configure: failed program was:
| /* confdefs.h.  */
| #define PACKAGE_NAME ""
| #define PACKAGE_TARNAME ""
| #define PACKAGE_VERSION ""
| #define PACKAGE_STRING ""
| #define PACKAGE_BUGREPORT ""
| #define PACKAGE "libiconv"
| #define VERSION "1.13.1"
| #define STDC_HEADERS 1
| #define HAVE_SYS_TYPES_H 1
| #define HAVE_SYS_STAT_H 1
| #define HAVE_STDLIB_H 1
| #define HAVE_STRING_H 1
| #define HAVE_MEMORY_H 1
| #define HAVE_STRINGS_H 1
| #define HAVE_INTTYPES_H 1
| #define HAVE_STDINT_H 1
| #define HAVE_UNISTD_H 1
| #define __EXTENSIONS__ 1
| #define _ALL_SOURCE 1
| #define _GNU_SOURCE 1
| #define _POSIX_PTHREAD_SEMANTICS 1
| #define _TANDEM_SOURCE 1
| #define INSTALLPREFIX "/usr/local/Cellar/libiconv/1.13.1"
| #define HAVE_DLFCN_H 1
| #define LT_OBJDIR ".libs/"
| #define HAVE_VISIBILITY 1
| #define HAVE_ICONV 1
| #define ICONV_CONST 
| /* end confdefs.h.  */
| #include <CoreFoundation/CFPreferences.h>
| int
| main ()
| {
| CFPreferencesCopyAppValue(NULL, NULL)
|   ;
|   return 0;
| }
configure:14730: result: no
configure:14739: checking for CFLocaleCopyCurrent
configure:14767: gcc -o conftest -g -O2   conftest.c  -Wl,-framework -Wl,CoreFoundation >&5
In file included from /System/Library/Frameworks/CoreFoundation.framework/Headers/CFBase.h:146,
                 from /System/Library/Frameworks/CoreFoundation.framework/Headers/CFLocale.h:8,
                 from conftest.c:31:
/usr/include/MacTypes.h: In function 'Debugger':
/usr/include/MacTypes.h:693: error: expected declaration specifiers before '__AVAILABILITY_INTERNAL__MAC_10_0_DEP__MAC_10_8'
/usr/include/MacTypes.h:705: error: expected '=', ',', ';', 'asm' or '__attribute__' before '__AVAILABILITY_INTERNAL__MAC_10_0_DEP__MAC_10_8'
/usr/include/MacTypes.h:752: error: expected '=', ',', ';', 'asm' or '__attribute__' before '__AVAILABILITY_INTERNAL__MAC_10_0_DEP__MAC_10_8'
/usr/include/MacTypes.h:764: error: expected '=', ',', ';', 'asm' or '__attribute__' before '__AVAILABILITY_INTERNAL__MAC_10_0_DEP__MAC_10_8'
/usr/include/MacTypes.h:776: error: expected '=', ',', ';', 'asm' or '__attribute__' before '__AVAILABILITY_INTERNAL__MAC_10_0_DEP__MAC_10_8'
/usr/include/MacTypes.h:786: error: expected declaration specifiers before '#pragma'
In file included from /System/Library/Frameworks/CoreFoundation.framework/Headers/CFLocale.h:8,
                 from conftest.c:31:
/System/Library/Frameworks/CoreFoundation.framework/Headers/CFBase.h:405: error: storage class specified for parameter 'CFTypeID'
/System/Library/Frameworks/CoreFoundation.framework/Headers/CFBase.h:406: error: storage class specified for parameter 'CFOptionFlags'
/System/Library/Frameworks/CoreFoundation.framework/Headers/CFBase.h:407: error: storage class specified for parameter 'CFHashCode'
/System/Library/Frameworks/CoreFoundation.framework/Headers/CFBase.h:408: error: storage class specified for parameter 'CFIndex'
/System/Library/Frameworks/CoreFoundation.framework/Headers/CFBase.h:412: error: storage class specified for parameter 'CFTypeRef'
/System/Library/Frameworks/CoreFoundation.framework/Headers/CFBase.h:414: error: storage class specified for parameter 'CFStringRef'
/System/Library/Frameworks/CoreFoundation.framework/Headers/CFBase.h:415: error: storage class specified for parameter 'CFMutableStringRef'
/System/Library/Frameworks/CoreFoundation.framework/Headers/CFBase.h:422: error: expected '=', ',', ';', 'asm' or '__attribute__' before 'CFPropertyListRef'
/System/Library/Frameworks/CoreFoundation.framework/Headers/CFBase.h:425: error: expected '=', ',', ';', 'asm' or '__attribute__' before 'CFComparisonResult'
/System/Library/Frameworks/CoreFoundation.framework/Headers/CFBase.h:432: error: expected declaration specifiers or '...' before '*' token
/System/Library/Frameworks/CoreFoundation.framework/Headers/CFBase.h:432: error: storage class specified for parameter 'CFComparisonResult'
/System/Library/Frameworks/CoreFoundation.framework/Headers/CFBase.h:432: error: 'CFComparisonResult' declared as function returning a function
/System/Library/Frameworks/CoreFoundation.framework/Headers/CFBase.h:443: error: expected specifier-qualifier-list before 'CFIndex'
/System/Library/Frameworks/CoreFoundation.framework/Headers/CFBase.h:445: error: storage class specified for parameter 'CFRange'
/System/Library/Frameworks/CoreFoundation.framework/Headers/CFBase.h:448: error: expected '=', ',', ';', 'asm' or '__attribute__' before 'CFRangeMake'
/System/Library/Frameworks/CoreFoundation.framework/Headers/CFBase.h:460: error: expected '=', ',', ';', 'asm' or '__attribute__' before '__CFRangeMake'
/System/Library/Frameworks/CoreFoundation.framework/Headers/CFBase.h:465: error: storage class specified for parameter 'CFNullRef'
/System/Library/Frameworks/CoreFoundation.framework/Headers/CFBase.h:468: error: expected '=', ',', ';', 'asm' or '__attribute__' before 'CFNullGetTypeID'
/System/Library/Frameworks/CoreFoundation.framework/Headers/CFBase.h:471: error: expected '=', ',', ';', 'asm' or '__attribute__' before 'kCFNull'
/System/Library/Frameworks/CoreFoundation.framework/Headers/CFBase.h:483: error: storage class specified for parameter 'CFAllocatorRef'
/System/Library/Frameworks/CoreFoundation.framework/Headers/CFBase.h:487: error: expected '=', ',', ';', 'asm' or '__attribute__' before 'kCFAllocatorDefault'
/System/Library/Frameworks/CoreFoundation.framework/Headers/CFBase.h:491: error: expected '=', ',', ';', 'asm' or '__attribute__' before 'kCFAllocatorSystemDefault'
/System/Library/Frameworks/CoreFoundation.framework/Headers/CFBase.h:500: error: expected '=', ',', ';', 'asm' or '__attribute__' before 'kCFAllocatorMalloc'
/System/Library/Frameworks/CoreFoundation.framework/Headers/CFBase.h:507: error: expected '=', ',', ';', 'asm' or '__attribute__' before 'kCFAllocatorMallocZone'
/System/Library/Frameworks/CoreFoundation.framework/Headers/CFBase.h:514: error: expected '=', ',', ';', 'asm' or '__attribute__' before 'kCFAllocatorNull'
/System/Library/Frameworks/CoreFoundation.framework/Headers/CFBase.h:521: error: expected '=', ',', ';', 'asm' or '__attribute__' before 'kCFAllocatorUseContext'
/System/Library/Frameworks/CoreFoundation.framework/Headers/CFBase.h:523: error: storage class specified for parameter 'CFAllocatorRetainCallBack'
/System/Library/Frameworks/CoreFoundation.framework/Headers/CFBase.h:524: error: storage class specified for parameter 'CFAllocatorReleaseCallBack'
/System/Library/Frameworks/CoreFoundation.framework/Headers/CFBase.h:525: error: expected declaration specifiers or '...' before '*' token
/System/Library/Frameworks/CoreFoundation.framework/Headers/CFBase.h:525: error: storage class specified for parameter 'CFStringRef'
/System/Library/Frameworks/CoreFoundation.framework/Headers/CFBase.h:525: error: 'CFStringRef' declared as function returning a function
/System/Library/Frameworks/CoreFoundation.framework/Headers/CFBase.h:525: error: conflicting types for 'CFStringRef'
/System/Library/Frameworks/CoreFoundation.framework/Headers/CFBase.h:414: error: previous definition of 'CFStringRef' was here
/System/Library/Frameworks/CoreFoundation.framework/Headers/CFBase.h:526: error: expected ')' before 'allocSize'
/System/Library/Frameworks/CoreFoundation.framework/Headers/CFBase.h:527: error: expected declaration specifiers or '...' before 'CFIndex'
/System/Library/Frameworks/CoreFoundation.framework/Headers/CFBase.h:527: error: expected declaration specifiers or '...' before 'CFOptionFlags'
/System/Library/Frameworks/CoreFoundation.framework/Headers/CFBase.h:527: error: storage class specified for parameter 'CFAllocatorReallocateCallBack'
/System/Library/Frameworks/CoreFoundation.framework/Headers/CFBase.h:528: error: storage class specified for parameter 'CFAllocatorDeallocateCallBack'
/System/Library/Frameworks/CoreFoundation.framework/Headers/CFBase.h:529: error: expected declaration specifiers or '...' before '*' token
/System/Library/Frameworks/CoreFoundation.framework/Headers/CFBase.h:529: error: expected ')' before 'size'
/System/Library/Frameworks/CoreFoundation.framework/Headers/CFBase.h:531: error: expected specifier-qualifier-list before 'CFIndex'
/System/Library/Frameworks/CoreFoundation.framework/Headers/CFBase.h:540: error: storage class specified for parameter 'CFAllocatorContext'
/System/Library/Frameworks/CoreFoundation.framework/Headers/CFBase.h:543: error: expected '=', ',', ';', 'asm' or '__attribute__' before 'CFAllocatorGetTypeID'
/System/Library/Frameworks/CoreFoundation.framework/Headers/CFBase.h:569: error: expected ')' before 'allocator'
/System/Library/Frameworks/CoreFoundation.framework/Headers/CFBase.h:572: error: expected '=', ',', ';', 'asm' or '__attribute__' before 'CFAllocatorGetDefault'
/System/Library/Frameworks/CoreFoundation.framework/Headers/CFBase.h:575: error: expected '=', ',', ';', 'asm' or '__attribute__' before 'CFAllocatorCreate'
/System/Library/Frameworks/CoreFoundation.framework/Headers/CFBase.h:578: error: expected ')' before 'allocator'
/System/Library/Frameworks/CoreFoundation.framework/Headers/CFBase.h:581: error: expected ')' before 'allocator'
/System/Library/Frameworks/CoreFoundation.framework/Headers/CFBase.h:584: error: expected ')' before 'allocator'
/System/Library/Frameworks/CoreFoundation.framework/Headers/CFBase.h:587: error: expected '=', ',', ';', 'asm' or '__attribute__' before 'CFAllocatorGetPreferredSizeForSize'
/System/Library/Frameworks/CoreFoundation.framework/Headers/CFBase.h:590: error: expected ')' before 'allocator'
/System/Library/Frameworks/CoreFoundation.framework/Headers/CFBase.h:596: error: expected '=', ',', ';', 'asm' or '__attribute__' before 'CFGetTypeID'
/System/Library/Frameworks/CoreFoundation.framework/Headers/CFBase.h:599: error: expected '=', ',', ';', 'asm' or '__attribute__' before 'CFCopyTypeIDDescription'
/System/Library/Frameworks/CoreFoundation.framework/Headers/CFBase.h:602: error: expected '=', ',', ';', 'asm' or '__attribute__' before 'CFRetain'
/System/Library/Frameworks/CoreFoundation.framework/Headers/CFBase.h:605: error: expected ')' before 'cf'
/System/Library/Frameworks/CoreFoundation.framework/Headers/CFBase.h:608: error: expected '=', ',', ';', 'asm' or '__attribute__' before 'CFGetRetainCount'
/System/Library/Frameworks/CoreFoundation.framework/Headers/CFBase.h:612: error: expected '=', ',', ';', 'asm' or '__attribute__' before 'CFMakeCollectable'
/System/Library/Frameworks/CoreFoundation.framework/Headers/CFBase.h:615: error: expected ')' before 'cf1'
/System/Library/Frameworks/CoreFoundation.framework/Headers/CFBase.h:618: error: expected '=', ',', ';', 'asm' or '__attribute__' before 'CFHash'
/System/Library/Frameworks/CoreFoundation.framework/Headers/CFBase.h:621: error: expected '=', ',', ';', 'asm' or '__attribute__' before 'CFCopyDescription'
/System/Library/Frameworks/CoreFoundation.framework/Headers/CFBase.h:624: error: expected '=', ',', ';', 'asm' or '__attribute__' before 'CFGetAllocator'
In file included from /System/Library/Frameworks/CoreFoundation.framework/Headers/CFLocale.h:9,
                 from conftest.c:31:
/System/Library/Frameworks/CoreFoundation.framework/Headers/CFArray.h:74: error: expected ')' before 'allocator'
/System/Library/Frameworks/CoreFoundation.framework/Headers/CFArray.h:75: error: expected ')' before 'allocator'
/System/Library/Frameworks/CoreFoundation.framework/Headers/CFArray.h:76: error: expected declaration specifiers or '...' before '*' token
/System/Library/Frameworks/CoreFoundation.framework/Headers/CFArray.h:76: error: storage class specified for parameter 'CFStringRef'
/System/Library/Frameworks/CoreFoundation.framework/Headers/CFArray.h:76: error: 'CFStringRef' declared as function returning a function
/System/Library/Frameworks/CoreFoundation.framework/Headers/CFArray.h:76: error: redefinition of parameter 'CFStringRef'
/System/Library/Frameworks/CoreFoundation.framework/Headers/CFBase.h:525: error: previous definition of 'CFStringRef' was here
/System/Library/Frameworks/CoreFoundation.framework/Headers/CFArray.h:77: error: storage class specified for parameter 'CFArrayEqualCallBack'
/System/Library/Frameworks/CoreFoundation.framework/Headers/CFArray.h:79: error: expected specifier-qualifier-list before 'CFIndex'
/System/Library/Frameworks/CoreFoundation.framework/Headers/CFArray.h:84: error: storage class specified for parameter 'CFArrayCallBacks'
/System/Library/Frameworks/CoreFoundation.framework/Headers/CFArray.h:92: error: expected '=', ',', ';', 'asm' or '__attribute__' before 'kCFTypeArrayCallBacks'
/System/Library/Frameworks/CoreFoundation.framework/Headers/CFArray.h:102: error: storage class specified for parameter 'CFArrayApplierFunction'
/System/Library/Frameworks/CoreFoundation.framework/Headers/CFArray.h:108: error: storage class specified for parameter 'CFArrayRef'
/System/Library/Frameworks/CoreFoundation.framework/Headers/CFArray.h:114: error: storage class specified for parameter 'CFMutableArrayRef'
/System/Library/Frameworks/CoreFoundation.framework/Headers/CFArray.h:121: error: expected '=', ',', ';', 'asm' or '__attribute__' before 'CFArrayGetTypeID'
/System/Library/Frameworks/CoreFoundation.framework/Headers/CFArray.h:174: error: expected '=', ',', ';', 'asm' or '__attribute__' before 'CFArrayCreate'
/System/Library/Frameworks/CoreFoundation.framework/Headers/CFArray.h:195: error: expected '=', ',', ';', 'asm' or '__attribute__' before 'CFArrayCreateCopy'
/System/Library/Frameworks/CoreFoundation.framework/Headers/CFArray.h:239: error: expected '=', ',', ';', 'asm' or '__attribute__' before 'CFArrayCreateMutable'
/System/Library/Frameworks/CoreFoundation.framework/Headers/CFArray.h:269: error: expected '=', ',', ';', 'asm' or '__attribute__' before 'CFArrayCreateMutableCopy'
/System/Library/Frameworks/CoreFoundation.framework/Headers/CFArray.h:279: error: expected '=', ',', ';', 'asm' or '__attribute__' before 'CFArrayGetCount'
/System/Library/Frameworks/CoreFoundation.framework/Headers/CFArray.h:302: error: expected '=', ',', ';', 'asm' or '__attribute__' before 'CFArrayGetCountOfValue'
/System/Library/Frameworks/CoreFoundation.framework/Headers/CFArray.h:325: error: expected ')' before 'theArray'
/System/Library/Frameworks/CoreFoundation.framework/Headers/CFArray.h:339: error: expected ')' before 'theArray'
/System/Library/Frameworks/CoreFoundation.framework/Headers/CFArray.h:360: error: expected ')' before 'theArray'
/System/Library/Frameworks/CoreFoundation.framework/Headers/CFArray.h:387: error: expected ')' before 'theArray'
/System/Library/Frameworks/CoreFoundation.framework/Headers/CFArray.h:412: error: expected '=', ',', ';', 'asm' or '__attribute__' before 'CFArrayGetFirstIndexOfValue'
/System/Library/Frameworks/CoreFoundation.framework/Headers/CFArray.h:437: error: expected '=', ',', ';', 'asm' or '__attribute__' before 'CFArrayGetLastIndexOfValue'
/System/Library/Frameworks/CoreFoundation.framework/Headers/CFArray.h:476: error: expected '=', ',', ';', 'asm' or '__attribute__' before 'CFArrayBSearchValues'
/System/Library/Frameworks/CoreFoundation.framework/Headers/CFArray.h:492: error: expected ')' before 'theArray'
/System/Library/Frameworks/CoreFoundation.framework/Headers/CFArray.h:513: error: expected ')' before 'theArray'
/System/Library/Frameworks/CoreFoundation.framework/Headers/CFArray.h:534: error: expected ')' before 'theArray'
/System/Library/Frameworks/CoreFoundation.framework/Headers/CFArray.h:548: error: expected ')' before 'theArray'
/System/Library/Frameworks/CoreFoundation.framework/Headers/CFArray.h:558: error: expected ')' before 'theArray'
/System/Library/Frameworks/CoreFoundation.framework/Headers/CFArray.h:592: error: expected ')' before 'theArray'
/System/Library/Frameworks/CoreFoundation.framework/Headers/CFArray.h:610: error: expected ')' before 'theArray'
/System/Library/Frameworks/CoreFoundation.framework/Headers/CFArray.h:640: error: expected ')' before 'theArray'
/System/Library/Frameworks/CoreFoundation.framework/Headers/CFArray.h:667: error: expected ')' before 'theArray'
In file included from /System/Library/Frameworks/CoreFoundation.framework/Headers/CFLocale.h:10,
                 from conftest.c:31:
/System/Library/Frameworks/CoreFoundation.framework/Headers/CFDictionary.h:92: error: expected ')' before 'allocator'
/System/Library/Frameworks/CoreFoundation.framework/Headers/CFDictionary.h:93: error: expected ')' before 'allocator'
/System/Library/Frameworks/CoreFoundation.framework/Headers/CFDictionary.h:94: error: expected declaration specifiers or '...' before '*' token
/System/Library/Frameworks/CoreFoundation.framework/Headers/CFDictionary.h:94: error: storage class specified for parameter 'CFStringRef'
/System/Library/Frameworks/CoreFoundation.framework/Headers/CFDictionary.h:94: error: 'CFStringRef' declared as function returning a function
/System/Library/Frameworks/CoreFoundation.framework/Headers/CFDictionary.h:94: error: redefinition of parameter 'CFStringRef'
/System/Library/Frameworks/CoreFoundation.framework/Headers/CFArray.h:76: error: previous definition of 'CFStringRef' was here
/System/Library/Frameworks/CoreFoundation.framework/Headers/CFDictionary.h:95: error: storage class specified for parameter 'CFDictionaryEqualCallBack'
/System/Library/Frameworks/CoreFoundation.framework/Headers/CFDictionary.h:96: error: expected declaration specifiers or '...' before '*' token
/System/Library/Frameworks/CoreFoundation.framework/Headers/CFDictionary.h:96: error: storage class specified for parameter 'CFHashCode'
/System/Library/Frameworks/CoreFoundation.framework/Headers/CFDictionary.h:96: error: 'CFHashCode' declared as function returning a function
/System/Library/Frameworks/CoreFoundation.framework/Headers/CFDictionary.h:96: error: conflicting types for 'CFHashCode'
/System/Library/Frameworks/CoreFoundation.framework/Headers/CFBase.h:407: error: previous definition of 'CFHashCode' was here
/System/Library/Frameworks/CoreFoundation.framework/Headers/CFDictionary.h:98: error: expected specifier-qualifier-list before 'CFIndex'
/System/Library/Frameworks/CoreFoundation.framework/Headers/CFDictionary.h:104: error: storage class specified for parameter 'CFDictionaryKeyCallBacks'
/System/Library/Frameworks/CoreFoundation.framework/Headers/CFDictionary.h:113: error: expected '=', ',', ';', 'asm' or '__attribute__' before 'kCFTypeDictionaryKeyCallBacks'
/System/Library/Frameworks/CoreFoundation.framework/Headers/CFDictionary.h:124: error: expected '=', ',', ';', 'asm' or '__attribute__' before 'kCFCopyStringDictionaryKeyCallBacks'
/System/Library/Frameworks/CoreFoundation.framework/Headers/CFDictionary.h:150: error: expected specifier-qualifier-list before 'CFIndex'
/System/Library/Frameworks/CoreFoundation.framework/Headers/CFDictionary.h:155: error: storage class specified for parameter 'CFDictionaryValueCallBacks'
/System/Library/Frameworks/CoreFoundation.framework/Headers/CFDictionary.h:164: error: expected '=', ',', ';', 'asm' or '__attribute__' before 'kCFTypeDictionaryValueCallBacks'
/System/Library/Frameworks/CoreFoundation.framework/Headers/CFDictionary.h:175: error: storage class specified for parameter 'CFDictionaryApplierFunction'
/System/Library/Frameworks/CoreFoundation.framework/Headers/CFDictionary.h:181: error: storage class specified for parameter 'CFDictionaryRef'
/System/Library/Frameworks/CoreFoundation.framework/Headers/CFDictionary.h:187: error: storage class specified for parameter 'CFMutableDictionaryRef'
/System/Library/Frameworks/CoreFoundation.framework/Headers/CFDictionary.h:194: error: expected '=', ',', ';', 'asm' or '__attribute__' before 'CFDictionaryGetTypeID'
/System/Library/Frameworks/CoreFoundation.framework/Headers/CFDictionary.h:279: error: expected '=', ',', ';', 'asm' or '__attribute__' before 'CFDictionaryCreate'
/System/Library/Frameworks/CoreFoundation.framework/Headers/CFDictionary.h:303: error: expected '=', ',', ';', 'asm' or '__attribute__' before 'CFDictionaryCreateCopy'
/System/Library/Frameworks/CoreFoundation.framework/Headers/CFDictionary.h:375: error: expected '=', ',', ';', 'asm' or '__attribute__' before 'CFDictionaryCreateMutable'
/System/Library/Frameworks/CoreFoundation.framework/Headers/CFDictionary.h:408: error: expected '=', ',', ';', 'asm' or '__attribute__' before 'CFDictionaryCreateMutableCopy'
/System/Library/Frameworks/CoreFoundation.framework/Headers/CFDictionary.h:418: error: expected '=', ',', ';', 'asm' or '__attribute__' before 'CFDictionaryGetCount'
/System/Library/Frameworks/CoreFoundation.framework/Headers/CFDictionary.h:437: error: expected '=', ',', ';', 'asm' or '__attribute__' before 'CFDictionaryGetCountOfKey'
/System/Library/Frameworks/CoreFoundation.framework/Headers/CFDictionary.h:453: error: expected '=', ',', ';', 'asm' or '__attribute__' before 'CFDictionaryGetCountOfValue'
/System/Library/Frameworks/CoreFoundation.framework/Headers/CFDictionary.h:471: error: expected ')' before 'theDict'
/System/Library/Frameworks/CoreFoundation.framework/Headers/CFDictionary.h:487: error: expected ')' before 'theDict'
/System/Library/Frameworks/CoreFoundation.framework/Headers/CFDictionary.h:509: error: expected ')' before 'theDict'
/System/Library/Frameworks/CoreFoundation.framework/Headers/CFDictionary.h:534: error: expected ')' before 'theDict'
/System/Library/Frameworks/CoreFoundation.framework/Headers/CFDictionary.h:557: error: expected ')' before 'theDict'
/System/Library/Frameworks/CoreFoundation.framework/Headers/CFDictionary.h:577: error: expected ')' before 'theDict'
/System/Library/Frameworks/CoreFoundation.framework/Headers/CFDictionary.h:597: error: expected ')' before 'theDict'
/System/Library/Frameworks/CoreFoundation.framework/Headers/CFDictionary.h:620: error: expected ')' before 'theDict'
/System/Library/Frameworks/CoreFoundation.framework/Headers/CFDictionary.h:639: error: expected ')' before 'theDict'
/System/Library/Frameworks/CoreFoundation.framework/Headers/CFDictionary.h:653: error: expected ')' before 'theDict'
/System/Library/Frameworks/CoreFoundation.framework/Headers/CFDictionary.h:663: error: expected ')' before 'theDict'
In file included from conftest.c:31:
/System/Library/Frameworks/CoreFoundation.framework/Headers/CFLocale.h:15: error: storage class specified for parameter 'CFLocaleRef'
/System/Library/Frameworks/CoreFoundation.framework/Headers/CFLocale.h:18: error: expected '=', ',', ';', 'asm' or '__attribute__' before 'CFLocaleGetTypeID'
/System/Library/Frameworks/CoreFoundation.framework/Headers/CFLocale.h:21: error: expected '=', ',', ';', 'asm' or '__attribute__' before 'CFLocaleGetSystem'
/System/Library/Frameworks/CoreFoundation.framework/Headers/CFLocale.h:25: error: expected '=', ',', ';', 'asm' or '__attribute__' before 'CFLocaleCopyCurrent'
/System/Library/Frameworks/CoreFoundation.framework/Headers/CFLocale.h:36: error: expected '=', ',', ';', 'asm' or '__attribute__' before 'CFLocaleCopyAvailableLocaleIdentifiers'
/System/Library/Frameworks/CoreFoundation.framework/Headers/CFLocale.h:41: error: expected '=', ',', ';', 'asm' or '__attribute__' before 'CFLocaleCopyISOLanguageCodes'
/System/Library/Frameworks/CoreFoundation.framework/Headers/CFLocale.h:47: error: expected '=', ',', ';', 'asm' or '__attribute__' before 'CFLocaleCopyISOCountryCodes'
/System/Library/Frameworks/CoreFoundation.framework/Headers/CFLocale.h:53: error: expected '=', ',', ';', 'asm' or '__attribute__' before 'CFLocaleCopyISOCurrencyCodes'
/System/Library/Frameworks/CoreFoundation.framework/Headers/CFLocale.h:59: error: expected '=', ',', ';', 'asm' or '__attribute__' before 'CFLocaleCopyCommonISOCurrencyCodes'
/System/Library/Frameworks/CoreFoundation.framework/Headers/CFLocale.h:64: error: expected '=', ',', ';', 'asm' or '__attribute__' before 'CFLocaleCopyPreferredLanguages'
/System/Library/Frameworks/CoreFoundation.framework/Headers/CFLocale.h:68: error: expected '=', ',', ';', 'asm' or '__attribute__' before 'CFLocaleCreateCanonicalLanguageIdentifierFromString'
/System/Library/Frameworks/CoreFoundation.framework/Headers/CFLocale.h:73: error: expected '=', ',', ';', 'asm' or '__attribute__' before 'CFLocaleCreateCanonicalLocaleIdentifierFromString'
/System/Library/Frameworks/CoreFoundation.framework/Headers/CFLocale.h:78: error: expected '=', ',', ';', 'asm' or '__attribute__' before 'CFLocaleCreateCanonicalLocaleIdentifierFromScriptManagerCodes'
/System/Library/Frameworks/CoreFoundation.framework/Headers/CFLocale.h:82: error: expected '=', ',', ';', 'asm' or '__attribute__' before 'CFLocaleCreateLocaleIdentifierFromWindowsLocaleCode'
/System/Library/Frameworks/CoreFoundation.framework/Headers/CFLocale.h:86: error: expected ')' before 'localeIdentifier'
/System/Library/Frameworks/CoreFoundation.framework/Headers/CFLocale.h:89: error: expected '=', ',', ';', 'asm' or '__attribute__' before 'CFLocaleLanguageDirection'
/System/Library/Frameworks/CoreFoundation.framework/Headers/CFLocale.h:98: error: expected '=', ',', ';', 'asm' or '__attribute__' before 'CFLocaleGetLanguageCharacterDirection'
/System/Library/Frameworks/CoreFoundation.framework/Headers/CFLocale.h:101: error: expected '=', ',', ';', 'asm' or '__attribute__' before 'CFLocaleGetLanguageLineDirection'
/System/Library/Frameworks/CoreFoundation.framework/Headers/CFLocale.h:104: error: expected '=', ',', ';', 'asm' or '__attribute__' before 'CFLocaleCreateComponentsFromLocaleIdentifier'
/System/Library/Frameworks/CoreFoundation.framework/Headers/CFLocale.h:114: error: expected '=', ',', ';', 'asm' or '__attribute__' before 'CFLocaleCreateLocaleIdentifierFromComponents'
/System/Library/Frameworks/CoreFoundation.framework/Headers/CFLocale.h:122: error: expected '=', ',', ';', 'asm' or '__attribute__' before 'CFLocaleCreate'
/System/Library/Frameworks/CoreFoundation.framework/Headers/CFLocale.h:126: error: expected '=', ',', ';', 'asm' or '__attribute__' before 'CFLocaleCreateCopy'
/System/Library/Frameworks/CoreFoundation.framework/Headers/CFLocale.h:132: error: expected '=', ',', ';', 'asm' or '__attribute__' before 'CFLocaleGetIdentifier'
/System/Library/Frameworks/CoreFoundation.framework/Headers/CFLocale.h:137: error: expected '=', ',', ';', 'asm' or '__attribute__' before 'CFLocaleGetValue'
/System/Library/Frameworks/CoreFoundation.framework/Headers/CFLocale.h:142: error: expected '=', ',', ';', 'asm' or '__attribute__' before 'CFLocaleCopyDisplayNameForPropertyValue'
/System/Library/Frameworks/CoreFoundation.framework/Headers/CFLocale.h:148: error: expected '=', ',', ';', 'asm' or '__attribute__' before 'kCFLocaleCurrentLocaleDidChangeNotification'
/System/Library/Frameworks/CoreFoundation.framework/Headers/CFLocale.h:152: error: expected '=', ',', ';', 'asm' or '__attribute__' before 'kCFLocaleIdentifier'
/System/Library/Frameworks/CoreFoundation.framework/Headers/CFLocale.h:153: error: expected '=', ',', ';', 'asm' or '__attribute__' before 'kCFLocaleLanguageCode'
/System/Library/Frameworks/CoreFoundation.framework/Headers/CFLocale.h:154: error: expected '=', ',', ';', 'asm' or '__attribute__' before 'kCFLocaleCountryCode'
/System/Library/Frameworks/CoreFoundation.framework/Headers/CFLocale.h:155: error: expected '=', ',', ';', 'asm' or '__attribute__' before 'kCFLocaleScriptCode'
/System/Library/Frameworks/CoreFoundation.framework/Headers/CFLocale.h:156: error: expected '=', ',', ';', 'asm' or '__attribute__' before 'kCFLocaleVariantCode'
/System/Library/Frameworks/CoreFoundation.framework/Headers/CFLocale.h:158: error: expected '=', ',', ';', 'asm' or '__attribute__' before 'kCFLocaleExemplarCharacterSet'
/System/Library/Frameworks/CoreFoundation.framework/Headers/CFLocale.h:159: error: expected '=', ',', ';', 'asm' or '__attribute__' before 'kCFLocaleCalendarIdentifier'
/System/Library/Frameworks/CoreFoundation.framework/Headers/CFLocale.h:160: error: expected '=', ',', ';', 'asm' or '__attribute__' before 'kCFLocaleCalendar'
/System/Library/Frameworks/CoreFoundation.framework/Headers/CFLocale.h:161: error: expected '=', ',', ';', 'asm' or '__attribute__' before 'kCFLocaleCollationIdentifier'
/System/Library/Frameworks/CoreFoundation.framework/Headers/CFLocale.h:162: error: expected '=', ',', ';', 'asm' or '__attribute__' before 'kCFLocaleUsesMetricSystem'
/System/Library/Frameworks/CoreFoundation.framework/Headers/CFLocale.h:163: error: expected '=', ',', ';', 'asm' or '__attribute__' before 'kCFLocaleMeasurementSystem'
/System/Library/Frameworks/CoreFoundation.framework/Headers/CFLocale.h:164: error: expected '=', ',', ';', 'asm' or '__attribute__' before 'kCFLocaleDecimalSeparator'
/System/Library/Frameworks/CoreFoundation.framework/Headers/CFLocale.h:165: error: expected '=', ',', ';', 'asm' or '__attribute__' before 'kCFLocaleGroupingSeparator'
/System/Library/Frameworks/CoreFoundation.framework/Headers/CFLocale.h:166: error: expected '=', ',', ';', 'asm' or '__attribute__' before 'kCFLocaleCurrencySymbol'
/System/Library/Frameworks/CoreFoundation.framework/Headers/CFLocale.h:167: error: expected '=', ',', ';', 'asm' or '__attribute__' before 'kCFLocaleCurrencyCode'
/System/Library/Frameworks/CoreFoundation.framework/Headers/CFLocale.h:168: error: expected '=', ',', ';', 'asm' or '__attribute__' before 'kCFLocaleCollatorIdentifier'
/System/Library/Frameworks/CoreFoundation.framework/Headers/CFLocale.h:169: error: expected '=', ',', ';', 'asm' or '__attribute__' before 'kCFLocaleQuotationBeginDelimiterKey'
/System/Library/Frameworks/CoreFoundation.framework/Headers/CFLocale.h:170: error: expected '=', ',', ';', 'asm' or '__attribute__' before 'kCFLocaleQuotationEndDelimiterKey'
/System/Library/Frameworks/CoreFoundation.framework/Headers/CFLocale.h:171: error: expected '=', ',', ';', 'asm' or '__attribute__' before 'kCFLocaleAlternateQuotationBeginDelimiterKey'
/System/Library/Frameworks/CoreFoundation.framework/Headers/CFLocale.h:172: error: expected '=', ',', ';', 'asm' or '__attribute__' before 'kCFLocaleAlternateQuotationEndDelimiterKey'
/System/Library/Frameworks/CoreFoundation.framework/Headers/CFLocale.h:175: error: expected '=', ',', ';', 'asm' or '__attribute__' before 'kCFGregorianCalendar'
/System/Library/Frameworks/CoreFoundation.framework/Headers/CFLocale.h:176: error: expected '=', ',', ';', 'asm' or '__attribute__' before 'kCFBuddhistCalendar'
/System/Library/Frameworks/CoreFoundation.framework/Headers/CFLocale.h:177: error: expected '=', ',', ';', 'asm' or '__attribute__' before 'kCFChineseCalendar'
/System/Library/Frameworks/CoreFoundation.framework/Headers/CFLocale.h:178: error: expected '=', ',', ';', 'asm' or '__attribute__' before 'kCFHebrewCalendar'
/System/Library/Frameworks/CoreFoundation.framework/Headers/CFLocale.h:179: error: expected '=', ',', ';', 'asm' or '__attribute__' before 'kCFIslamicCalendar'
/System/Library/Frameworks/CoreFoundation.framework/Headers/CFLocale.h:180: error: expected '=', ',', ';', 'asm' or '__attribute__' before 'kCFIslamicCivilCalendar'
/System/Library/Frameworks/CoreFoundation.framework/Headers/CFLocale.h:181: error: expected '=', ',', ';', 'asm' or '__attribute__' before 'kCFJapaneseCalendar'
/System/Library/Frameworks/CoreFoundation.framework/Headers/CFLocale.h:182: error: expected '=', ',', ';', 'asm' or '__attribute__' before 'kCFRepublicOfChinaCalendar'
/System/Library/Frameworks/CoreFoundation.framework/Headers/CFLocale.h:183: error: expected '=', ',', ';', 'asm' or '__attribute__' before 'kCFPersianCalendar'
/System/Library/Frameworks/CoreFoundation.framework/Headers/CFLocale.h:184: error: expected '=', ',', ';', 'asm' or '__attribute__' before 'kCFIndianCalendar'
/System/Library/Frameworks/CoreFoundation.framework/Headers/CFLocale.h:185: error: expected '=', ',', ';', 'asm' or '__attribute__' before 'kCFISO8601Calendar'
conftest.c:34: error: expected '=', ',', ';', 'asm' or '__attribute__' before '{' token
conftest.c:38: error: old-style parameter declarations in prototyped function definition
conftest.c:38: error: expected '{' at end of input
configure:14774: $? = 1
configure: failed program was:
| /* confdefs.h.  */
| #define PACKAGE_NAME ""
| #define PACKAGE_TARNAME ""
| #define PACKAGE_VERSION ""
| #define PACKAGE_STRING ""
| #define PACKAGE_BUGREPORT ""
| #define PACKAGE "libiconv"
| #define VERSION "1.13.1"
| #define STDC_HEADERS 1
| #define HAVE_SYS_TYPES_H 1
| #define HAVE_SYS_STAT_H 1
| #define HAVE_STDLIB_H 1
| #define HAVE_STRING_H 1
| #define HAVE_MEMORY_H 1
| #define HAVE_STRINGS_H 1
| #define HAVE_INTTYPES_H 1
| #define HAVE_STDINT_H 1
| #define HAVE_UNISTD_H 1
| #define __EXTENSIONS__ 1
| #define _ALL_SOURCE 1
| #define _GNU_SOURCE 1
| #define _POSIX_PTHREAD_SEMANTICS 1
| #define _TANDEM_SOURCE 1
| #define INSTALLPREFIX "/usr/local/Cellar/libiconv/1.13.1"
| #define HAVE_DLFCN_H 1
| #define LT_OBJDIR ".libs/"
| #define HAVE_VISIBILITY 1
| #define HAVE_ICONV 1
| #define ICONV_CONST 
| /* end confdefs.h.  */
| #include <CoreFoundation/CFLocale.h>
| int
| main ()
| {
| CFLocaleCopyCurrent();
|   ;
|   return 0;
| }
configure:14795: result: no
configure:14846: checking for GNU gettext in libc
configure:14876: gcc -o conftest -g -O2   conftest.c  >&5
conftest.c:31:21: error: libintl.h: No such file or directory
conftest.c: In function 'main':
conftest.c:39: warning: incompatible implicit declaration of built-in function 'gettext'
conftest.c:39: error: invalid type argument of 'unary *'
configure:14883: $? = 1
configure: failed program was:
| /* confdefs.h.  */
| #define PACKAGE_NAME ""
| #define PACKAGE_TARNAME ""
| #define PACKAGE_VERSION ""
| #define PACKAGE_STRING ""
| #define PACKAGE_BUGREPORT ""
| #define PACKAGE "libiconv"
| #define VERSION "1.13.1"
| #define STDC_HEADERS 1
| #define HAVE_SYS_TYPES_H 1
| #define HAVE_SYS_STAT_H 1
| #define HAVE_STDLIB_H 1
| #define HAVE_STRING_H 1
| #define HAVE_MEMORY_H 1
| #define HAVE_STRINGS_H 1
| #define HAVE_INTTYPES_H 1
| #define HAVE_STDINT_H 1
| #define HAVE_UNISTD_H 1
| #define __EXTENSIONS__ 1
| #define _ALL_SOURCE 1
| #define _GNU_SOURCE 1
| #define _POSIX_PTHREAD_SEMANTICS 1
| #define _TANDEM_SOURCE 1
| #define INSTALLPREFIX "/usr/local/Cellar/libiconv/1.13.1"
| #define HAVE_DLFCN_H 1
| #define LT_OBJDIR ".libs/"
| #define HAVE_VISIBILITY 1
| #define HAVE_ICONV 1
| #define ICONV_CONST 
| /* end confdefs.h.  */
| #include <libintl.h>
| 
| extern int _nl_msg_cat_cntr;
| extern int *_nl_domain_bindings;
| int
| main ()
| {
| bindtextdomain ("", "");
| return * gettext ("") + * ngettext ("", "", 0) + _nl_msg_cat_cntr + *_nl_domain_bindings
|   ;
|   return 0;
| }
configure:14905: result: no
configure:14939: checking for iconv
configure:15055: result: yes
configure:15058: checking for working iconv
configure:15177: result: yes
configure:15194: checking how to link with libiconv
configure:15196: result: -liconv
configure:15668: checking for GNU gettext in libintl
configure:15706: gcc -o conftest -g -O2    conftest.c  -lintl >&5
conftest.c:32:21: error: libintl.h: No such file or directory
conftest.c: In function 'main':
conftest.c:44: warning: incompatible implicit declaration of built-in function 'gettext'
conftest.c:44: error: invalid type argument of 'unary *'
configure:15713: $? = 1
configure: failed program was:
| /* confdefs.h.  */
| #define PACKAGE_NAME ""
| #define PACKAGE_TARNAME ""
| #define PACKAGE_VERSION ""
| #define PACKAGE_STRING ""
| #define PACKAGE_BUGREPORT ""
| #define PACKAGE "libiconv"
| #define VERSION "1.13.1"
| #define STDC_HEADERS 1
| #define HAVE_SYS_TYPES_H 1
| #define HAVE_SYS_STAT_H 1
| #define HAVE_STDLIB_H 1
| #define HAVE_STRING_H 1
| #define HAVE_MEMORY_H 1
| #define HAVE_STRINGS_H 1
| #define HAVE_INTTYPES_H 1
| #define HAVE_STDINT_H 1
| #define HAVE_UNISTD_H 1
| #define __EXTENSIONS__ 1
| #define _ALL_SOURCE 1
| #define _GNU_SOURCE 1
| #define _POSIX_PTHREAD_SEMANTICS 1
| #define _TANDEM_SOURCE 1
| #define INSTALLPREFIX "/usr/local/Cellar/libiconv/1.13.1"
| #define HAVE_DLFCN_H 1
| #define LT_OBJDIR ".libs/"
| #define HAVE_VISIBILITY 1
| #define HAVE_ICONV 1
| #define ICONV_CONST 
| #define HAVE_ICONV 1
| /* end confdefs.h.  */
| #include <libintl.h>
| 
| extern int _nl_msg_cat_cntr;
| extern
| #ifdef __cplusplus
| "C"
| #endif
| const char *_nl_expand_alias (const char *);
| int
| main ()
| {
| bindtextdomain ("", "");
| return * gettext ("") + * ngettext ("", "", 0) + _nl_msg_cat_cntr + *_nl_expand_alias ("")
|   ;
|   return 0;
| }
configure:15763: gcc -o conftest -g -O2    conftest.c  -lintl -liconv >&5
conftest.c:32:21: error: libintl.h: No such file or directory
conftest.c: In function 'main':
conftest.c:44: warning: incompatible implicit declaration of built-in function 'gettext'
conftest.c:44: error: invalid type argument of 'unary *'
configure:15770: $? = 1
configure: failed program was:
| /* confdefs.h.  */
| #define PACKAGE_NAME ""
| #define PACKAGE_TARNAME ""
| #define PACKAGE_VERSION ""
| #define PACKAGE_STRING ""
| #define PACKAGE_BUGREPORT ""
| #define PACKAGE "libiconv"
| #define VERSION "1.13.1"
| #define STDC_HEADERS 1
| #define HAVE_SYS_TYPES_H 1
| #define HAVE_SYS_STAT_H 1
| #define HAVE_STDLIB_H 1
| #define HAVE_STRING_H 1
| #define HAVE_MEMORY_H 1
| #define HAVE_STRINGS_H 1
| #define HAVE_INTTYPES_H 1
| #define HAVE_STDINT_H 1
| #define HAVE_UNISTD_H 1
| #define __EXTENSIONS__ 1
| #define _ALL_SOURCE 1
| #define _GNU_SOURCE 1
| #define _POSIX_PTHREAD_SEMANTICS 1
| #define _TANDEM_SOURCE 1
| #define INSTALLPREFIX "/usr/local/Cellar/libiconv/1.13.1"
| #define HAVE_DLFCN_H 1
| #define LT_OBJDIR ".libs/"
| #define HAVE_VISIBILITY 1
| #define HAVE_ICONV 1
| #define ICONV_CONST 
| #define HAVE_ICONV 1
| /* end confdefs.h.  */
| #include <libintl.h>
| 
| extern int _nl_msg_cat_cntr;
| extern
| #ifdef __cplusplus
| "C"
| #endif
| const char *_nl_expand_alias (const char *);
| int
| main ()
| {
| bindtextdomain ("", "");
| return * gettext ("") + * ngettext ("", "", 0) + _nl_msg_cat_cntr + *_nl_expand_alias ("")
|   ;
|   return 0;
| }
configure:15798: result: no
configure:15835: checking whether to use NLS
configure:15837: result: no
configure:15916: checking for mbstate_t
configure:15943: gcc -c -g -O2  conftest.c >&5
configure:15950: $? = 0
configure:15965: result: yes
configure:15982: checking for wchar_t
configure:16009: gcc -c -g -O2  conftest.c >&5
configure:16016: $? = 0
configure:16031: result: yes
configure:16065: checking for getc_unlocked
configure:16121: gcc -o conftest -g -O2   conftest.c  >&5
configure:16128: $? = 0
configure:16150: result: yes
configure:16065: checking for mbrtowc
configure:16121: gcc -o conftest -g -O2   conftest.c  >&5
configure:16128: $? = 0
configure:16150: result: yes
configure:16065: checking for wcrtomb
configure:16121: gcc -o conftest -g -O2   conftest.c  >&5
configure:16128: $? = 0
configure:16150: result: yes
configure:16065: checking for mbsinit
configure:16121: gcc -o conftest -g -O2   conftest.c  >&5
configure:16128: $? = 0
configure:16150: result: yes
configure:16065: checking for setlocale
configure:16121: gcc -o conftest -g -O2   conftest.c  >&5
configure:16128: $? = 0
configure:16150: result: yes
configure:16170: checking whether <wchar.h> is standalone
configure:16185: gcc -c -g -O2  conftest.c >&5
configure:16192: $? = 0
configure:16207: result: yes
configure:16220: checking for memmove
configure:16276: gcc -o conftest -g -O2   conftest.c  >&5
conftest.c:62: warning: conflicting types for built-in function 'memmove'
configure:16283: $? = 0
configure:16305: result: yes
configure:16321: checking for nl_langinfo and CODESET
configure:16347: gcc -o conftest -g -O2   conftest.c  >&5
configure:16354: $? = 0
configure:16375: result: yes
configure:16404: checking wchar.h usability
configure:16421: gcc -c -g -O2  conftest.c >&5
configure:16428: $? = 0
configure:16442: result: yes
configure:16446: checking wchar.h presence
configure:16461: gcc -E  conftest.c
configure:16468: $? = 0
configure:16482: result: yes
configure:16510: checking for wchar.h
configure:16519: result: yes
configure:16535: checking for EILSEQ
configure:16958: result: yes
configure:16971: checking byte ordering
configure:17004: gcc -o conftest -g -O2   conftest.c  >&5
conftest.c: In function 'main':
conftest.c:50: warning: incompatible implicit declaration of built-in function 'exit'
configure:17008: $? = 0
configure:17014: ./conftest
configure:17018: $? = 1
configure: program exited with status 1
configure: failed program was:
| /* confdefs.h.  */
| #define PACKAGE_NAME ""
| #define PACKAGE_TARNAME ""
| #define PACKAGE_VERSION ""
| #define PACKAGE_STRING ""
| #define PACKAGE_BUGREPORT ""
| #define PACKAGE "libiconv"
| #define VERSION "1.13.1"
| #define STDC_HEADERS 1
| #define HAVE_SYS_TYPES_H 1
| #define HAVE_SYS_STAT_H 1
| #define HAVE_STDLIB_H 1
| #define HAVE_STRING_H 1
| #define HAVE_MEMORY_H 1
| #define HAVE_STRINGS_H 1
| #define HAVE_INTTYPES_H 1
| #define HAVE_STDINT_H 1
| #define HAVE_UNISTD_H 1
| #define __EXTENSIONS__ 1
| #define _ALL_SOURCE 1
| #define _GNU_SOURCE 1
| #define _POSIX_PTHREAD_SEMANTICS 1
| #define _TANDEM_SOURCE 1
| #define INSTALLPREFIX "/usr/local/Cellar/libiconv/1.13.1"
| #define HAVE_DLFCN_H 1
| #define LT_OBJDIR ".libs/"
| #define HAVE_VISIBILITY 1
| #define HAVE_ICONV 1
| #define ICONV_CONST 
| #define HAVE_ICONV 1
| #define HAVE_MBSTATE_T 1
| #define HAVE_WCHAR_T 1
| #define HAVE_GETC_UNLOCKED 1
| #define HAVE_MBRTOWC 1
| #define HAVE_WCRTOMB 1
| #define HAVE_MBSINIT 1
| #define HAVE_SETLOCALE 1
| #define HAVE_MEMMOVE 1
| #define HAVE_LANGINFO_CODESET 1
| #define HAVE_WCHAR_H 1
| /* end confdefs.h.  */
| int main () {
|   /* Are we little or big endian?  From Harbison&Steele.  */
|   union
|   {
|     long l;
|     char c[sizeof (long)];
|   } u;
|   u.l = 1;
|   exit (u.c[0] == 1);
| }
configure:17077: result: little endian
configure:17099: checking for working alloca.h
configure:17126: gcc -o conftest -g -O2   conftest.c  >&5
configure:17133: $? = 0
configure:17153: result: yes
configure:17163: checking for alloca
configure:17210: gcc -o conftest -g -O2   conftest.c  >&5
configure:17217: $? = 0
configure:17237: result: yes
configure:17486: checking for stdlib.h
configure:17493: result: yes
configure:17486: checking for string.h
configure:17493: result: yes
configure:17497: checking sys/param.h usability
configure:17514: gcc -c -g -O2  conftest.c >&5
configure:17521: $? = 0
configure:17535: result: yes
configure:17539: checking sys/param.h presence
configure:17554: gcc -E  conftest.c
configure:17561: $? = 0
configure:17575: result: yes
configure:17603: checking for sys/param.h
configure:17612: result: yes
configure:17486: checking for unistd.h
configure:17493: result: yes
configure:17497: checking errno.h usability
configure:17514: gcc -c -g -O2  conftest.c >&5
configure:17521: $? = 0
configure:17535: result: yes
configure:17539: checking errno.h presence
configure:17554: gcc -E  conftest.c
configure:17561: $? = 0
configure:17575: result: yes
configure:17603: checking for errno.h
configure:17612: result: yes
configure:17497: checking sys/socket.h usability
configure:17514: gcc -c -g -O2  conftest.c >&5
configure:17521: $? = 0
configure:17535: result: yes
configure:17539: checking sys/socket.h presence
configure:17554: gcc -E  conftest.c
configure:17561: $? = 0
configure:17575: result: yes
configure:17603: checking for sys/socket.h
configure:17612: result: yes
configure:17497: checking signal.h usability
configure:17514: gcc -c -g -O2  conftest.c >&5
configure:17521: $? = 0
configure:17535: result: yes
configure:17539: checking signal.h presence
configure:17554: gcc -E  conftest.c
configure:17561: $? = 0
configure:17575: result: yes
configure:17603: checking for signal.h
configure:17612: result: yes
configure:17486: checking for stdint.h
configure:17493: result: yes
configure:17486: checking for wchar.h
configure:17493: result: yes
configure:17497: checking stdio.h usability
configure:17514: gcc -c -g -O2  conftest.c >&5
configure:17521: $? = 0
configure:17535: result: yes
configure:17539: checking stdio.h presence
configure:17554: gcc -E  conftest.c
configure:17561: $? = 0
configure:17575: result: yes
configure:17603: checking for stdio.h
configure:17612: result: yes
configure:17631: checking whether canonicalize_file_name is declared
configure:17660: gcc -c -g -O2  conftest.c >&5
conftest.c: In function 'main':
conftest.c:92: error: 'canonicalize_file_name' undeclared (first use in this function)
conftest.c:92: error: (Each undeclared identifier is reported only once
conftest.c:92: error: for each function it appears in.)
configure:17667: $? = 1
configure: failed program was:
| /* confdefs.h.  */
| #define PACKAGE_NAME ""
| #define PACKAGE_TARNAME ""
| #define PACKAGE_VERSION ""
| #define PACKAGE_STRING ""
| #define PACKAGE_BUGREPORT ""
| #define PACKAGE "libiconv"
| #define VERSION "1.13.1"
| #define STDC_HEADERS 1
| #define HAVE_SYS_TYPES_H 1
| #define HAVE_SYS_STAT_H 1
| #define HAVE_STDLIB_H 1
| #define HAVE_STRING_H 1
| #define HAVE_MEMORY_H 1
| #define HAVE_STRINGS_H 1
| #define HAVE_INTTYPES_H 1
| #define HAVE_STDINT_H 1
| #define HAVE_UNISTD_H 1
| #define __EXTENSIONS__ 1
| #define _ALL_SOURCE 1
| #define _GNU_SOURCE 1
| #define _POSIX_PTHREAD_SEMANTICS 1
| #define _TANDEM_SOURCE 1
| #define INSTALLPREFIX "/usr/local/Cellar/libiconv/1.13.1"
| #define HAVE_DLFCN_H 1
| #define LT_OBJDIR ".libs/"
| #define HAVE_VISIBILITY 1
| #define HAVE_ICONV 1
| #define ICONV_CONST 
| #define HAVE_ICONV 1
| #define HAVE_MBSTATE_T 1
| #define HAVE_WCHAR_T 1
| #define HAVE_GETC_UNLOCKED 1
| #define HAVE_MBRTOWC 1
| #define HAVE_WCRTOMB 1
| #define HAVE_MBSINIT 1
| #define HAVE_SETLOCALE 1
| #define HAVE_MEMMOVE 1
| #define HAVE_LANGINFO_CODESET 1
| #define HAVE_WCHAR_H 1
| #define WORDS_LITTLEENDIAN 1
| #define HAVE_ALLOCA_H 1
| #define HAVE_ALLOCA 1
| #define HAVE_STDLIB_H 1
| #define HAVE_STRING_H 1
| #define HAVE_SYS_PARAM_H 1
| #define HAVE_UNISTD_H 1
| #define HAVE_ERRNO_H 1
| #define HAVE_SYS_SOCKET_H 1
| #define HAVE_SIGNAL_H 1
| #define HAVE_STDINT_H 1
| #define HAVE_WCHAR_H 1
| #define HAVE_STDIO_H 1
| /* end confdefs.h.  */
| #include <stdio.h>
| #ifdef HAVE_SYS_TYPES_H
| # include <sys/types.h>
| #endif
| #ifdef HAVE_SYS_STAT_H
| # include <sys/stat.h>
| #endif
| #ifdef STDC_HEADERS
| # include <stdlib.h>
| # include <stddef.h>
| #else
| # ifdef HAVE_STDLIB_H
| #  include <stdlib.h>
| # endif
| #endif
| #ifdef HAVE_STRING_H
| # if !defined STDC_HEADERS && defined HAVE_MEMORY_H
| #  include <memory.h>
| # endif
| # include <string.h>
| #endif
| #ifdef HAVE_STRINGS_H
| # include <strings.h>
| #endif
| #ifdef HAVE_INTTYPES_H
| # include <inttypes.h>
| #endif
| #ifdef HAVE_STDINT_H
| # include <stdint.h>
| #endif
| #ifdef HAVE_UNISTD_H
| # include <unistd.h>
| #endif
| int
| main ()
| {
| #ifndef canonicalize_file_name
|   (void) canonicalize_file_name;
| #endif
| 
|   ;
|   return 0;
| }
configure:17682: result: no
configure:17707: checking for canonicalize_file_name
configure:17763: gcc -o conftest -g -O2   conftest.c  >&5
Undefined symbols for architecture x86_64:
  "_canonicalize_file_name", referenced from:
      _main in cc5JyKMN.o
ld: symbol(s) not found for architecture x86_64
collect2: ld returned 1 exit status
configure:17770: $? = 1
configure: failed program was:
| /* confdefs.h.  */
| #define PACKAGE_NAME ""
| #define PACKAGE_TARNAME ""
| #define PACKAGE_VERSION ""
| #define PACKAGE_STRING ""
| #define PACKAGE_BUGREPORT ""
| #define PACKAGE "libiconv"
| #define VERSION "1.13.1"
| #define STDC_HEADERS 1
| #define HAVE_SYS_TYPES_H 1
| #define HAVE_SYS_STAT_H 1
| #define HAVE_STDLIB_H 1
| #define HAVE_STRING_H 1
| #define HAVE_MEMORY_H 1
| #define HAVE_STRINGS_H 1
| #define HAVE_INTTYPES_H 1
| #define HAVE_STDINT_H 1
| #define HAVE_UNISTD_H 1
| #define __EXTENSIONS__ 1
| #define _ALL_SOURCE 1
| #define _GNU_SOURCE 1
| #define _POSIX_PTHREAD_SEMANTICS 1
| #define _TANDEM_SOURCE 1
| #define INSTALLPREFIX "/usr/local/Cellar/libiconv/1.13.1"
| #define HAVE_DLFCN_H 1
| #define LT_OBJDIR ".libs/"
| #define HAVE_VISIBILITY 1
| #define HAVE_ICONV 1
| #define ICONV_CONST 
| #define HAVE_ICONV 1
| #define HAVE_MBSTATE_T 1
| #define HAVE_WCHAR_T 1
| #define HAVE_GETC_UNLOCKED 1
| #define HAVE_MBRTOWC 1
| #define HAVE_WCRTOMB 1
| #define HAVE_MBSINIT 1
| #define HAVE_SETLOCALE 1
| #define HAVE_MEMMOVE 1
| #define HAVE_LANGINFO_CODESET 1
| #define HAVE_WCHAR_H 1
| #define WORDS_LITTLEENDIAN 1
| #define HAVE_ALLOCA_H 1
| #define HAVE_ALLOCA 1
| #define HAVE_STDLIB_H 1
| #define HAVE_STRING_H 1
| #define HAVE_SYS_PARAM_H 1
| #define HAVE_UNISTD_H 1
| #define HAVE_ERRNO_H 1
| #define HAVE_SYS_SOCKET_H 1
| #define HAVE_SIGNAL_H 1
| #define HAVE_STDINT_H 1
| #define HAVE_WCHAR_H 1
| #define HAVE_STDIO_H 1
| #define HAVE_DECL_CANONICALIZE_FILE_NAME 0
| /* end confdefs.h.  */
| /* Define canonicalize_file_name to an innocuous variant, in case <limits.h> declares canonicalize_file_name.
|    For example, HP-UX 11i <limits.h> declares gettimeofday.  */
| #define canonicalize_file_name innocuous_canonicalize_file_name
| 
| /* System header to define __stub macros and hopefully few prototypes,
|     which can conflict with char canonicalize_file_name (); below.
|     Prefer <limits.h> to <assert.h> if __STDC__ is defined, since
|     <limits.h> exists even on freestanding compilers.  */
| 
| #ifdef __STDC__
| # include <limits.h>
| #else
| # include <assert.h>
| #endif
| 
| #undef canonicalize_file_name
| 
| /* Override any GCC internal prototype to avoid an error.
|    Use char because int might match the return type of a GCC
|    builtin and then its argument prototype would still apply.  */
| #ifdef __cplusplus
| extern "C"
| #endif
| char canonicalize_file_name ();
| /* The GNU C library defines this for functions which it implements
|     to always fail with ENOSYS.  Some functions are actually named
|     something starting with __ and the normal name is an alias.  */
| #if defined __stub_canonicalize_file_name || defined __stub___canonicalize_file_name
| choke me
| #endif
| 
| int
| main ()
| {
| return canonicalize_file_name ();
|   ;
|   return 0;
| }
configure:17792: result: no
configure:17707: checking for getcwd
configure:17763: gcc -o conftest -g -O2   conftest.c  >&5
configure:17770: $? = 0
configure:17792: result: yes
configure:17707: checking for readlink
configure:17763: gcc -o conftest -g -O2   conftest.c  >&5
configure:17770: $? = 0
configure:17792: result: yes
configure:17707: checking for pathconf
configure:17763: gcc -o conftest -g -O2   conftest.c  >&5
configure:17770: $? = 0
configure:17792: result: yes
configure:17707: checking for setenv
configure:17763: gcc -o conftest -g -O2   conftest.c  >&5
configure:17770: $? = 0
configure:17792: result: yes
configure:17865: checking whether the preprocessor supports include_next
configure:17908: gcc -c -g -O2  -Iconftestd1b -Iconftestd2 conftest.c >&5
configure:17915: $? = 0
configure:17964: result: yes
configure:17990: checking for complete errno.h
configure:18046: result: yes
configure:19383: checking whether strerror_r is declared
configure:19412: gcc -c -g -O2  conftest.c >&5
configure:19419: $? = 0
configure:19434: result: yes
configure:19456: checking for strerror_r
configure:19512: gcc -o conftest -g -O2   conftest.c  >&5
configure:19519: $? = 0
configure:19541: result: yes
configure:19553: checking whether strerror_r returns char *
configure:19587: gcc -c -g -O2  conftest.c >&5
conftest.c: In function 'main':
conftest.c:100: error: invalid type argument of 'unary *'
conftest.c:101: warning: initialization makes pointer from integer without a cast
configure:19594: $? = 1
configure: failed program was:
| /* confdefs.h.  */
| #define PACKAGE_NAME ""
| #define PACKAGE_TARNAME ""
| #define PACKAGE_VERSION ""
| #define PACKAGE_STRING ""
| #define PACKAGE_BUGREPORT ""
| #define PACKAGE "libiconv"
| #define VERSION "1.13.1"
| #define STDC_HEADERS 1
| #define HAVE_SYS_TYPES_H 1
| #define HAVE_SYS_STAT_H 1
| #define HAVE_STDLIB_H 1
| #define HAVE_STRING_H 1
| #define HAVE_MEMORY_H 1
| #define HAVE_STRINGS_H 1
| #define HAVE_INTTYPES_H 1
| #define HAVE_STDINT_H 1
| #define HAVE_UNISTD_H 1
| #define __EXTENSIONS__ 1
| #define _ALL_SOURCE 1
| #define _GNU_SOURCE 1
| #define _POSIX_PTHREAD_SEMANTICS 1
| #define _TANDEM_SOURCE 1
| #define INSTALLPREFIX "/usr/local/Cellar/libiconv/1.13.1"
| #define HAVE_DLFCN_H 1
| #define LT_OBJDIR ".libs/"
| #define HAVE_VISIBILITY 1
| #define HAVE_ICONV 1
| #define ICONV_CONST 
| #define HAVE_ICONV 1
| #define HAVE_MBSTATE_T 1
| #define HAVE_WCHAR_T 1
| #define HAVE_GETC_UNLOCKED 1
| #define HAVE_MBRTOWC 1
| #define HAVE_WCRTOMB 1
| #define HAVE_MBSINIT 1
| #define HAVE_SETLOCALE 1
| #define HAVE_MEMMOVE 1
| #define HAVE_LANGINFO_CODESET 1
| #define HAVE_WCHAR_H 1
| #define WORDS_LITTLEENDIAN 1
| #define HAVE_ALLOCA_H 1
| #define HAVE_ALLOCA 1
| #define HAVE_STDLIB_H 1
| #define HAVE_STRING_H 1
| #define HAVE_SYS_PARAM_H 1
| #define HAVE_UNISTD_H 1
| #define HAVE_ERRNO_H 1
| #define HAVE_SYS_SOCKET_H 1
| #define HAVE_SIGNAL_H 1
| #define HAVE_STDINT_H 1
| #define HAVE_WCHAR_H 1
| #define HAVE_STDIO_H 1
| #define HAVE_DECL_CANONICALIZE_FILE_NAME 0
| #define HAVE_GETCWD 1
| #define HAVE_READLINK 1
| #define HAVE_PATHCONF 1
| #define HAVE_SETENV 1
| #define HAVE_DECL_STRERROR_R 1
| #define HAVE_STRERROR_R 1
| /* end confdefs.h.  */
| #include <stdio.h>
| #ifdef HAVE_SYS_TYPES_H
| # include <sys/types.h>
| #endif
| #ifdef HAVE_SYS_STAT_H
| # include <sys/stat.h>
| #endif
| #ifdef STDC_HEADERS
| # include <stdlib.h>
| # include <stddef.h>
| #else
| # ifdef HAVE_STDLIB_H
| #  include <stdlib.h>
| # endif
| #endif
| #ifdef HAVE_STRING_H
| # if !defined STDC_HEADERS && defined HAVE_MEMORY_H
| #  include <memory.h>
| # endif
| # include <string.h>
| #endif
| #ifdef HAVE_STRINGS_H
| # include <strings.h>
| #endif
| #ifdef HAVE_INTTYPES_H
| # include <inttypes.h>
| #endif
| #ifdef HAVE_STDINT_H
| # include <stdint.h>
| #endif
| #ifdef HAVE_UNISTD_H
| # include <unistd.h>
| #endif
| int
| main ()
| {
| 
| 	  char buf[100];
| 	  char x = *strerror_r (0, buf, sizeof buf);
| 	  char *p = strerror_r (0, buf, sizeof buf);
| 	  return !p || x;
| 
|   ;
|   return 0;
| }
configure:19673: result: no
configure:19687: checking whether malloc, realloc, calloc are POSIX compliant
configure:19717: gcc -c -g -O2  conftest.c >&5
configure:19724: $? = 0
configure:19740: result: yes
configure:19787: checking for stdlib.h
configure:19794: result: yes
configure:19928: checking for GNU libc compatible malloc
configure:19962: gcc -o conftest -g -O2   conftest.c  >&5
configure:19966: $? = 0
configure:19972: ./conftest
configure:19976: $? = 0
configure:19993: result: yes
configure:20009: checking for long long int
configure:20056: gcc -o conftest -g -O2   conftest.c  >&5
configure:20063: $? = 0
configure:20110: gcc -o conftest -g -O2   conftest.c  >&5
configure:20114: $? = 0
configure:20120: ./conftest
configure:20124: $? = 0
configure:20151: result: yes
configure:20181: gcc -c -g -O2  conftest.c >&5
configure:20188: $? = 0
configure:20318: checking for SIGPIPE
configure:20347: result: yes
configure:20423: checking for stdbool.h that conforms to C99
configure:20516: gcc -c -g -O2  conftest.c >&5
conftest.c:118: error: initializer element is not constant
configure:20523: $? = 1
configure: failed program was:
| /* confdefs.h.  */
| #define PACKAGE_NAME ""
| #define PACKAGE_TARNAME ""
| #define PACKAGE_VERSION ""
| #define PACKAGE_STRING ""
| #define PACKAGE_BUGREPORT ""
| #define PACKAGE "libiconv"
| #define VERSION "1.13.1"
| #define STDC_HEADERS 1
| #define HAVE_SYS_TYPES_H 1
| #define HAVE_SYS_STAT_H 1
| #define HAVE_STDLIB_H 1
| #define HAVE_STRING_H 1
| #define HAVE_MEMORY_H 1
| #define HAVE_STRINGS_H 1
| #define HAVE_INTTYPES_H 1
| #define HAVE_STDINT_H 1
| #define HAVE_UNISTD_H 1
| #define __EXTENSIONS__ 1
| #define _ALL_SOURCE 1
| #define _GNU_SOURCE 1
| #define _POSIX_PTHREAD_SEMANTICS 1
| #define _TANDEM_SOURCE 1
| #define INSTALLPREFIX "/usr/local/Cellar/libiconv/1.13.1"
| #define HAVE_DLFCN_H 1
| #define LT_OBJDIR ".libs/"
| #define HAVE_VISIBILITY 1
| #define HAVE_ICONV 1
| #define ICONV_CONST 
| #define HAVE_ICONV 1
| #define HAVE_MBSTATE_T 1
| #define HAVE_WCHAR_T 1
| #define HAVE_GETC_UNLOCKED 1
| #define HAVE_MBRTOWC 1
| #define HAVE_WCRTOMB 1
| #define HAVE_MBSINIT 1
| #define HAVE_SETLOCALE 1
| #define HAVE_MEMMOVE 1
| #define HAVE_LANGINFO_CODESET 1
| #define HAVE_WCHAR_H 1
| #define WORDS_LITTLEENDIAN 1
| #define HAVE_ALLOCA_H 1
| #define HAVE_ALLOCA 1
| #define HAVE_STDLIB_H 1
| #define HAVE_STRING_H 1
| #define HAVE_SYS_PARAM_H 1
| #define HAVE_UNISTD_H 1
| #define HAVE_ERRNO_H 1
| #define HAVE_SYS_SOCKET_H 1
| #define HAVE_SIGNAL_H 1
| #define HAVE_STDINT_H 1
| #define HAVE_WCHAR_H 1
| #define HAVE_STDIO_H 1
| #define HAVE_DECL_CANONICALIZE_FILE_NAME 0
| #define HAVE_GETCWD 1
| #define HAVE_READLINK 1
| #define HAVE_PATHCONF 1
| #define HAVE_SETENV 1
| #define HAVE_DECL_STRERROR_R 1
| #define HAVE_STRERROR_R 1
| #define HAVE_STDLIB_H 1
| #define MALLOC_0_IS_NONNULL 1
| #define HAVE_LONG_LONG_INT 1
| /* end confdefs.h.  */
| 
| 	  #include <stdbool.h>
| 	  #ifndef bool
| 	   "error: bool is not defined"
| 	  #endif
| 	  #ifndef false
| 	   "error: false is not defined"
| 	  #endif
| 	  #if false
| 	   "error: false is not 0"
| 	  #endif
| 	  #ifndef true
| 	   "error: true is not defined"
| 	  #endif
| 	  #if true != 1
| 	   "error: true is not 1"
| 	  #endif
| 	  #ifndef __bool_true_false_are_defined
| 	   "error: __bool_true_false_are_defined is not defined"
| 	  #endif
| 
| 	  struct s { _Bool s: 1; _Bool t; } s;
| 
| 	  char a[true == 1 ? 1 : -1];
| 	  char b[false == 0 ? 1 : -1];
| 	  char c[__bool_true_false_are_defined == 1 ? 1 : -1];
| 	  char d[(bool) 0.5 == true ? 1 : -1];
| 	  bool e = &s;
| 	  char f[(_Bool) 0.0 == false ? 1 : -1];
| 	  char g[true];
| 	  char h[sizeof (_Bool)];
| 	  char i[sizeof s.t];
| 	  enum { j = false, k = true, l = false * true, m = true * 256 };
| 	  _Bool n[m];
| 	  char o[sizeof n == m * sizeof n[0] ? 1 : -1];
| 	  char p[-1 - (_Bool) 0 < 0 && -1 - (bool) 0 < 0 ? 1 : -1];
| 	  #if defined __xlc__ || defined __GNUC__
| 	   /* Catch a bug in IBM AIX xlc compiler version 6.0.0.0
| 	      reported by James Lemley on 2005-10-05; see
| 	      http://lists.gnu.org/archive/html/bug-coreutils/2005-10/msg00086.html
| 	      This test is not quite right, since xlc is allowed to
| 	      reject this program, as the initializer for xlcbug is
| 	      not one of the forms that C requires support for.
| 	      However, doing the test right would require a run-time
| 	      test, and that would make cross-compilation harder.
| 	      Let us hope that IBM fixes the xlc bug, and also adds
| 	      support for this kind of constant expression.  In the
| 	      meantime, this test will reject xlc, which is OK, since
| 	      our stdbool.h substitute should suffice.  We also test
| 	      this with GCC, where it should work, to detect more
| 	      quickly whether someone messes up the test in the
| 	      future.  */
| 	   char digs[] = "0123456789";
| 	   int xlcbug = 1 / (&(digs + 5)[-2 + (bool) 1] == &digs[4] ? 1 : -1);
| 	  #endif
| 	  /* Catch a bug in an HP-UX C compiler.  See
| 	     http://gcc.gnu.org/ml/gcc-patches/2003-12/msg02303.html
| 	     http://lists.gnu.org/archive/html/bug-coreutils/2005-11/msg00161.html
| 	   */
| 	  _Bool q = true;
| 	  _Bool *pq = &q;
| 
| int
| main ()
| {
| 
| 	  *pq |= q;
| 	  *pq |= ! q;
| 	  /* Refer to every declared value, to avoid compiler optimizations.  */
| 	  return (!a + !b + !c + !d + !e + !f + !g + !h + !i + !!j + !k + !!l
| 		  + !m + !n + !o + !p + !q + !pq);
| 
|   ;
|   return 0;
| }
configure:20538: result: no
configure:20540: checking for _Bool
configure:20568: gcc -c -g -O2  conftest.c >&5
configure:20575: $? = 0
configure:20602: gcc -c -g -O2  conftest.c >&5
conftest.c: In function 'main':
conftest.c:101: error: expected expression before ')' token
configure:20609: $? = 1
configure: failed program was:
| /* confdefs.h.  */
| #define PACKAGE_NAME ""
| #define PACKAGE_TARNAME ""
| #define PACKAGE_VERSION ""
| #define PACKAGE_STRING ""
| #define PACKAGE_BUGREPORT ""
| #define PACKAGE "libiconv"
| #define VERSION "1.13.1"
| #define STDC_HEADERS 1
| #define HAVE_SYS_TYPES_H 1
| #define HAVE_SYS_STAT_H 1
| #define HAVE_STDLIB_H 1
| #define HAVE_STRING_H 1
| #define HAVE_MEMORY_H 1
| #define HAVE_STRINGS_H 1
| #define HAVE_INTTYPES_H 1
| #define HAVE_STDINT_H 1
| #define HAVE_UNISTD_H 1
| #define __EXTENSIONS__ 1
| #define _ALL_SOURCE 1
| #define _GNU_SOURCE 1
| #define _POSIX_PTHREAD_SEMANTICS 1
| #define _TANDEM_SOURCE 1
| #define INSTALLPREFIX "/usr/local/Cellar/libiconv/1.13.1"
| #define HAVE_DLFCN_H 1
| #define LT_OBJDIR ".libs/"
| #define HAVE_VISIBILITY 1
| #define HAVE_ICONV 1
| #define ICONV_CONST 
| #define HAVE_ICONV 1
| #define HAVE_MBSTATE_T 1
| #define HAVE_WCHAR_T 1
| #define HAVE_GETC_UNLOCKED 1
| #define HAVE_MBRTOWC 1
| #define HAVE_WCRTOMB 1
| #define HAVE_MBSINIT 1
| #define HAVE_SETLOCALE 1
| #define HAVE_MEMMOVE 1
| #define HAVE_LANGINFO_CODESET 1
| #define HAVE_WCHAR_H 1
| #define WORDS_LITTLEENDIAN 1
| #define HAVE_ALLOCA_H 1
| #define HAVE_ALLOCA 1
| #define HAVE_STDLIB_H 1
| #define HAVE_STRING_H 1
| #define HAVE_SYS_PARAM_H 1
| #define HAVE_UNISTD_H 1
| #define HAVE_ERRNO_H 1
| #define HAVE_SYS_SOCKET_H 1
| #define HAVE_SIGNAL_H 1
| #define HAVE_STDINT_H 1
| #define HAVE_WCHAR_H 1
| #define HAVE_STDIO_H 1
| #define HAVE_DECL_CANONICALIZE_FILE_NAME 0
| #define HAVE_GETCWD 1
| #define HAVE_READLINK 1
| #define HAVE_PATHCONF 1
| #define HAVE_SETENV 1
| #define HAVE_DECL_STRERROR_R 1
| #define HAVE_STRERROR_R 1
| #define HAVE_STDLIB_H 1
| #define MALLOC_0_IS_NONNULL 1
| #define HAVE_LONG_LONG_INT 1
| /* end confdefs.h.  */
| #include <stdio.h>
| #ifdef HAVE_SYS_TYPES_H
| # include <sys/types.h>
| #endif
| #ifdef HAVE_SYS_STAT_H
| # include <sys/stat.h>
| #endif
| #ifdef STDC_HEADERS
| # include <stdlib.h>
| # include <stddef.h>
| #else
| # ifdef HAVE_STDLIB_H
| #  include <stdlib.h>
| # endif
| #endif
| #ifdef HAVE_STRING_H
| # if !defined STDC_HEADERS && defined HAVE_MEMORY_H
| #  include <memory.h>
| # endif
| # include <string.h>
| #endif
| #ifdef HAVE_STRINGS_H
| # include <strings.h>
| #endif
| #ifdef HAVE_INTTYPES_H
| # include <inttypes.h>
| #endif
| #ifdef HAVE_STDINT_H
| # include <stdint.h>
| #endif
| #ifdef HAVE_UNISTD_H
| # include <unistd.h>
| #endif
| int
| main ()
| {
| if (sizeof ((_Bool)))
| 	  return 0;
|   ;
|   return 0;
| }
configure:20632: result: yes
configure:20651: checking for unsigned long long int
configure:20698: gcc -o conftest -g -O2   conftest.c  >&5
configure:20705: $? = 0
configure:20725: result: yes
configure:20741: checking for C/C++ restrict keyword
configure:20776: gcc -c -g -O2  conftest.c >&5
configure:20783: $? = 0
configure:20801: result: __restrict
configure:20883: checking whether clearerr_unlocked is declared
configure:20912: gcc -c -g -O2  conftest.c >&5
configure:20919: $? = 0
configure:20934: result: yes
configure:20952: checking whether feof_unlocked is declared
configure:20981: gcc -c -g -O2  conftest.c >&5
configure:20988: $? = 0
configure:21003: result: yes
configure:21021: checking whether ferror_unlocked is declared
configure:21050: gcc -c -g -O2  conftest.c >&5
configure:21057: $? = 0
configure:21072: result: yes
configure:21090: checking whether fflush_unlocked is declared
configure:21119: gcc -c -g -O2  conftest.c >&5
conftest.c: In function 'main':
conftest.c:108: error: 'fflush_unlocked' undeclared (first use in this function)
conftest.c:108: error: (Each undeclared identifier is reported only once
conftest.c:108: error: for each function it appears in.)
configure:21126: $? = 1
configure: failed program was:
| /* confdefs.h.  */
| #define PACKAGE_NAME ""
| #define PACKAGE_TARNAME ""
| #define PACKAGE_VERSION ""
| #define PACKAGE_STRING ""
| #define PACKAGE_BUGREPORT ""
| #define PACKAGE "libiconv"
| #define VERSION "1.13.1"
| #define STDC_HEADERS 1
| #define HAVE_SYS_TYPES_H 1
| #define HAVE_SYS_STAT_H 1
| #define HAVE_STDLIB_H 1
| #define HAVE_STRING_H 1
| #define HAVE_MEMORY_H 1
| #define HAVE_STRINGS_H 1
| #define HAVE_INTTYPES_H 1
| #define HAVE_STDINT_H 1
| #define HAVE_UNISTD_H 1
| #define __EXTENSIONS__ 1
| #define _ALL_SOURCE 1
| #define _GNU_SOURCE 1
| #define _POSIX_PTHREAD_SEMANTICS 1
| #define _TANDEM_SOURCE 1
| #define INSTALLPREFIX "/usr/local/Cellar/libiconv/1.13.1"
| #define HAVE_DLFCN_H 1
| #define LT_OBJDIR ".libs/"
| #define HAVE_VISIBILITY 1
| #define HAVE_ICONV 1
| #define ICONV_CONST 
| #define HAVE_ICONV 1
| #define HAVE_MBSTATE_T 1
| #define HAVE_WCHAR_T 1
| #define HAVE_GETC_UNLOCKED 1
| #define HAVE_MBRTOWC 1
| #define HAVE_WCRTOMB 1
| #define HAVE_MBSINIT 1
| #define HAVE_SETLOCALE 1
| #define HAVE_MEMMOVE 1
| #define HAVE_LANGINFO_CODESET 1
| #define HAVE_WCHAR_H 1
| #define WORDS_LITTLEENDIAN 1
| #define HAVE_ALLOCA_H 1
| #define HAVE_ALLOCA 1
| #define HAVE_STDLIB_H 1
| #define HAVE_STRING_H 1
| #define HAVE_SYS_PARAM_H 1
| #define HAVE_UNISTD_H 1
| #define HAVE_ERRNO_H 1
| #define HAVE_SYS_SOCKET_H 1
| #define HAVE_SIGNAL_H 1
| #define HAVE_STDINT_H 1
| #define HAVE_WCHAR_H 1
| #define HAVE_STDIO_H 1
| #define HAVE_DECL_CANONICALIZE_FILE_NAME 0
| #define HAVE_GETCWD 1
| #define HAVE_READLINK 1
| #define HAVE_PATHCONF 1
| #define HAVE_SETENV 1
| #define HAVE_DECL_STRERROR_R 1
| #define HAVE_STRERROR_R 1
| #define HAVE_STDLIB_H 1
| #define MALLOC_0_IS_NONNULL 1
| #define HAVE_LONG_LONG_INT 1
| #define HAVE__BOOL 1
| #define HAVE_UNSIGNED_LONG_LONG_INT 1
| #define restrict __restrict
| #define HAVE_DECL_CLEARERR_UNLOCKED 1
| #define HAVE_DECL_FEOF_UNLOCKED 1
| #define HAVE_DECL_FERROR_UNLOCKED 1
| /* end confdefs.h.  */
| #include <stdio.h>
| #ifdef HAVE_SYS_TYPES_H
| # include <sys/types.h>
| #endif
| #ifdef HAVE_SYS_STAT_H
| # include <sys/stat.h>
| #endif
| #ifdef STDC_HEADERS
| # include <stdlib.h>
| # include <stddef.h>
| #else
| # ifdef HAVE_STDLIB_H
| #  include <stdlib.h>
| # endif
| #endif
| #ifdef HAVE_STRING_H
| # if !defined STDC_HEADERS && defined HAVE_MEMORY_H
| #  include <memory.h>
| # endif
| # include <string.h>
| #endif
| #ifdef HAVE_STRINGS_H
| # include <strings.h>
| #endif
| #ifdef HAVE_INTTYPES_H
| # include <inttypes.h>
| #endif
| #ifdef HAVE_STDINT_H
| # include <stdint.h>
| #endif
| #ifdef HAVE_UNISTD_H
| # include <unistd.h>
| #endif
| int
| main ()
| {
| #ifndef fflush_unlocked
|   (void) fflush_unlocked;
| #endif
| 
|   ;
|   return 0;
| }
configure:21141: result: no
configure:21159: checking whether fgets_unlocked is declared
configure:21188: gcc -c -g -O2  conftest.c >&5
conftest.c: In function 'main':
conftest.c:109: error: 'fgets_unlocked' undeclared (first use in this function)
conftest.c:109: error: (Each undeclared identifier is reported only once
conftest.c:109: error: for each function it appears in.)
configure:21195: $? = 1
configure: failed program was:
| /* confdefs.h.  */
| #define PACKAGE_NAME ""
| #define PACKAGE_TARNAME ""
| #define PACKAGE_VERSION ""
| #define PACKAGE_STRING ""
| #define PACKAGE_BUGREPORT ""
| #define PACKAGE "libiconv"
| #define VERSION "1.13.1"
| #define STDC_HEADERS 1
| #define HAVE_SYS_TYPES_H 1
| #define HAVE_SYS_STAT_H 1
| #define HAVE_STDLIB_H 1
| #define HAVE_STRING_H 1
| #define HAVE_MEMORY_H 1
| #define HAVE_STRINGS_H 1
| #define HAVE_INTTYPES_H 1
| #define HAVE_STDINT_H 1
| #define HAVE_UNISTD_H 1
| #define __EXTENSIONS__ 1
| #define _ALL_SOURCE 1
| #define _GNU_SOURCE 1
| #define _POSIX_PTHREAD_SEMANTICS 1
| #define _TANDEM_SOURCE 1
| #define INSTALLPREFIX "/usr/local/Cellar/libiconv/1.13.1"
| #define HAVE_DLFCN_H 1
| #define LT_OBJDIR ".libs/"
| #define HAVE_VISIBILITY 1
| #define HAVE_ICONV 1
| #define ICONV_CONST 
| #define HAVE_ICONV 1
| #define HAVE_MBSTATE_T 1
| #define HAVE_WCHAR_T 1
| #define HAVE_GETC_UNLOCKED 1
| #define HAVE_MBRTOWC 1
| #define HAVE_WCRTOMB 1
| #define HAVE_MBSINIT 1
| #define HAVE_SETLOCALE 1
| #define HAVE_MEMMOVE 1
| #define HAVE_LANGINFO_CODESET 1
| #define HAVE_WCHAR_H 1
| #define WORDS_LITTLEENDIAN 1
| #define HAVE_ALLOCA_H 1
| #define HAVE_ALLOCA 1
| #define HAVE_STDLIB_H 1
| #define HAVE_STRING_H 1
| #define HAVE_SYS_PARAM_H 1
| #define HAVE_UNISTD_H 1
| #define HAVE_ERRNO_H 1
| #define HAVE_SYS_SOCKET_H 1
| #define HAVE_SIGNAL_H 1
| #define HAVE_STDINT_H 1
| #define HAVE_WCHAR_H 1
| #define HAVE_STDIO_H 1
| #define HAVE_DECL_CANONICALIZE_FILE_NAME 0
| #define HAVE_GETCWD 1
| #define HAVE_READLINK 1
| #define HAVE_PATHCONF 1
| #define HAVE_SETENV 1
| #define HAVE_DECL_STRERROR_R 1
| #define HAVE_STRERROR_R 1
| #define HAVE_STDLIB_H 1
| #define MALLOC_0_IS_NONNULL 1
| #define HAVE_LONG_LONG_INT 1
| #define HAVE__BOOL 1
| #define HAVE_UNSIGNED_LONG_LONG_INT 1
| #define restrict __restrict
| #define HAVE_DECL_CLEARERR_UNLOCKED 1
| #define HAVE_DECL_FEOF_UNLOCKED 1
| #define HAVE_DECL_FERROR_UNLOCKED 1
| #define HAVE_DECL_FFLUSH_UNLOCKED 0
| /* end confdefs.h.  */
| #include <stdio.h>
| #ifdef HAVE_SYS_TYPES_H
| # include <sys/types.h>
| #endif
| #ifdef HAVE_SYS_STAT_H
| # include <sys/stat.h>
| #endif
| #ifdef STDC_HEADERS
| # include <stdlib.h>
| # include <stddef.h>
| #else
| # ifdef HAVE_STDLIB_H
| #  include <stdlib.h>
| # endif
| #endif
| #ifdef HAVE_STRING_H
| # if !defined STDC_HEADERS && defined HAVE_MEMORY_H
| #  include <memory.h>
| # endif
| # include <string.h>
| #endif
| #ifdef HAVE_STRINGS_H
| # include <strings.h>
| #endif
| #ifdef HAVE_INTTYPES_H
| # include <inttypes.h>
| #endif
| #ifdef HAVE_STDINT_H
| # include <stdint.h>
| #endif
| #ifdef HAVE_UNISTD_H
| # include <unistd.h>
| #endif
| int
| main ()
| {
| #ifndef fgets_unlocked
|   (void) fgets_unlocked;
| #endif
| 
|   ;
|   return 0;
| }
configure:21210: result: no
configure:21228: checking whether fputc_unlocked is declared
configure:21257: gcc -c -g -O2  conftest.c >&5
conftest.c: In function 'main':
conftest.c:110: error: 'fputc_unlocked' undeclared (first use in this function)
conftest.c:110: error: (Each undeclared identifier is reported only once
conftest.c:110: error: for each function it appears in.)
configure:21264: $? = 1
configure: failed program was:
| /* confdefs.h.  */
| #define PACKAGE_NAME ""
| #define PACKAGE_TARNAME ""
| #define PACKAGE_VERSION ""
| #define PACKAGE_STRING ""
| #define PACKAGE_BUGREPORT ""
| #define PACKAGE "libiconv"
| #define VERSION "1.13.1"
| #define STDC_HEADERS 1
| #define HAVE_SYS_TYPES_H 1
| #define HAVE_SYS_STAT_H 1
| #define HAVE_STDLIB_H 1
| #define HAVE_STRING_H 1
| #define HAVE_MEMORY_H 1
| #define HAVE_STRINGS_H 1
| #define HAVE_INTTYPES_H 1
| #define HAVE_STDINT_H 1
| #define HAVE_UNISTD_H 1
| #define __EXTENSIONS__ 1
| #define _ALL_SOURCE 1
| #define _GNU_SOURCE 1
| #define _POSIX_PTHREAD_SEMANTICS 1
| #define _TANDEM_SOURCE 1
| #define INSTALLPREFIX "/usr/local/Cellar/libiconv/1.13.1"
| #define HAVE_DLFCN_H 1
| #define LT_OBJDIR ".libs/"
| #define HAVE_VISIBILITY 1
| #define HAVE_ICONV 1
| #define ICONV_CONST 
| #define HAVE_ICONV 1
| #define HAVE_MBSTATE_T 1
| #define HAVE_WCHAR_T 1
| #define HAVE_GETC_UNLOCKED 1
| #define HAVE_MBRTOWC 1
| #define HAVE_WCRTOMB 1
| #define HAVE_MBSINIT 1
| #define HAVE_SETLOCALE 1
| #define HAVE_MEMMOVE 1
| #define HAVE_LANGINFO_CODESET 1
| #define HAVE_WCHAR_H 1
| #define WORDS_LITTLEENDIAN 1
| #define HAVE_ALLOCA_H 1
| #define HAVE_ALLOCA 1
| #define HAVE_STDLIB_H 1
| #define HAVE_STRING_H 1
| #define HAVE_SYS_PARAM_H 1
| #define HAVE_UNISTD_H 1
| #define HAVE_ERRNO_H 1
| #define HAVE_SYS_SOCKET_H 1
| #define HAVE_SIGNAL_H 1
| #define HAVE_STDINT_H 1
| #define HAVE_WCHAR_H 1
| #define HAVE_STDIO_H 1
| #define HAVE_DECL_CANONICALIZE_FILE_NAME 0
| #define HAVE_GETCWD 1
| #define HAVE_READLINK 1
| #define HAVE_PATHCONF 1
| #define HAVE_SETENV 1
| #define HAVE_DECL_STRERROR_R 1
| #define HAVE_STRERROR_R 1
| #define HAVE_STDLIB_H 1
| #define MALLOC_0_IS_NONNULL 1
| #define HAVE_LONG_LONG_INT 1
| #define HAVE__BOOL 1
| #define HAVE_UNSIGNED_LONG_LONG_INT 1
| #define restrict __restrict
| #define HAVE_DECL_CLEARERR_UNLOCKED 1
| #define HAVE_DECL_FEOF_UNLOCKED 1
| #define HAVE_DECL_FERROR_UNLOCKED 1
| #define HAVE_DECL_FFLUSH_UNLOCKED 0
| #define HAVE_DECL_FGETS_UNLOCKED 0
| /* end confdefs.h.  */
| #include <stdio.h>
| #ifdef HAVE_SYS_TYPES_H
| # include <sys/types.h>
| #endif
| #ifdef HAVE_SYS_STAT_H
| # include <sys/stat.h>
| #endif
| #ifdef STDC_HEADERS
| # include <stdlib.h>
| # include <stddef.h>
| #else
| # ifdef HAVE_STDLIB_H
| #  include <stdlib.h>
| # endif
| #endif
| #ifdef HAVE_STRING_H
| # if !defined STDC_HEADERS && defined HAVE_MEMORY_H
| #  include <memory.h>
| # endif
| # include <string.h>
| #endif
| #ifdef HAVE_STRINGS_H
| # include <strings.h>
| #endif
| #ifdef HAVE_INTTYPES_H
| # include <inttypes.h>
| #endif
| #ifdef HAVE_STDINT_H
| # include <stdint.h>
| #endif
| #ifdef HAVE_UNISTD_H
| # include <unistd.h>
| #endif
| int
| main ()
| {
| #ifndef fputc_unlocked
|   (void) fputc_unlocked;
| #endif
| 
|   ;
|   return 0;
| }
configure:21279: result: no
configure:21297: checking whether fputs_unlocked is declared
configure:21326: gcc -c -g -O2  conftest.c >&5
conftest.c: In function 'main':
conftest.c:111: error: 'fputs_unlocked' undeclared (first use in this function)
conftest.c:111: error: (Each undeclared identifier is reported only once
conftest.c:111: error: for each function it appears in.)
configure:21333: $? = 1
configure: failed program was:
| /* confdefs.h.  */
| #define PACKAGE_NAME ""
| #define PACKAGE_TARNAME ""
| #define PACKAGE_VERSION ""
| #define PACKAGE_STRING ""
| #define PACKAGE_BUGREPORT ""
| #define PACKAGE "libiconv"
| #define VERSION "1.13.1"
| #define STDC_HEADERS 1
| #define HAVE_SYS_TYPES_H 1
| #define HAVE_SYS_STAT_H 1
| #define HAVE_STDLIB_H 1
| #define HAVE_STRING_H 1
| #define HAVE_MEMORY_H 1
| #define HAVE_STRINGS_H 1
| #define HAVE_INTTYPES_H 1
| #define HAVE_STDINT_H 1
| #define HAVE_UNISTD_H 1
| #define __EXTENSIONS__ 1
| #define _ALL_SOURCE 1
| #define _GNU_SOURCE 1
| #define _POSIX_PTHREAD_SEMANTICS 1
| #define _TANDEM_SOURCE 1
| #define INSTALLPREFIX "/usr/local/Cellar/libiconv/1.13.1"
| #define HAVE_DLFCN_H 1
| #define LT_OBJDIR ".libs/"
| #define HAVE_VISIBILITY 1
| #define HAVE_ICONV 1
| #define ICONV_CONST 
| #define HAVE_ICONV 1
| #define HAVE_MBSTATE_T 1
| #define HAVE_WCHAR_T 1
| #define HAVE_GETC_UNLOCKED 1
| #define HAVE_MBRTOWC 1
| #define HAVE_WCRTOMB 1
| #define HAVE_MBSINIT 1
| #define HAVE_SETLOCALE 1
| #define HAVE_MEMMOVE 1
| #define HAVE_LANGINFO_CODESET 1
| #define HAVE_WCHAR_H 1
| #define WORDS_LITTLEENDIAN 1
| #define HAVE_ALLOCA_H 1
| #define HAVE_ALLOCA 1
| #define HAVE_STDLIB_H 1
| #define HAVE_STRING_H 1
| #define HAVE_SYS_PARAM_H 1
| #define HAVE_UNISTD_H 1
| #define HAVE_ERRNO_H 1
| #define HAVE_SYS_SOCKET_H 1
| #define HAVE_SIGNAL_H 1
| #define HAVE_STDINT_H 1
| #define HAVE_WCHAR_H 1
| #define HAVE_STDIO_H 1
| #define HAVE_DECL_CANONICALIZE_FILE_NAME 0
| #define HAVE_GETCWD 1
| #define HAVE_READLINK 1
| #define HAVE_PATHCONF 1
| #define HAVE_SETENV 1
| #define HAVE_DECL_STRERROR_R 1
| #define HAVE_STRERROR_R 1
| #define HAVE_STDLIB_H 1
| #define MALLOC_0_IS_NONNULL 1
| #define HAVE_LONG_LONG_INT 1
| #define HAVE__BOOL 1
| #define HAVE_UNSIGNED_LONG_LONG_INT 1
| #define restrict __restrict
| #define HAVE_DECL_CLEARERR_UNLOCKED 1
| #define HAVE_DECL_FEOF_UNLOCKED 1
| #define HAVE_DECL_FERROR_UNLOCKED 1
| #define HAVE_DECL_FFLUSH_UNLOCKED 0
| #define HAVE_DECL_FGETS_UNLOCKED 0
| #define HAVE_DECL_FPUTC_UNLOCKED 0
| /* end confdefs.h.  */
| #include <stdio.h>
| #ifdef HAVE_SYS_TYPES_H
| # include <sys/types.h>
| #endif
| #ifdef HAVE_SYS_STAT_H
| # include <sys/stat.h>
| #endif
| #ifdef STDC_HEADERS
| # include <stdlib.h>
| # include <stddef.h>
| #else
| # ifdef HAVE_STDLIB_H
| #  include <stdlib.h>
| # endif
| #endif
| #ifdef HAVE_STRING_H
| # if !defined STDC_HEADERS && defined HAVE_MEMORY_H
| #  include <memory.h>
| # endif
| # include <string.h>
| #endif
| #ifdef HAVE_STRINGS_H
| # include <strings.h>
| #endif
| #ifdef HAVE_INTTYPES_H
| # include <inttypes.h>
| #endif
| #ifdef HAVE_STDINT_H
| # include <stdint.h>
| #endif
| #ifdef HAVE_UNISTD_H
| # include <unistd.h>
| #endif
| int
| main ()
| {
| #ifndef fputs_unlocked
|   (void) fputs_unlocked;
| #endif
| 
|   ;
|   return 0;
| }
configure:21348: result: no
configure:21366: checking whether fread_unlocked is declared
configure:21395: gcc -c -g -O2  conftest.c >&5
conftest.c: In function 'main':
conftest.c:112: error: 'fread_unlocked' undeclared (first use in this function)
conftest.c:112: error: (Each undeclared identifier is reported only once
conftest.c:112: error: for each function it appears in.)
configure:21402: $? = 1
configure: failed program was:
| /* confdefs.h.  */
| #define PACKAGE_NAME ""
| #define PACKAGE_TARNAME ""
| #define PACKAGE_VERSION ""
| #define PACKAGE_STRING ""
| #define PACKAGE_BUGREPORT ""
| #define PACKAGE "libiconv"
| #define VERSION "1.13.1"
| #define STDC_HEADERS 1
| #define HAVE_SYS_TYPES_H 1
| #define HAVE_SYS_STAT_H 1
| #define HAVE_STDLIB_H 1
| #define HAVE_STRING_H 1
| #define HAVE_MEMORY_H 1
| #define HAVE_STRINGS_H 1
| #define HAVE_INTTYPES_H 1
| #define HAVE_STDINT_H 1
| #define HAVE_UNISTD_H 1
| #define __EXTENSIONS__ 1
| #define _ALL_SOURCE 1
| #define _GNU_SOURCE 1
| #define _POSIX_PTHREAD_SEMANTICS 1
| #define _TANDEM_SOURCE 1
| #define INSTALLPREFIX "/usr/local/Cellar/libiconv/1.13.1"
| #define HAVE_DLFCN_H 1
| #define LT_OBJDIR ".libs/"
| #define HAVE_VISIBILITY 1
| #define HAVE_ICONV 1
| #define ICONV_CONST 
| #define HAVE_ICONV 1
| #define HAVE_MBSTATE_T 1
| #define HAVE_WCHAR_T 1
| #define HAVE_GETC_UNLOCKED 1
| #define HAVE_MBRTOWC 1
| #define HAVE_WCRTOMB 1
| #define HAVE_MBSINIT 1
| #define HAVE_SETLOCALE 1
| #define HAVE_MEMMOVE 1
| #define HAVE_LANGINFO_CODESET 1
| #define HAVE_WCHAR_H 1
| #define WORDS_LITTLEENDIAN 1
| #define HAVE_ALLOCA_H 1
| #define HAVE_ALLOCA 1
| #define HAVE_STDLIB_H 1
| #define HAVE_STRING_H 1
| #define HAVE_SYS_PARAM_H 1
| #define HAVE_UNISTD_H 1
| #define HAVE_ERRNO_H 1
| #define HAVE_SYS_SOCKET_H 1
| #define HAVE_SIGNAL_H 1
| #define HAVE_STDINT_H 1
| #define HAVE_WCHAR_H 1
| #define HAVE_STDIO_H 1
| #define HAVE_DECL_CANONICALIZE_FILE_NAME 0
| #define HAVE_GETCWD 1
| #define HAVE_READLINK 1
| #define HAVE_PATHCONF 1
| #define HAVE_SETENV 1
| #define HAVE_DECL_STRERROR_R 1
| #define HAVE_STRERROR_R 1
| #define HAVE_STDLIB_H 1
| #define MALLOC_0_IS_NONNULL 1
| #define HAVE_LONG_LONG_INT 1
| #define HAVE__BOOL 1
| #define HAVE_UNSIGNED_LONG_LONG_INT 1
| #define restrict __restrict
| #define HAVE_DECL_CLEARERR_UNLOCKED 1
| #define HAVE_DECL_FEOF_UNLOCKED 1
| #define HAVE_DECL_FERROR_UNLOCKED 1
| #define HAVE_DECL_FFLUSH_UNLOCKED 0
| #define HAVE_DECL_FGETS_UNLOCKED 0
| #define HAVE_DECL_FPUTC_UNLOCKED 0
| #define HAVE_DECL_FPUTS_UNLOCKED 0
| /* end confdefs.h.  */
| #include <stdio.h>
| #ifdef HAVE_SYS_TYPES_H
| # include <sys/types.h>
| #endif
| #ifdef HAVE_SYS_STAT_H
| # include <sys/stat.h>
| #endif
| #ifdef STDC_HEADERS
| # include <stdlib.h>
| # include <stddef.h>
| #else
| # ifdef HAVE_STDLIB_H
| #  include <stdlib.h>
| # endif
| #endif
| #ifdef HAVE_STRING_H
| # if !defined STDC_HEADERS && defined HAVE_MEMORY_H
| #  include <memory.h>
| # endif
| # include <string.h>
| #endif
| #ifdef HAVE_STRINGS_H
| # include <strings.h>
| #endif
| #ifdef HAVE_INTTYPES_H
| # include <inttypes.h>
| #endif
| #ifdef HAVE_STDINT_H
| # include <stdint.h>
| #endif
| #ifdef HAVE_UNISTD_H
| # include <unistd.h>
| #endif
| int
| main ()
| {
| #ifndef fread_unlocked
|   (void) fread_unlocked;
| #endif
| 
|   ;
|   return 0;
| }
configure:21417: result: no
configure:21435: checking whether fwrite_unlocked is declared
configure:21464: gcc -c -g -O2  conftest.c >&5
conftest.c: In function 'main':
conftest.c:113: error: 'fwrite_unlocked' undeclared (first use in this function)
conftest.c:113: error: (Each undeclared identifier is reported only once
conftest.c:113: error: for each function it appears in.)
configure:21471: $? = 1
configure: failed program was:
| /* confdefs.h.  */
| #define PACKAGE_NAME ""
| #define PACKAGE_TARNAME ""
| #define PACKAGE_VERSION ""
| #define PACKAGE_STRING ""
| #define PACKAGE_BUGREPORT ""
| #define PACKAGE "libiconv"
| #define VERSION "1.13.1"
| #define STDC_HEADERS 1
| #define HAVE_SYS_TYPES_H 1
| #define HAVE_SYS_STAT_H 1
| #define HAVE_STDLIB_H 1
| #define HAVE_STRING_H 1
| #define HAVE_MEMORY_H 1
| #define HAVE_STRINGS_H 1
| #define HAVE_INTTYPES_H 1
| #define HAVE_STDINT_H 1
| #define HAVE_UNISTD_H 1
| #define __EXTENSIONS__ 1
| #define _ALL_SOURCE 1
| #define _GNU_SOURCE 1
| #define _POSIX_PTHREAD_SEMANTICS 1
| #define _TANDEM_SOURCE 1
| #define INSTALLPREFIX "/usr/local/Cellar/libiconv/1.13.1"
| #define HAVE_DLFCN_H 1
| #define LT_OBJDIR ".libs/"
| #define HAVE_VISIBILITY 1
| #define HAVE_ICONV 1
| #define ICONV_CONST 
| #define HAVE_ICONV 1
| #define HAVE_MBSTATE_T 1
| #define HAVE_WCHAR_T 1
| #define HAVE_GETC_UNLOCKED 1
| #define HAVE_MBRTOWC 1
| #define HAVE_WCRTOMB 1
| #define HAVE_MBSINIT 1
| #define HAVE_SETLOCALE 1
| #define HAVE_MEMMOVE 1
| #define HAVE_LANGINFO_CODESET 1
| #define HAVE_WCHAR_H 1
| #define WORDS_LITTLEENDIAN 1
| #define HAVE_ALLOCA_H 1
| #define HAVE_ALLOCA 1
| #define HAVE_STDLIB_H 1
| #define HAVE_STRING_H 1
| #define HAVE_SYS_PARAM_H 1
| #define HAVE_UNISTD_H 1
| #define HAVE_ERRNO_H 1
| #define HAVE_SYS_SOCKET_H 1
| #define HAVE_SIGNAL_H 1
| #define HAVE_STDINT_H 1
| #define HAVE_WCHAR_H 1
| #define HAVE_STDIO_H 1
| #define HAVE_DECL_CANONICALIZE_FILE_NAME 0
| #define HAVE_GETCWD 1
| #define HAVE_READLINK 1
| #define HAVE_PATHCONF 1
| #define HAVE_SETENV 1
| #define HAVE_DECL_STRERROR_R 1
| #define HAVE_STRERROR_R 1
| #define HAVE_STDLIB_H 1
| #define MALLOC_0_IS_NONNULL 1
| #define HAVE_LONG_LONG_INT 1
| #define HAVE__BOOL 1
| #define HAVE_UNSIGNED_LONG_LONG_INT 1
| #define restrict __restrict
| #define HAVE_DECL_CLEARERR_UNLOCKED 1
| #define HAVE_DECL_FEOF_UNLOCKED 1
| #define HAVE_DECL_FERROR_UNLOCKED 1
| #define HAVE_DECL_FFLUSH_UNLOCKED 0
| #define HAVE_DECL_FGETS_UNLOCKED 0
| #define HAVE_DECL_FPUTC_UNLOCKED 0
| #define HAVE_DECL_FPUTS_UNLOCKED 0
| #define HAVE_DECL_FREAD_UNLOCKED 0
| /* end confdefs.h.  */
| #include <stdio.h>
| #ifdef HAVE_SYS_TYPES_H
| # include <sys/types.h>
| #endif
| #ifdef HAVE_SYS_STAT_H
| # include <sys/stat.h>
| #endif
| #ifdef STDC_HEADERS
| # include <stdlib.h>
| # include <stddef.h>
| #else
| # ifdef HAVE_STDLIB_H
| #  include <stdlib.h>
| # endif
| #endif
| #ifdef HAVE_STRING_H
| # if !defined STDC_HEADERS && defined HAVE_MEMORY_H
| #  include <memory.h>
| # endif
| # include <string.h>
| #endif
| #ifdef HAVE_STRINGS_H
| # include <strings.h>
| #endif
| #ifdef HAVE_INTTYPES_H
| # include <inttypes.h>
| #endif
| #ifdef HAVE_STDINT_H
| # include <stdint.h>
| #endif
| #ifdef HAVE_UNISTD_H
| # include <unistd.h>
| #endif
| int
| main ()
| {
| #ifndef fwrite_unlocked
|   (void) fwrite_unlocked;
| #endif
| 
|   ;
|   return 0;
| }
configure:21486: result: no
configure:21504: checking whether getc_unlocked is declared
configure:21533: gcc -c -g -O2  conftest.c >&5
configure:21540: $? = 0
configure:21555: result: yes
configure:21573: checking whether getchar_unlocked is declared
configure:21602: gcc -c -g -O2  conftest.c >&5
configure:21609: $? = 0
configure:21624: result: yes
configure:21642: checking whether putc_unlocked is declared
configure:21671: gcc -c -g -O2  conftest.c >&5
configure:21678: $? = 0
configure:21693: result: yes
configure:21711: checking whether putchar_unlocked is declared
configure:21740: gcc -c -g -O2  conftest.c >&5
configure:21747: $? = 0
configure:21762: result: yes
configure:21818: checking for wint_t
configure:21853: gcc -c -g -O2  conftest.c >&5
configure:21860: $? = 0
configure:21875: result: yes
configure:22009: checking if environ is properly declared
configure:22037: gcc -c -g -O2  conftest.c >&5
configure:22044: $? = 0
configure:22060: result: no
configure:22093: checking for error_at_line
configure:22119: gcc -o conftest -g -O2   conftest.c  >&5
conftest.c:84:19: error: error.h: No such file or directory
configure:22126: $? = 1
configure: failed program was:
| /* confdefs.h.  */
| #define PACKAGE_NAME ""
| #define PACKAGE_TARNAME ""
| #define PACKAGE_VERSION ""
| #define PACKAGE_STRING ""
| #define PACKAGE_BUGREPORT ""
| #define PACKAGE "libiconv"
| #define VERSION "1.13.1"
| #define STDC_HEADERS 1
| #define HAVE_SYS_TYPES_H 1
| #define HAVE_SYS_STAT_H 1
| #define HAVE_STDLIB_H 1
| #define HAVE_STRING_H 1
| #define HAVE_MEMORY_H 1
| #define HAVE_STRINGS_H 1
| #define HAVE_INTTYPES_H 1
| #define HAVE_STDINT_H 1
| #define HAVE_UNISTD_H 1
| #define __EXTENSIONS__ 1
| #define _ALL_SOURCE 1
| #define _GNU_SOURCE 1
| #define _POSIX_PTHREAD_SEMANTICS 1
| #define _TANDEM_SOURCE 1
| #define INSTALLPREFIX "/usr/local/Cellar/libiconv/1.13.1"
| #define HAVE_DLFCN_H 1
| #define LT_OBJDIR ".libs/"
| #define HAVE_VISIBILITY 1
| #define HAVE_ICONV 1
| #define ICONV_CONST 
| #define HAVE_ICONV 1
| #define HAVE_MBSTATE_T 1
| #define HAVE_WCHAR_T 1
| #define HAVE_GETC_UNLOCKED 1
| #define HAVE_MBRTOWC 1
| #define HAVE_WCRTOMB 1
| #define HAVE_MBSINIT 1
| #define HAVE_SETLOCALE 1
| #define HAVE_MEMMOVE 1
| #define HAVE_LANGINFO_CODESET 1
| #define HAVE_WCHAR_H 1
| #define WORDS_LITTLEENDIAN 1
| #define HAVE_ALLOCA_H 1
| #define HAVE_ALLOCA 1
| #define HAVE_STDLIB_H 1
| #define HAVE_STRING_H 1
| #define HAVE_SYS_PARAM_H 1
| #define HAVE_UNISTD_H 1
| #define HAVE_ERRNO_H 1
| #define HAVE_SYS_SOCKET_H 1
| #define HAVE_SIGNAL_H 1
| #define HAVE_STDINT_H 1
| #define HAVE_WCHAR_H 1
| #define HAVE_STDIO_H 1
| #define HAVE_DECL_CANONICALIZE_FILE_NAME 0
| #define HAVE_GETCWD 1
| #define HAVE_READLINK 1
| #define HAVE_PATHCONF 1
| #define HAVE_SETENV 1
| #define HAVE_DECL_STRERROR_R 1
| #define HAVE_STRERROR_R 1
| #define HAVE_STDLIB_H 1
| #define MALLOC_0_IS_NONNULL 1
| #define HAVE_LONG_LONG_INT 1
| #define HAVE__BOOL 1
| #define HAVE_UNSIGNED_LONG_LONG_INT 1
| #define restrict __restrict
| #define HAVE_DECL_CLEARERR_UNLOCKED 1
| #define HAVE_DECL_FEOF_UNLOCKED 1
| #define HAVE_DECL_FERROR_UNLOCKED 1
| #define HAVE_DECL_FFLUSH_UNLOCKED 0
| #define HAVE_DECL_FGETS_UNLOCKED 0
| #define HAVE_DECL_FPUTC_UNLOCKED 0
| #define HAVE_DECL_FPUTS_UNLOCKED 0
| #define HAVE_DECL_FREAD_UNLOCKED 0
| #define HAVE_DECL_FWRITE_UNLOCKED 0
| #define HAVE_DECL_GETC_UNLOCKED 1
| #define HAVE_DECL_GETCHAR_UNLOCKED 1
| #define HAVE_DECL_PUTC_UNLOCKED 1
| #define HAVE_DECL_PUTCHAR_UNLOCKED 1
| #define HAVE_WINT_T 1
| #define realpath rpl_realpath
| #define GNULIB_CANONICALIZE_LGPL 1
| /* end confdefs.h.  */
| #include <error.h>
| int
| main ()
| {
| error_at_line (0, 0, "", 0, "an error occurred");
|   ;
|   return 0;
| }
configure:22146: result: no
configure:22211: checking for mbstate_t
configure:22260: result: yes
configure:22289: checking for memmove
configure:22374: result: yes
configure:22558: checking search.h usability
configure:22575: gcc -c -g -O2  conftest.c >&5
configure:22582: $? = 0
configure:22596: result: yes
configure:22600: checking search.h presence
configure:22615: gcc -E  conftest.c
configure:22622: $? = 0
configure:22636: result: yes
configure:22664: checking for search.h
configure:22673: result: yes
configure:22692: checking for tsearch
configure:22748: gcc -o conftest -g -O2   conftest.c  >&5
configure:22755: $? = 0
configure:22777: result: yes
configure:22795: checking for working strerror function
configure:22868: gcc -o conftest -g -O2   conftest.c  >&5
configure:22872: $? = 0
configure:22878: ./conftest
configure:22882: $? = 0
configure:22900: result: yes
configure:23202: checking for volatile sig_atomic_t
configure:23233: gcc -c -g -O2  conftest.c >&5
configure:23240: $? = 0
configure:23270: gcc -c -g -O2  conftest.c >&5
conftest.c: In function 'main':
conftest.c:96: error: expected expression before ')' token
configure:23277: $? = 1
configure: failed program was:
| /* confdefs.h.  */
| #define PACKAGE_NAME ""
| #define PACKAGE_TARNAME ""
| #define PACKAGE_VERSION ""
| #define PACKAGE_STRING ""
| #define PACKAGE_BUGREPORT ""
| #define PACKAGE "libiconv"
| #define VERSION "1.13.1"
| #define STDC_HEADERS 1
| #define HAVE_SYS_TYPES_H 1
| #define HAVE_SYS_STAT_H 1
| #define HAVE_STDLIB_H 1
| #define HAVE_STRING_H 1
| #define HAVE_MEMORY_H 1
| #define HAVE_STRINGS_H 1
| #define HAVE_INTTYPES_H 1
| #define HAVE_STDINT_H 1
| #define HAVE_UNISTD_H 1
| #define __EXTENSIONS__ 1
| #define _ALL_SOURCE 1
| #define _GNU_SOURCE 1
| #define _POSIX_PTHREAD_SEMANTICS 1
| #define _TANDEM_SOURCE 1
| #define INSTALLPREFIX "/usr/local/Cellar/libiconv/1.13.1"
| #define HAVE_DLFCN_H 1
| #define LT_OBJDIR ".libs/"
| #define HAVE_VISIBILITY 1
| #define HAVE_ICONV 1
| #define ICONV_CONST 
| #define HAVE_ICONV 1
| #define HAVE_MBSTATE_T 1
| #define HAVE_WCHAR_T 1
| #define HAVE_GETC_UNLOCKED 1
| #define HAVE_MBRTOWC 1
| #define HAVE_WCRTOMB 1
| #define HAVE_MBSINIT 1
| #define HAVE_SETLOCALE 1
| #define HAVE_MEMMOVE 1
| #define HAVE_LANGINFO_CODESET 1
| #define HAVE_WCHAR_H 1
| #define WORDS_LITTLEENDIAN 1
| #define HAVE_ALLOCA_H 1
| #define HAVE_ALLOCA 1
| #define HAVE_STDLIB_H 1
| #define HAVE_STRING_H 1
| #define HAVE_SYS_PARAM_H 1
| #define HAVE_UNISTD_H 1
| #define HAVE_ERRNO_H 1
| #define HAVE_SYS_SOCKET_H 1
| #define HAVE_SIGNAL_H 1
| #define HAVE_STDINT_H 1
| #define HAVE_WCHAR_H 1
| #define HAVE_STDIO_H 1
| #define HAVE_DECL_CANONICALIZE_FILE_NAME 0
| #define HAVE_GETCWD 1
| #define HAVE_READLINK 1
| #define HAVE_PATHCONF 1
| #define HAVE_SETENV 1
| #define HAVE_DECL_STRERROR_R 1
| #define HAVE_STRERROR_R 1
| #define HAVE_STDLIB_H 1
| #define MALLOC_0_IS_NONNULL 1
| #define HAVE_LONG_LONG_INT 1
| #define HAVE__BOOL 1
| #define HAVE_UNSIGNED_LONG_LONG_INT 1
| #define restrict __restrict
| #define HAVE_DECL_CLEARERR_UNLOCKED 1
| #define HAVE_DECL_FEOF_UNLOCKED 1
| #define HAVE_DECL_FERROR_UNLOCKED 1
| #define HAVE_DECL_FFLUSH_UNLOCKED 0
| #define HAVE_DECL_FGETS_UNLOCKED 0
| #define HAVE_DECL_FPUTC_UNLOCKED 0
| #define HAVE_DECL_FPUTS_UNLOCKED 0
| #define HAVE_DECL_FREAD_UNLOCKED 0
| #define HAVE_DECL_FWRITE_UNLOCKED 0
| #define HAVE_DECL_GETC_UNLOCKED 1
| #define HAVE_DECL_GETCHAR_UNLOCKED 1
| #define HAVE_DECL_PUTC_UNLOCKED 1
| #define HAVE_DECL_PUTCHAR_UNLOCKED 1
| #define HAVE_WINT_T 1
| #define realpath rpl_realpath
| #define GNULIB_CANONICALIZE_LGPL 1
| #define HAVE_MALLOC_POSIX 1
| #define HAVE_MBSTATE_T 1
| #define HAVE_MEMMOVE 1
| #define HAVE_SEARCH_H 1
| #define HAVE_TSEARCH 1
| /* end confdefs.h.  */
| 
| #include <signal.h>
| 
| 
| int
| main ()
| {
| if (sizeof ((volatile sig_atomic_t)))
| 	  return 0;
|   ;
|   return 0;
| }
configure:23300: result: yes
configure:23346: checking for sigprocmask
configure:23402: gcc -o conftest -g -O2   conftest.c  >&5
configure:23409: $? = 0
configure:23429: result: yes
configure:23573: checking for ssize_t
configure:23600: gcc -c -g -O2  conftest.c >&5
configure:23607: $? = 0
configure:23622: result: yes
configure:23752: checking whether stdint.h conforms to C99
configure:23931: gcc -c -g -O2  conftest.c >&5
conftest.c:211: error: negative width in bit-field 'check_UINT8_C'
conftest.c:213: error: negative width in bit-field 'check_UINT16_C'
configure:23938: $? = 1
configure: failed program was:
| 
|          /* confdefs.h.  */
| #define PACKAGE_NAME ""
| #define PACKAGE_TARNAME ""
| #define PACKAGE_VERSION ""
| #define PACKAGE_STRING ""
| #define PACKAGE_BUGREPORT ""
| #define PACKAGE "libiconv"
| #define VERSION "1.13.1"
| #define STDC_HEADERS 1
| #define HAVE_SYS_TYPES_H 1
| #define HAVE_SYS_STAT_H 1
| #define HAVE_STDLIB_H 1
| #define HAVE_STRING_H 1
| #define HAVE_MEMORY_H 1
| #define HAVE_STRINGS_H 1
| #define HAVE_INTTYPES_H 1
| #define HAVE_STDINT_H 1
| #define HAVE_UNISTD_H 1
| #define __EXTENSIONS__ 1
| #define _ALL_SOURCE 1
| #define _GNU_SOURCE 1
| #define _POSIX_PTHREAD_SEMANTICS 1
| #define _TANDEM_SOURCE 1
| #define INSTALLPREFIX "/usr/local/Cellar/libiconv/1.13.1"
| #define HAVE_DLFCN_H 1
| #define LT_OBJDIR ".libs/"
| #define HAVE_VISIBILITY 1
| #define HAVE_ICONV 1
| #define ICONV_CONST 
| #define HAVE_ICONV 1
| #define HAVE_MBSTATE_T 1
| #define HAVE_WCHAR_T 1
| #define HAVE_GETC_UNLOCKED 1
| #define HAVE_MBRTOWC 1
| #define HAVE_WCRTOMB 1
| #define HAVE_MBSINIT 1
| #define HAVE_SETLOCALE 1
| #define HAVE_MEMMOVE 1
| #define HAVE_LANGINFO_CODESET 1
| #define HAVE_WCHAR_H 1
| #define WORDS_LITTLEENDIAN 1
| #define HAVE_ALLOCA_H 1
| #define HAVE_ALLOCA 1
| #define HAVE_STDLIB_H 1
| #define HAVE_STRING_H 1
| #define HAVE_SYS_PARAM_H 1
| #define HAVE_UNISTD_H 1
| #define HAVE_ERRNO_H 1
| #define HAVE_SYS_SOCKET_H 1
| #define HAVE_SIGNAL_H 1
| #define HAVE_STDINT_H 1
| #define HAVE_WCHAR_H 1
| #define HAVE_STDIO_H 1
| #define HAVE_DECL_CANONICALIZE_FILE_NAME 0
| #define HAVE_GETCWD 1
| #define HAVE_READLINK 1
| #define HAVE_PATHCONF 1
| #define HAVE_SETENV 1
| #define HAVE_DECL_STRERROR_R 1
| #define HAVE_STRERROR_R 1
| #define HAVE_STDLIB_H 1
| #define MALLOC_0_IS_NONNULL 1
| #define HAVE_LONG_LONG_INT 1
| #define HAVE__BOOL 1
| #define HAVE_UNSIGNED_LONG_LONG_INT 1
| #define restrict __restrict
| #define HAVE_DECL_CLEARERR_UNLOCKED 1
| #define HAVE_DECL_FEOF_UNLOCKED 1
| #define HAVE_DECL_FERROR_UNLOCKED 1
| #define HAVE_DECL_FFLUSH_UNLOCKED 0
| #define HAVE_DECL_FGETS_UNLOCKED 0
| #define HAVE_DECL_FPUTC_UNLOCKED 0
| #define HAVE_DECL_FPUTS_UNLOCKED 0
| #define HAVE_DECL_FREAD_UNLOCKED 0
| #define HAVE_DECL_FWRITE_UNLOCKED 0
| #define HAVE_DECL_GETC_UNLOCKED 1
| #define HAVE_DECL_GETCHAR_UNLOCKED 1
| #define HAVE_DECL_PUTC_UNLOCKED 1
| #define HAVE_DECL_PUTCHAR_UNLOCKED 1
| #define HAVE_WINT_T 1
| #define realpath rpl_realpath
| #define GNULIB_CANONICALIZE_LGPL 1
| #define HAVE_MALLOC_POSIX 1
| #define HAVE_MBSTATE_T 1
| #define HAVE_MEMMOVE 1
| #define HAVE_SEARCH_H 1
| #define HAVE_TSEARCH 1
| #define GNULIB_SIGPIPE 1
| /* end confdefs.h.  */
| 
| #define __STDC_LIMIT_MACROS 1 /* to make it work also in C++ mode */
| #define __STDC_CONSTANT_MACROS 1 /* to make it work also in C++ mode */
| #define _GL_JUST_INCLUDE_SYSTEM_STDINT_H 1 /* work if build isn't clean */
| #include <stdint.h>
| /* Dragonfly defines WCHAR_MIN, WCHAR_MAX only in <wchar.h>.  */
| #if !(defined WCHAR_MIN && defined WCHAR_MAX)
| #error "WCHAR_MIN, WCHAR_MAX not defined in <stdint.h>"
| #endif
| 
| 
|   /* BSD/OS 4.0.1 has a bug: <stddef.h>, <stdio.h> and <time.h> must be
|      included before <wchar.h>.  */
|   #include <stddef.h>
|   #include <signal.h>
|   #if HAVE_WCHAR_H
|   # include <stdio.h>
|   # include <time.h>
|   # include <wchar.h>
|   #endif
| 
| 
| #ifdef INT8_MAX
| int8_t a1 = INT8_MAX;
| int8_t a1min = INT8_MIN;
| #endif
| #ifdef INT16_MAX
| int16_t a2 = INT16_MAX;
| int16_t a2min = INT16_MIN;
| #endif
| #ifdef INT32_MAX
| int32_t a3 = INT32_MAX;
| int32_t a3min = INT32_MIN;
| #endif
| #ifdef INT64_MAX
| int64_t a4 = INT64_MAX;
| int64_t a4min = INT64_MIN;
| #endif
| #ifdef UINT8_MAX
| uint8_t b1 = UINT8_MAX;
| #else
| typedef int b1[(unsigned char) -1 != 255 ? 1 : -1];
| #endif
| #ifdef UINT16_MAX
| uint16_t b2 = UINT16_MAX;
| #endif
| #ifdef UINT32_MAX
| uint32_t b3 = UINT32_MAX;
| #endif
| #ifdef UINT64_MAX
| uint64_t b4 = UINT64_MAX;
| #endif
| int_least8_t c1 = INT8_C (0x7f);
| int_least8_t c1max = INT_LEAST8_MAX;
| int_least8_t c1min = INT_LEAST8_MIN;
| int_least16_t c2 = INT16_C (0x7fff);
| int_least16_t c2max = INT_LEAST16_MAX;
| int_least16_t c2min = INT_LEAST16_MIN;
| int_least32_t c3 = INT32_C (0x7fffffff);
| int_least32_t c3max = INT_LEAST32_MAX;
| int_least32_t c3min = INT_LEAST32_MIN;
| int_least64_t c4 = INT64_C (0x7fffffffffffffff);
| int_least64_t c4max = INT_LEAST64_MAX;
| int_least64_t c4min = INT_LEAST64_MIN;
| uint_least8_t d1 = UINT8_C (0xff);
| uint_least8_t d1max = UINT_LEAST8_MAX;
| uint_least16_t d2 = UINT16_C (0xffff);
| uint_least16_t d2max = UINT_LEAST16_MAX;
| uint_least32_t d3 = UINT32_C (0xffffffff);
| uint_least32_t d3max = UINT_LEAST32_MAX;
| uint_least64_t d4 = UINT64_C (0xffffffffffffffff);
| uint_least64_t d4max = UINT_LEAST64_MAX;
| int_fast8_t e1 = INT_FAST8_MAX;
| int_fast8_t e1min = INT_FAST8_MIN;
| int_fast16_t e2 = INT_FAST16_MAX;
| int_fast16_t e2min = INT_FAST16_MIN;
| int_fast32_t e3 = INT_FAST32_MAX;
| int_fast32_t e3min = INT_FAST32_MIN;
| int_fast64_t e4 = INT_FAST64_MAX;
| int_fast64_t e4min = INT_FAST64_MIN;
| uint_fast8_t f1 = UINT_FAST8_MAX;
| uint_fast16_t f2 = UINT_FAST16_MAX;
| uint_fast32_t f3 = UINT_FAST32_MAX;
| uint_fast64_t f4 = UINT_FAST64_MAX;
| #ifdef INTPTR_MAX
| intptr_t g = INTPTR_MAX;
| intptr_t gmin = INTPTR_MIN;
| #endif
| #ifdef UINTPTR_MAX
| uintptr_t h = UINTPTR_MAX;
| #endif
| intmax_t i = INTMAX_MAX;
| uintmax_t j = UINTMAX_MAX;
| 
| #include <limits.h> /* for CHAR_BIT */
| #define TYPE_MINIMUM(t)   ((t) ((t) 0 < (t) -1 ? (t) 0 : ~ (t) 0 << (sizeof (t) * CHAR_BIT - 1)))
| #define TYPE_MAXIMUM(t)   ((t) ((t) 0 < (t) -1 ? (t) -1 : ~ (~ (t) 0 << (sizeof (t) * CHAR_BIT - 1))))
| struct s {
|   int check_PTRDIFF:
|       PTRDIFF_MIN == TYPE_MINIMUM (ptrdiff_t)
|       && PTRDIFF_MAX == TYPE_MAXIMUM (ptrdiff_t)
|       ? 1 : -1;
|   /* Detect bug in FreeBSD 6.0 / ia64.  */
|   int check_SIG_ATOMIC:
|       SIG_ATOMIC_MIN == TYPE_MINIMUM (sig_atomic_t)
|       && SIG_ATOMIC_MAX == TYPE_MAXIMUM (sig_atomic_t)
|       ? 1 : -1;
|   int check_SIZE: SIZE_MAX == TYPE_MAXIMUM (size_t) ? 1 : -1;
|   int check_WCHAR:
|       WCHAR_MIN == TYPE_MINIMUM (wchar_t)
|       && WCHAR_MAX == TYPE_MAXIMUM (wchar_t)
|       ? 1 : -1;
|   /* Detect bug in mingw.  */
|   int check_WINT:
|       WINT_MIN == TYPE_MINIMUM (wint_t)
|       && WINT_MAX == TYPE_MAXIMUM (wint_t)
|       ? 1 : -1;
| 
|   /* Detect bugs in glibc 2.4 and Solaris 10 stdint.h, among others.  */
|   int check_UINT8_C:
|         (-1 < UINT8_C (0)) == (-1 < (uint_least8_t) 0) ? 1 : -1;
|   int check_UINT16_C:
|         (-1 < UINT16_C (0)) == (-1 < (uint_least16_t) 0) ? 1 : -1;
| 
|   /* Detect bugs in OpenBSD 3.9 stdint.h.  */
| #ifdef UINT8_MAX
|   int check_uint8: (uint8_t) -1 == UINT8_MAX ? 1 : -1;
| #endif
| #ifdef UINT16_MAX
|   int check_uint16: (uint16_t) -1 == UINT16_MAX ? 1 : -1;
| #endif
| #ifdef UINT32_MAX
|   int check_uint32: (uint32_t) -1 == UINT32_MAX ? 1 : -1;
| #endif
| #ifdef UINT64_MAX
|   int check_uint64: (uint64_t) -1 == UINT64_MAX ? 1 : -1;
| #endif
|   int check_uint_least8: (uint_least8_t) -1 == UINT_LEAST8_MAX ? 1 : -1;
|   int check_uint_least16: (uint_least16_t) -1 == UINT_LEAST16_MAX ? 1 : -1;
|   int check_uint_least32: (uint_least32_t) -1 == UINT_LEAST32_MAX ? 1 : -1;
|   int check_uint_least64: (uint_least64_t) -1 == UINT_LEAST64_MAX ? 1 : -1;
|   int check_uint_fast8: (uint_fast8_t) -1 == UINT_FAST8_MAX ? 1 : -1;
|   int check_uint_fast16: (uint_fast16_t) -1 == UINT_FAST16_MAX ? 1 : -1;
|   int check_uint_fast32: (uint_fast32_t) -1 == UINT_FAST32_MAX ? 1 : -1;
|   int check_uint_fast64: (uint_fast64_t) -1 == UINT_FAST64_MAX ? 1 : -1;
|   int check_uintptr: (uintptr_t) -1 == UINTPTR_MAX ? 1 : -1;
|   int check_uintmax: (uintmax_t) -1 == UINTMAX_MAX ? 1 : -1;
|   int check_size: (size_t) -1 == SIZE_MAX ? 1 : -1;
| };
| 
| int
| main ()
| {
| 
|   ;
|   return 0;
| }
configure:24073: result: no
configure:24096: checking sys/inttypes.h usability
configure:24113: gcc -c -g -O2  conftest.c >&5
conftest.c:123:26: error: sys/inttypes.h: No such file or directory
configure:24120: $? = 1
configure: failed program was:
| /* confdefs.h.  */
| #define PACKAGE_NAME ""
| #define PACKAGE_TARNAME ""
| #define PACKAGE_VERSION ""
| #define PACKAGE_STRING ""
| #define PACKAGE_BUGREPORT ""
| #define PACKAGE "libiconv"
| #define VERSION "1.13.1"
| #define STDC_HEADERS 1
| #define HAVE_SYS_TYPES_H 1
| #define HAVE_SYS_STAT_H 1
| #define HAVE_STDLIB_H 1
| #define HAVE_STRING_H 1
| #define HAVE_MEMORY_H 1
| #define HAVE_STRINGS_H 1
| #define HAVE_INTTYPES_H 1
| #define HAVE_STDINT_H 1
| #define HAVE_UNISTD_H 1
| #define __EXTENSIONS__ 1
| #define _ALL_SOURCE 1
| #define _GNU_SOURCE 1
| #define _POSIX_PTHREAD_SEMANTICS 1
| #define _TANDEM_SOURCE 1
| #define INSTALLPREFIX "/usr/local/Cellar/libiconv/1.13.1"
| #define HAVE_DLFCN_H 1
| #define LT_OBJDIR ".libs/"
| #define HAVE_VISIBILITY 1
| #define HAVE_ICONV 1
| #define ICONV_CONST 
| #define HAVE_ICONV 1
| #define HAVE_MBSTATE_T 1
| #define HAVE_WCHAR_T 1
| #define HAVE_GETC_UNLOCKED 1
| #define HAVE_MBRTOWC 1
| #define HAVE_WCRTOMB 1
| #define HAVE_MBSINIT 1
| #define HAVE_SETLOCALE 1
| #define HAVE_MEMMOVE 1
| #define HAVE_LANGINFO_CODESET 1
| #define HAVE_WCHAR_H 1
| #define WORDS_LITTLEENDIAN 1
| #define HAVE_ALLOCA_H 1
| #define HAVE_ALLOCA 1
| #define HAVE_STDLIB_H 1
| #define HAVE_STRING_H 1
| #define HAVE_SYS_PARAM_H 1
| #define HAVE_UNISTD_H 1
| #define HAVE_ERRNO_H 1
| #define HAVE_SYS_SOCKET_H 1
| #define HAVE_SIGNAL_H 1
| #define HAVE_STDINT_H 1
| #define HAVE_WCHAR_H 1
| #define HAVE_STDIO_H 1
| #define HAVE_DECL_CANONICALIZE_FILE_NAME 0
| #define HAVE_GETCWD 1
| #define HAVE_READLINK 1
| #define HAVE_PATHCONF 1
| #define HAVE_SETENV 1
| #define HAVE_DECL_STRERROR_R 1
| #define HAVE_STRERROR_R 1
| #define HAVE_STDLIB_H 1
| #define MALLOC_0_IS_NONNULL 1
| #define HAVE_LONG_LONG_INT 1
| #define HAVE__BOOL 1
| #define HAVE_UNSIGNED_LONG_LONG_INT 1
| #define restrict __restrict
| #define HAVE_DECL_CLEARERR_UNLOCKED 1
| #define HAVE_DECL_FEOF_UNLOCKED 1
| #define HAVE_DECL_FERROR_UNLOCKED 1
| #define HAVE_DECL_FFLUSH_UNLOCKED 0
| #define HAVE_DECL_FGETS_UNLOCKED 0
| #define HAVE_DECL_FPUTC_UNLOCKED 0
| #define HAVE_DECL_FPUTS_UNLOCKED 0
| #define HAVE_DECL_FREAD_UNLOCKED 0
| #define HAVE_DECL_FWRITE_UNLOCKED 0
| #define HAVE_DECL_GETC_UNLOCKED 1
| #define HAVE_DECL_GETCHAR_UNLOCKED 1
| #define HAVE_DECL_PUTC_UNLOCKED 1
| #define HAVE_DECL_PUTCHAR_UNLOCKED 1
| #define HAVE_WINT_T 1
| #define realpath rpl_realpath
| #define GNULIB_CANONICALIZE_LGPL 1
| #define HAVE_MALLOC_POSIX 1
| #define HAVE_MBSTATE_T 1
| #define HAVE_MEMMOVE 1
| #define HAVE_SEARCH_H 1
| #define HAVE_TSEARCH 1
| #define GNULIB_SIGPIPE 1
| /* end confdefs.h.  */
| #include <stdio.h>
| #ifdef HAVE_SYS_TYPES_H
| # include <sys/types.h>
| #endif
| #ifdef HAVE_SYS_STAT_H
| # include <sys/stat.h>
| #endif
| #ifdef STDC_HEADERS
| # include <stdlib.h>
| # include <stddef.h>
| #else
| # ifdef HAVE_STDLIB_H
| #  include <stdlib.h>
| # endif
| #endif
| #ifdef HAVE_STRING_H
| # if !defined STDC_HEADERS && defined HAVE_MEMORY_H
| #  include <memory.h>
| # endif
| # include <string.h>
| #endif
| #ifdef HAVE_STRINGS_H
| # include <strings.h>
| #endif
| #ifdef HAVE_INTTYPES_H
| # include <inttypes.h>
| #endif
| #ifdef HAVE_STDINT_H
| # include <stdint.h>
| #endif
| #ifdef HAVE_UNISTD_H
| # include <unistd.h>
| #endif
| #include <sys/inttypes.h>
configure:24134: result: no
configure:24138: checking sys/inttypes.h presence
configure:24153: gcc -E  conftest.c
conftest.c:90:26: error: sys/inttypes.h: No such file or directory
configure:24160: $? = 1
configure: failed program was:
| /* confdefs.h.  */
| #define PACKAGE_NAME ""
| #define PACKAGE_TARNAME ""
| #define PACKAGE_VERSION ""
| #define PACKAGE_STRING ""
| #define PACKAGE_BUGREPORT ""
| #define PACKAGE "libiconv"
| #define VERSION "1.13.1"
| #define STDC_HEADERS 1
| #define HAVE_SYS_TYPES_H 1
| #define HAVE_SYS_STAT_H 1
| #define HAVE_STDLIB_H 1
| #define HAVE_STRING_H 1
| #define HAVE_MEMORY_H 1
| #define HAVE_STRINGS_H 1
| #define HAVE_INTTYPES_H 1
| #define HAVE_STDINT_H 1
| #define HAVE_UNISTD_H 1
| #define __EXTENSIONS__ 1
| #define _ALL_SOURCE 1
| #define _GNU_SOURCE 1
| #define _POSIX_PTHREAD_SEMANTICS 1
| #define _TANDEM_SOURCE 1
| #define INSTALLPREFIX "/usr/local/Cellar/libiconv/1.13.1"
| #define HAVE_DLFCN_H 1
| #define LT_OBJDIR ".libs/"
| #define HAVE_VISIBILITY 1
| #define HAVE_ICONV 1
| #define ICONV_CONST 
| #define HAVE_ICONV 1
| #define HAVE_MBSTATE_T 1
| #define HAVE_WCHAR_T 1
| #define HAVE_GETC_UNLOCKED 1
| #define HAVE_MBRTOWC 1
| #define HAVE_WCRTOMB 1
| #define HAVE_MBSINIT 1
| #define HAVE_SETLOCALE 1
| #define HAVE_MEMMOVE 1
| #define HAVE_LANGINFO_CODESET 1
| #define HAVE_WCHAR_H 1
| #define WORDS_LITTLEENDIAN 1
| #define HAVE_ALLOCA_H 1
| #define HAVE_ALLOCA 1
| #define HAVE_STDLIB_H 1
| #define HAVE_STRING_H 1
| #define HAVE_SYS_PARAM_H 1
| #define HAVE_UNISTD_H 1
| #define HAVE_ERRNO_H 1
| #define HAVE_SYS_SOCKET_H 1
| #define HAVE_SIGNAL_H 1
| #define HAVE_STDINT_H 1
| #define HAVE_WCHAR_H 1
| #define HAVE_STDIO_H 1
| #define HAVE_DECL_CANONICALIZE_FILE_NAME 0
| #define HAVE_GETCWD 1
| #define HAVE_READLINK 1
| #define HAVE_PATHCONF 1
| #define HAVE_SETENV 1
| #define HAVE_DECL_STRERROR_R 1
| #define HAVE_STRERROR_R 1
| #define HAVE_STDLIB_H 1
| #define MALLOC_0_IS_NONNULL 1
| #define HAVE_LONG_LONG_INT 1
| #define HAVE__BOOL 1
| #define HAVE_UNSIGNED_LONG_LONG_INT 1
| #define restrict __restrict
| #define HAVE_DECL_CLEARERR_UNLOCKED 1
| #define HAVE_DECL_FEOF_UNLOCKED 1
| #define HAVE_DECL_FERROR_UNLOCKED 1
| #define HAVE_DECL_FFLUSH_UNLOCKED 0
| #define HAVE_DECL_FGETS_UNLOCKED 0
| #define HAVE_DECL_FPUTC_UNLOCKED 0
| #define HAVE_DECL_FPUTS_UNLOCKED 0
| #define HAVE_DECL_FREAD_UNLOCKED 0
| #define HAVE_DECL_FWRITE_UNLOCKED 0
| #define HAVE_DECL_GETC_UNLOCKED 1
| #define HAVE_DECL_GETCHAR_UNLOCKED 1
| #define HAVE_DECL_PUTC_UNLOCKED 1
| #define HAVE_DECL_PUTCHAR_UNLOCKED 1
| #define HAVE_WINT_T 1
| #define realpath rpl_realpath
| #define GNULIB_CANONICALIZE_LGPL 1
| #define HAVE_MALLOC_POSIX 1
| #define HAVE_MBSTATE_T 1
| #define HAVE_MEMMOVE 1
| #define HAVE_SEARCH_H 1
| #define HAVE_TSEARCH 1
| #define GNULIB_SIGPIPE 1
| /* end confdefs.h.  */
| #include <sys/inttypes.h>
configure:24174: result: no
configure:24202: checking for sys/inttypes.h
configure:24211: result: no
configure:24096: checking sys/bitypes.h usability
configure:24113: gcc -c -g -O2  conftest.c >&5
conftest.c:123:25: error: sys/bitypes.h: No such file or directory
configure:24120: $? = 1
configure: failed program was:
| /* confdefs.h.  */
| #define PACKAGE_NAME ""
| #define PACKAGE_TARNAME ""
| #define PACKAGE_VERSION ""
| #define PACKAGE_STRING ""
| #define PACKAGE_BUGREPORT ""
| #define PACKAGE "libiconv"
| #define VERSION "1.13.1"
| #define STDC_HEADERS 1
| #define HAVE_SYS_TYPES_H 1
| #define HAVE_SYS_STAT_H 1
| #define HAVE_STDLIB_H 1
| #define HAVE_STRING_H 1
| #define HAVE_MEMORY_H 1
| #define HAVE_STRINGS_H 1
| #define HAVE_INTTYPES_H 1
| #define HAVE_STDINT_H 1
| #define HAVE_UNISTD_H 1
| #define __EXTENSIONS__ 1
| #define _ALL_SOURCE 1
| #define _GNU_SOURCE 1
| #define _POSIX_PTHREAD_SEMANTICS 1
| #define _TANDEM_SOURCE 1
| #define INSTALLPREFIX "/usr/local/Cellar/libiconv/1.13.1"
| #define HAVE_DLFCN_H 1
| #define LT_OBJDIR ".libs/"
| #define HAVE_VISIBILITY 1
| #define HAVE_ICONV 1
| #define ICONV_CONST 
| #define HAVE_ICONV 1
| #define HAVE_MBSTATE_T 1
| #define HAVE_WCHAR_T 1
| #define HAVE_GETC_UNLOCKED 1
| #define HAVE_MBRTOWC 1
| #define HAVE_WCRTOMB 1
| #define HAVE_MBSINIT 1
| #define HAVE_SETLOCALE 1
| #define HAVE_MEMMOVE 1
| #define HAVE_LANGINFO_CODESET 1
| #define HAVE_WCHAR_H 1
| #define WORDS_LITTLEENDIAN 1
| #define HAVE_ALLOCA_H 1
| #define HAVE_ALLOCA 1
| #define HAVE_STDLIB_H 1
| #define HAVE_STRING_H 1
| #define HAVE_SYS_PARAM_H 1
| #define HAVE_UNISTD_H 1
| #define HAVE_ERRNO_H 1
| #define HAVE_SYS_SOCKET_H 1
| #define HAVE_SIGNAL_H 1
| #define HAVE_STDINT_H 1
| #define HAVE_WCHAR_H 1
| #define HAVE_STDIO_H 1
| #define HAVE_DECL_CANONICALIZE_FILE_NAME 0
| #define HAVE_GETCWD 1
| #define HAVE_READLINK 1
| #define HAVE_PATHCONF 1
| #define HAVE_SETENV 1
| #define HAVE_DECL_STRERROR_R 1
| #define HAVE_STRERROR_R 1
| #define HAVE_STDLIB_H 1
| #define MALLOC_0_IS_NONNULL 1
| #define HAVE_LONG_LONG_INT 1
| #define HAVE__BOOL 1
| #define HAVE_UNSIGNED_LONG_LONG_INT 1
| #define restrict __restrict
| #define HAVE_DECL_CLEARERR_UNLOCKED 1
| #define HAVE_DECL_FEOF_UNLOCKED 1
| #define HAVE_DECL_FERROR_UNLOCKED 1
| #define HAVE_DECL_FFLUSH_UNLOCKED 0
| #define HAVE_DECL_FGETS_UNLOCKED 0
| #define HAVE_DECL_FPUTC_UNLOCKED 0
| #define HAVE_DECL_FPUTS_UNLOCKED 0
| #define HAVE_DECL_FREAD_UNLOCKED 0
| #define HAVE_DECL_FWRITE_UNLOCKED 0
| #define HAVE_DECL_GETC_UNLOCKED 1
| #define HAVE_DECL_GETCHAR_UNLOCKED 1
| #define HAVE_DECL_PUTC_UNLOCKED 1
| #define HAVE_DECL_PUTCHAR_UNLOCKED 1
| #define HAVE_WINT_T 1
| #define realpath rpl_realpath
| #define GNULIB_CANONICALIZE_LGPL 1
| #define HAVE_MALLOC_POSIX 1
| #define HAVE_MBSTATE_T 1
| #define HAVE_MEMMOVE 1
| #define HAVE_SEARCH_H 1
| #define HAVE_TSEARCH 1
| #define GNULIB_SIGPIPE 1
| /* end confdefs.h.  */
| #include <stdio.h>
| #ifdef HAVE_SYS_TYPES_H
| # include <sys/types.h>
| #endif
| #ifdef HAVE_SYS_STAT_H
| # include <sys/stat.h>
| #endif
| #ifdef STDC_HEADERS
| # include <stdlib.h>
| # include <stddef.h>
| #else
| # ifdef HAVE_STDLIB_H
| #  include <stdlib.h>
| # endif
| #endif
| #ifdef HAVE_STRING_H
| # if !defined STDC_HEADERS && defined HAVE_MEMORY_H
| #  include <memory.h>
| # endif
| # include <string.h>
| #endif
| #ifdef HAVE_STRINGS_H
| # include <strings.h>
| #endif
| #ifdef HAVE_INTTYPES_H
| # include <inttypes.h>
| #endif
| #ifdef HAVE_STDINT_H
| # include <stdint.h>
| #endif
| #ifdef HAVE_UNISTD_H
| # include <unistd.h>
| #endif
| #include <sys/bitypes.h>
configure:24134: result: no
configure:24138: checking sys/bitypes.h presence
configure:24153: gcc -E  conftest.c
conftest.c:90:25: error: sys/bitypes.h: No such file or directory
configure:24160: $? = 1
configure: failed program was:
| /* confdefs.h.  */
| #define PACKAGE_NAME ""
| #define PACKAGE_TARNAME ""
| #define PACKAGE_VERSION ""
| #define PACKAGE_STRING ""
| #define PACKAGE_BUGREPORT ""
| #define PACKAGE "libiconv"
| #define VERSION "1.13.1"
| #define STDC_HEADERS 1
| #define HAVE_SYS_TYPES_H 1
| #define HAVE_SYS_STAT_H 1
| #define HAVE_STDLIB_H 1
| #define HAVE_STRING_H 1
| #define HAVE_MEMORY_H 1
| #define HAVE_STRINGS_H 1
| #define HAVE_INTTYPES_H 1
| #define HAVE_STDINT_H 1
| #define HAVE_UNISTD_H 1
| #define __EXTENSIONS__ 1
| #define _ALL_SOURCE 1
| #define _GNU_SOURCE 1
| #define _POSIX_PTHREAD_SEMANTICS 1
| #define _TANDEM_SOURCE 1
| #define INSTALLPREFIX "/usr/local/Cellar/libiconv/1.13.1"
| #define HAVE_DLFCN_H 1
| #define LT_OBJDIR ".libs/"
| #define HAVE_VISIBILITY 1
| #define HAVE_ICONV 1
| #define ICONV_CONST 
| #define HAVE_ICONV 1
| #define HAVE_MBSTATE_T 1
| #define HAVE_WCHAR_T 1
| #define HAVE_GETC_UNLOCKED 1
| #define HAVE_MBRTOWC 1
| #define HAVE_WCRTOMB 1
| #define HAVE_MBSINIT 1
| #define HAVE_SETLOCALE 1
| #define HAVE_MEMMOVE 1
| #define HAVE_LANGINFO_CODESET 1
| #define HAVE_WCHAR_H 1
| #define WORDS_LITTLEENDIAN 1
| #define HAVE_ALLOCA_H 1
| #define HAVE_ALLOCA 1
| #define HAVE_STDLIB_H 1
| #define HAVE_STRING_H 1
| #define HAVE_SYS_PARAM_H 1
| #define HAVE_UNISTD_H 1
| #define HAVE_ERRNO_H 1
| #define HAVE_SYS_SOCKET_H 1
| #define HAVE_SIGNAL_H 1
| #define HAVE_STDINT_H 1
| #define HAVE_WCHAR_H 1
| #define HAVE_STDIO_H 1
| #define HAVE_DECL_CANONICALIZE_FILE_NAME 0
| #define HAVE_GETCWD 1
| #define HAVE_READLINK 1
| #define HAVE_PATHCONF 1
| #define HAVE_SETENV 1
| #define HAVE_DECL_STRERROR_R 1
| #define HAVE_STRERROR_R 1
| #define HAVE_STDLIB_H 1
| #define MALLOC_0_IS_NONNULL 1
| #define HAVE_LONG_LONG_INT 1
| #define HAVE__BOOL 1
| #define HAVE_UNSIGNED_LONG_LONG_INT 1
| #define restrict __restrict
| #define HAVE_DECL_CLEARERR_UNLOCKED 1
| #define HAVE_DECL_FEOF_UNLOCKED 1
| #define HAVE_DECL_FERROR_UNLOCKED 1
| #define HAVE_DECL_FFLUSH_UNLOCKED 0
| #define HAVE_DECL_FGETS_UNLOCKED 0
| #define HAVE_DECL_FPUTC_UNLOCKED 0
| #define HAVE_DECL_FPUTS_UNLOCKED 0
| #define HAVE_DECL_FREAD_UNLOCKED 0
| #define HAVE_DECL_FWRITE_UNLOCKED 0
| #define HAVE_DECL_GETC_UNLOCKED 1
| #define HAVE_DECL_GETCHAR_UNLOCKED 1
| #define HAVE_DECL_PUTC_UNLOCKED 1
| #define HAVE_DECL_PUTCHAR_UNLOCKED 1
| #define HAVE_WINT_T 1
| #define realpath rpl_realpath
| #define GNULIB_CANONICALIZE_LGPL 1
| #define HAVE_MALLOC_POSIX 1
| #define HAVE_MBSTATE_T 1
| #define HAVE_MEMMOVE 1
| #define HAVE_SEARCH_H 1
| #define HAVE_TSEARCH 1
| #define GNULIB_SIGPIPE 1
| /* end confdefs.h.  */
| #include <sys/bitypes.h>
configure:24174: result: no
configure:24202: checking for sys/bitypes.h
configure:24211: result: no
configure:24254: checking for bit size of ptrdiff_t
configure:24615: gcc -o conftest -g -O2   conftest.c  >&5
configure:24619: $? = 0
configure:24625: ./conftest
configure:24629: $? = 0
configure:24649: result: 64
configure:24254: checking for bit size of size_t
configure:24615: gcc -o conftest -g -O2   conftest.c  >&5
configure:24619: $? = 0
configure:24625: ./conftest
configure:24629: $? = 0
configure:24649: result: 64
configure:24671: checking for bit size of sig_atomic_t
configure:25032: gcc -o conftest -g -O2   conftest.c  >&5
configure:25036: $? = 0
configure:25042: ./conftest
configure:25046: $? = 0
configure:25066: result: 32
configure:24671: checking for bit size of wchar_t
configure:25032: gcc -o conftest -g -O2   conftest.c  >&5
configure:25036: $? = 0
configure:25042: ./conftest
configure:25046: $? = 0
configure:25066: result: 32
configure:24671: checking for bit size of wint_t
configure:25032: gcc -o conftest -g -O2   conftest.c  >&5
configure:25036: $? = 0
configure:25042: ./conftest
configure:25046: $? = 0
configure:25066: result: 32
configure:25087: checking whether sig_atomic_t is signed
configure:25124: gcc -c -g -O2  conftest.c >&5
configure:25131: $? = 0
configure:25150: result: yes
configure:25087: checking whether wchar_t is signed
configure:25124: gcc -c -g -O2  conftest.c >&5
configure:25131: $? = 0
configure:25150: result: yes
configure:25087: checking whether wint_t is signed
configure:25124: gcc -c -g -O2  conftest.c >&5
configure:25131: $? = 0
configure:25150: result: yes
configure:25174: checking for ptrdiff_t integer literal suffix
configure:25230: gcc -c -g -O2  conftest.c >&5
conftest.c:110: error: conflicting types for 'foo'
conftest.c:109: error: previous declaration of 'foo' was here
configure:25237: $? = 1
configure: failed program was:
| /* confdefs.h.  */
| #define PACKAGE_NAME ""
| #define PACKAGE_TARNAME ""
| #define PACKAGE_VERSION ""
| #define PACKAGE_STRING ""
| #define PACKAGE_BUGREPORT ""
| #define PACKAGE "libiconv"
| #define VERSION "1.13.1"
| #define STDC_HEADERS 1
| #define HAVE_SYS_TYPES_H 1
| #define HAVE_SYS_STAT_H 1
| #define HAVE_STDLIB_H 1
| #define HAVE_STRING_H 1
| #define HAVE_MEMORY_H 1
| #define HAVE_STRINGS_H 1
| #define HAVE_INTTYPES_H 1
| #define HAVE_STDINT_H 1
| #define HAVE_UNISTD_H 1
| #define __EXTENSIONS__ 1
| #define _ALL_SOURCE 1
| #define _GNU_SOURCE 1
| #define _POSIX_PTHREAD_SEMANTICS 1
| #define _TANDEM_SOURCE 1
| #define INSTALLPREFIX "/usr/local/Cellar/libiconv/1.13.1"
| #define HAVE_DLFCN_H 1
| #define LT_OBJDIR ".libs/"
| #define HAVE_VISIBILITY 1
| #define HAVE_ICONV 1
| #define ICONV_CONST 
| #define HAVE_ICONV 1
| #define HAVE_MBSTATE_T 1
| #define HAVE_WCHAR_T 1
| #define HAVE_GETC_UNLOCKED 1
| #define HAVE_MBRTOWC 1
| #define HAVE_WCRTOMB 1
| #define HAVE_MBSINIT 1
| #define HAVE_SETLOCALE 1
| #define HAVE_MEMMOVE 1
| #define HAVE_LANGINFO_CODESET 1
| #define HAVE_WCHAR_H 1
| #define WORDS_LITTLEENDIAN 1
| #define HAVE_ALLOCA_H 1
| #define HAVE_ALLOCA 1
| #define HAVE_STDLIB_H 1
| #define HAVE_STRING_H 1
| #define HAVE_SYS_PARAM_H 1
| #define HAVE_UNISTD_H 1
| #define HAVE_ERRNO_H 1
| #define HAVE_SYS_SOCKET_H 1
| #define HAVE_SIGNAL_H 1
| #define HAVE_STDINT_H 1
| #define HAVE_WCHAR_H 1
| #define HAVE_STDIO_H 1
| #define HAVE_DECL_CANONICALIZE_FILE_NAME 0
| #define HAVE_GETCWD 1
| #define HAVE_READLINK 1
| #define HAVE_PATHCONF 1
| #define HAVE_SETENV 1
| #define HAVE_DECL_STRERROR_R 1
| #define HAVE_STRERROR_R 1
| #define HAVE_STDLIB_H 1
| #define MALLOC_0_IS_NONNULL 1
| #define HAVE_LONG_LONG_INT 1
| #define HAVE__BOOL 1
| #define HAVE_UNSIGNED_LONG_LONG_INT 1
| #define restrict __restrict
| #define HAVE_DECL_CLEARERR_UNLOCKED 1
| #define HAVE_DECL_FEOF_UNLOCKED 1
| #define HAVE_DECL_FERROR_UNLOCKED 1
| #define HAVE_DECL_FFLUSH_UNLOCKED 0
| #define HAVE_DECL_FGETS_UNLOCKED 0
| #define HAVE_DECL_FPUTC_UNLOCKED 0
| #define HAVE_DECL_FPUTS_UNLOCKED 0
| #define HAVE_DECL_FREAD_UNLOCKED 0
| #define HAVE_DECL_FWRITE_UNLOCKED 0
| #define HAVE_DECL_GETC_UNLOCKED 1
| #define HAVE_DECL_GETCHAR_UNLOCKED 1
| #define HAVE_DECL_PUTC_UNLOCKED 1
| #define HAVE_DECL_PUTCHAR_UNLOCKED 1
| #define HAVE_WINT_T 1
| #define realpath rpl_realpath
| #define GNULIB_CANONICALIZE_LGPL 1
| #define HAVE_MALLOC_POSIX 1
| #define HAVE_MBSTATE_T 1
| #define HAVE_MEMMOVE 1
| #define HAVE_SEARCH_H 1
| #define HAVE_TSEARCH 1
| #define GNULIB_SIGPIPE 1
| #define BITSIZEOF_PTRDIFF_T 64
| #define BITSIZEOF_SIZE_T 64
| #define BITSIZEOF_SIG_ATOMIC_T 32
| #define BITSIZEOF_WCHAR_T 32
| #define BITSIZEOF_WINT_T 32
| #define HAVE_SIGNED_SIG_ATOMIC_T 1
| #define HAVE_SIGNED_WCHAR_T 1
| #define HAVE_SIGNED_WINT_T 1
| /* end confdefs.h.  */
| 
|   /* BSD/OS 4.0.1 has a bug: <stddef.h>, <stdio.h> and <time.h> must be
|      included before <wchar.h>.  */
|   #include <stddef.h>
|   #include <signal.h>
|   #if HAVE_WCHAR_H
|   # include <stdio.h>
|   # include <time.h>
|   # include <wchar.h>
|   #endif
| 
|               extern ptrdiff_t foo;
|               extern int foo;
| int
| main ()
| {
| 
|   ;
|   return 0;
| }
configure:25230: gcc -c -g -O2  conftest.c >&5
configure:25237: $? = 0
configure:25257: result: l
configure:25174: checking for size_t integer literal suffix
configure:25230: gcc -c -g -O2  conftest.c >&5
conftest.c:111: error: conflicting types for 'foo'
conftest.c:110: error: previous declaration of 'foo' was here
configure:25237: $? = 1
configure: failed program was:
| /* confdefs.h.  */
| #define PACKAGE_NAME ""
| #define PACKAGE_TARNAME ""
| #define PACKAGE_VERSION ""
| #define PACKAGE_STRING ""
| #define PACKAGE_BUGREPORT ""
| #define PACKAGE "libiconv"
| #define VERSION "1.13.1"
| #define STDC_HEADERS 1
| #define HAVE_SYS_TYPES_H 1
| #define HAVE_SYS_STAT_H 1
| #define HAVE_STDLIB_H 1
| #define HAVE_STRING_H 1
| #define HAVE_MEMORY_H 1
| #define HAVE_STRINGS_H 1
| #define HAVE_INTTYPES_H 1
| #define HAVE_STDINT_H 1
| #define HAVE_UNISTD_H 1
| #define __EXTENSIONS__ 1
| #define _ALL_SOURCE 1
| #define _GNU_SOURCE 1
| #define _POSIX_PTHREAD_SEMANTICS 1
| #define _TANDEM_SOURCE 1
| #define INSTALLPREFIX "/usr/local/Cellar/libiconv/1.13.1"
| #define HAVE_DLFCN_H 1
| #define LT_OBJDIR ".libs/"
| #define HAVE_VISIBILITY 1
| #define HAVE_ICONV 1
| #define ICONV_CONST 
| #define HAVE_ICONV 1
| #define HAVE_MBSTATE_T 1
| #define HAVE_WCHAR_T 1
| #define HAVE_GETC_UNLOCKED 1
| #define HAVE_MBRTOWC 1
| #define HAVE_WCRTOMB 1
| #define HAVE_MBSINIT 1
| #define HAVE_SETLOCALE 1
| #define HAVE_MEMMOVE 1
| #define HAVE_LANGINFO_CODESET 1
| #define HAVE_WCHAR_H 1
| #define WORDS_LITTLEENDIAN 1
| #define HAVE_ALLOCA_H 1
| #define HAVE_ALLOCA 1
| #define HAVE_STDLIB_H 1
| #define HAVE_STRING_H 1
| #define HAVE_SYS_PARAM_H 1
| #define HAVE_UNISTD_H 1
| #define HAVE_ERRNO_H 1
| #define HAVE_SYS_SOCKET_H 1
| #define HAVE_SIGNAL_H 1
| #define HAVE_STDINT_H 1
| #define HAVE_WCHAR_H 1
| #define HAVE_STDIO_H 1
| #define HAVE_DECL_CANONICALIZE_FILE_NAME 0
| #define HAVE_GETCWD 1
| #define HAVE_READLINK 1
| #define HAVE_PATHCONF 1
| #define HAVE_SETENV 1
| #define HAVE_DECL_STRERROR_R 1
| #define HAVE_STRERROR_R 1
| #define HAVE_STDLIB_H 1
| #define MALLOC_0_IS_NONNULL 1
| #define HAVE_LONG_LONG_INT 1
| #define HAVE__BOOL 1
| #define HAVE_UNSIGNED_LONG_LONG_INT 1
| #define restrict __restrict
| #define HAVE_DECL_CLEARERR_UNLOCKED 1
| #define HAVE_DECL_FEOF_UNLOCKED 1
| #define HAVE_DECL_FERROR_UNLOCKED 1
| #define HAVE_DECL_FFLUSH_UNLOCKED 0
| #define HAVE_DECL_FGETS_UNLOCKED 0
| #define HAVE_DECL_FPUTC_UNLOCKED 0
| #define HAVE_DECL_FPUTS_UNLOCKED 0
| #define HAVE_DECL_FREAD_UNLOCKED 0
| #define HAVE_DECL_FWRITE_UNLOCKED 0
| #define HAVE_DECL_GETC_UNLOCKED 1
| #define HAVE_DECL_GETCHAR_UNLOCKED 1
| #define HAVE_DECL_PUTC_UNLOCKED 1
| #define HAVE_DECL_PUTCHAR_UNLOCKED 1
| #define HAVE_WINT_T 1
| #define realpath rpl_realpath
| #define GNULIB_CANONICALIZE_LGPL 1
| #define HAVE_MALLOC_POSIX 1
| #define HAVE_MBSTATE_T 1
| #define HAVE_MEMMOVE 1
| #define HAVE_SEARCH_H 1
| #define HAVE_TSEARCH 1
| #define GNULIB_SIGPIPE 1
| #define BITSIZEOF_PTRDIFF_T 64
| #define BITSIZEOF_SIZE_T 64
| #define BITSIZEOF_SIG_ATOMIC_T 32
| #define BITSIZEOF_WCHAR_T 32
| #define BITSIZEOF_WINT_T 32
| #define HAVE_SIGNED_SIG_ATOMIC_T 1
| #define HAVE_SIGNED_WCHAR_T 1
| #define HAVE_SIGNED_WINT_T 1
| #define PTRDIFF_T_SUFFIX l
| /* end confdefs.h.  */
| 
|   /* BSD/OS 4.0.1 has a bug: <stddef.h>, <stdio.h> and <time.h> must be
|      included before <wchar.h>.  */
|   #include <stddef.h>
|   #include <signal.h>
|   #if HAVE_WCHAR_H
|   # include <stdio.h>
|   # include <time.h>
|   # include <wchar.h>
|   #endif
| 
|               extern size_t foo;
|               extern unsigned int foo;
| int
| main ()
| {
| 
|   ;
|   return 0;
| }
configure:25230: gcc -c -g -O2  conftest.c >&5
configure:25237: $? = 0
configure:25257: result: ul
configure:25277: checking for sig_atomic_t integer literal suffix
configure:25333: gcc -c -g -O2  conftest.c >&5
configure:25340: $? = 0
configure:25360: result: 
configure:25277: checking for wchar_t integer literal suffix
configure:25333: gcc -c -g -O2  conftest.c >&5
configure:25340: $? = 0
configure:25360: result: 
configure:25277: checking for wint_t integer literal suffix
configure:25333: gcc -c -g -O2  conftest.c >&5
configure:25340: $? = 0
configure:25360: result: 
configure:25539: checking for random.h
configure:25560: gcc -c -g -O2  conftest.c >&5
conftest.c:137:20: error: random.h: No such file or directory
configure:25567: $? = 1
configure: failed program was:
| /* confdefs.h.  */
| #define PACKAGE_NAME ""
| #define PACKAGE_TARNAME ""
| #define PACKAGE_VERSION ""
| #define PACKAGE_STRING ""
| #define PACKAGE_BUGREPORT ""
| #define PACKAGE "libiconv"
| #define VERSION "1.13.1"
| #define STDC_HEADERS 1
| #define HAVE_SYS_TYPES_H 1
| #define HAVE_SYS_STAT_H 1
| #define HAVE_STDLIB_H 1
| #define HAVE_STRING_H 1
| #define HAVE_MEMORY_H 1
| #define HAVE_STRINGS_H 1
| #define HAVE_INTTYPES_H 1
| #define HAVE_STDINT_H 1
| #define HAVE_UNISTD_H 1
| #define __EXTENSIONS__ 1
| #define _ALL_SOURCE 1
| #define _GNU_SOURCE 1
| #define _POSIX_PTHREAD_SEMANTICS 1
| #define _TANDEM_SOURCE 1
| #define INSTALLPREFIX "/usr/local/Cellar/libiconv/1.13.1"
| #define HAVE_DLFCN_H 1
| #define LT_OBJDIR ".libs/"
| #define HAVE_VISIBILITY 1
| #define HAVE_ICONV 1
| #define ICONV_CONST 
| #define HAVE_ICONV 1
| #define HAVE_MBSTATE_T 1
| #define HAVE_WCHAR_T 1
| #define HAVE_GETC_UNLOCKED 1
| #define HAVE_MBRTOWC 1
| #define HAVE_WCRTOMB 1
| #define HAVE_MBSINIT 1
| #define HAVE_SETLOCALE 1
| #define HAVE_MEMMOVE 1
| #define HAVE_LANGINFO_CODESET 1
| #define HAVE_WCHAR_H 1
| #define WORDS_LITTLEENDIAN 1
| #define HAVE_ALLOCA_H 1
| #define HAVE_ALLOCA 1
| #define HAVE_STDLIB_H 1
| #define HAVE_STRING_H 1
| #define HAVE_SYS_PARAM_H 1
| #define HAVE_UNISTD_H 1
| #define HAVE_ERRNO_H 1
| #define HAVE_SYS_SOCKET_H 1
| #define HAVE_SIGNAL_H 1
| #define HAVE_STDINT_H 1
| #define HAVE_WCHAR_H 1
| #define HAVE_STDIO_H 1
| #define HAVE_DECL_CANONICALIZE_FILE_NAME 0
| #define HAVE_GETCWD 1
| #define HAVE_READLINK 1
| #define HAVE_PATHCONF 1
| #define HAVE_SETENV 1
| #define HAVE_DECL_STRERROR_R 1
| #define HAVE_STRERROR_R 1
| #define HAVE_STDLIB_H 1
| #define MALLOC_0_IS_NONNULL 1
| #define HAVE_LONG_LONG_INT 1
| #define HAVE__BOOL 1
| #define HAVE_UNSIGNED_LONG_LONG_INT 1
| #define restrict __restrict
| #define HAVE_DECL_CLEARERR_UNLOCKED 1
| #define HAVE_DECL_FEOF_UNLOCKED 1
| #define HAVE_DECL_FERROR_UNLOCKED 1
| #define HAVE_DECL_FFLUSH_UNLOCKED 0
| #define HAVE_DECL_FGETS_UNLOCKED 0
| #define HAVE_DECL_FPUTC_UNLOCKED 0
| #define HAVE_DECL_FPUTS_UNLOCKED 0
| #define HAVE_DECL_FREAD_UNLOCKED 0
| #define HAVE_DECL_FWRITE_UNLOCKED 0
| #define HAVE_DECL_GETC_UNLOCKED 1
| #define HAVE_DECL_GETCHAR_UNLOCKED 1
| #define HAVE_DECL_PUTC_UNLOCKED 1
| #define HAVE_DECL_PUTCHAR_UNLOCKED 1
| #define HAVE_WINT_T 1
| #define realpath rpl_realpath
| #define GNULIB_CANONICALIZE_LGPL 1
| #define HAVE_MALLOC_POSIX 1
| #define HAVE_MBSTATE_T 1
| #define HAVE_MEMMOVE 1
| #define HAVE_SEARCH_H 1
| #define HAVE_TSEARCH 1
| #define GNULIB_SIGPIPE 1
| #define BITSIZEOF_PTRDIFF_T 64
| #define BITSIZEOF_SIZE_T 64
| #define BITSIZEOF_SIG_ATOMIC_T 32
| #define BITSIZEOF_WCHAR_T 32
| #define BITSIZEOF_WINT_T 32
| #define HAVE_SIGNED_SIG_ATOMIC_T 1
| #define HAVE_SIGNED_WCHAR_T 1
| #define HAVE_SIGNED_WINT_T 1
| #define PTRDIFF_T_SUFFIX l
| #define SIZE_T_SUFFIX ul
| #define SIG_ATOMIC_T_SUFFIX 
| #define WCHAR_T_SUFFIX 
| #define WINT_T_SUFFIX 
| /* end confdefs.h.  */
| #include <stdio.h>
| #ifdef HAVE_SYS_TYPES_H
| # include <sys/types.h>
| #endif
| #ifdef HAVE_SYS_STAT_H
| # include <sys/stat.h>
| #endif
| #ifdef STDC_HEADERS
| # include <stdlib.h>
| # include <stddef.h>
| #else
| # ifdef HAVE_STDLIB_H
| #  include <stdlib.h>
| # endif
| #endif
| #ifdef HAVE_STRING_H
| # if !defined STDC_HEADERS && defined HAVE_MEMORY_H
| #  include <memory.h>
| # endif
| # include <string.h>
| #endif
| #ifdef HAVE_STRINGS_H
| # include <strings.h>
| #endif
| #ifdef HAVE_INTTYPES_H
| # include <inttypes.h>
| #endif
| #ifdef HAVE_STDINT_H
| # include <stdint.h>
| #endif
| #ifdef HAVE_UNISTD_H
| # include <unistd.h>
| #endif
| 
| #include <random.h>
configure:25584: result: no
configure:25603: checking for struct random_data
configure:25636: gcc -c -g -O2  conftest.c >&5
conftest.c: In function 'main':
conftest.c:112: error: invalid application of 'sizeof' to incomplete type 'struct random_data' 
configure:25643: $? = 1
configure: failed program was:
| /* confdefs.h.  */
| #define PACKAGE_NAME ""
| #define PACKAGE_TARNAME ""
| #define PACKAGE_VERSION ""
| #define PACKAGE_STRING ""
| #define PACKAGE_BUGREPORT ""
| #define PACKAGE "libiconv"
| #define VERSION "1.13.1"
| #define STDC_HEADERS 1
| #define HAVE_SYS_TYPES_H 1
| #define HAVE_SYS_STAT_H 1
| #define HAVE_STDLIB_H 1
| #define HAVE_STRING_H 1
| #define HAVE_MEMORY_H 1
| #define HAVE_STRINGS_H 1
| #define HAVE_INTTYPES_H 1
| #define HAVE_STDINT_H 1
| #define HAVE_UNISTD_H 1
| #define __EXTENSIONS__ 1
| #define _ALL_SOURCE 1
| #define _GNU_SOURCE 1
| #define _POSIX_PTHREAD_SEMANTICS 1
| #define _TANDEM_SOURCE 1
| #define INSTALLPREFIX "/usr/local/Cellar/libiconv/1.13.1"
| #define HAVE_DLFCN_H 1
| #define LT_OBJDIR ".libs/"
| #define HAVE_VISIBILITY 1
| #define HAVE_ICONV 1
| #define ICONV_CONST 
| #define HAVE_ICONV 1
| #define HAVE_MBSTATE_T 1
| #define HAVE_WCHAR_T 1
| #define HAVE_GETC_UNLOCKED 1
| #define HAVE_MBRTOWC 1
| #define HAVE_WCRTOMB 1
| #define HAVE_MBSINIT 1
| #define HAVE_SETLOCALE 1
| #define HAVE_MEMMOVE 1
| #define HAVE_LANGINFO_CODESET 1
| #define HAVE_WCHAR_H 1
| #define WORDS_LITTLEENDIAN 1
| #define HAVE_ALLOCA_H 1
| #define HAVE_ALLOCA 1
| #define HAVE_STDLIB_H 1
| #define HAVE_STRING_H 1
| #define HAVE_SYS_PARAM_H 1
| #define HAVE_UNISTD_H 1
| #define HAVE_ERRNO_H 1
| #define HAVE_SYS_SOCKET_H 1
| #define HAVE_SIGNAL_H 1
| #define HAVE_STDINT_H 1
| #define HAVE_WCHAR_H 1
| #define HAVE_STDIO_H 1
| #define HAVE_DECL_CANONICALIZE_FILE_NAME 0
| #define HAVE_GETCWD 1
| #define HAVE_READLINK 1
| #define HAVE_PATHCONF 1
| #define HAVE_SETENV 1
| #define HAVE_DECL_STRERROR_R 1
| #define HAVE_STRERROR_R 1
| #define HAVE_STDLIB_H 1
| #define MALLOC_0_IS_NONNULL 1
| #define HAVE_LONG_LONG_INT 1
| #define HAVE__BOOL 1
| #define HAVE_UNSIGNED_LONG_LONG_INT 1
| #define restrict __restrict
| #define HAVE_DECL_CLEARERR_UNLOCKED 1
| #define HAVE_DECL_FEOF_UNLOCKED 1
| #define HAVE_DECL_FERROR_UNLOCKED 1
| #define HAVE_DECL_FFLUSH_UNLOCKED 0
| #define HAVE_DECL_FGETS_UNLOCKED 0
| #define HAVE_DECL_FPUTC_UNLOCKED 0
| #define HAVE_DECL_FPUTS_UNLOCKED 0
| #define HAVE_DECL_FREAD_UNLOCKED 0
| #define HAVE_DECL_FWRITE_UNLOCKED 0
| #define HAVE_DECL_GETC_UNLOCKED 1
| #define HAVE_DECL_GETCHAR_UNLOCKED 1
| #define HAVE_DECL_PUTC_UNLOCKED 1
| #define HAVE_DECL_PUTCHAR_UNLOCKED 1
| #define HAVE_WINT_T 1
| #define realpath rpl_realpath
| #define GNULIB_CANONICALIZE_LGPL 1
| #define HAVE_MALLOC_POSIX 1
| #define HAVE_MBSTATE_T 1
| #define HAVE_MEMMOVE 1
| #define HAVE_SEARCH_H 1
| #define HAVE_TSEARCH 1
| #define GNULIB_SIGPIPE 1
| #define BITSIZEOF_PTRDIFF_T 64
| #define BITSIZEOF_SIZE_T 64
| #define BITSIZEOF_SIG_ATOMIC_T 32
| #define BITSIZEOF_WCHAR_T 32
| #define BITSIZEOF_WINT_T 32
| #define HAVE_SIGNED_SIG_ATOMIC_T 1
| #define HAVE_SIGNED_WCHAR_T 1
| #define HAVE_SIGNED_WINT_T 1
| #define PTRDIFF_T_SUFFIX l
| #define SIZE_T_SUFFIX ul
| #define SIG_ATOMIC_T_SUFFIX 
| #define WCHAR_T_SUFFIX 
| #define WINT_T_SUFFIX 
| /* end confdefs.h.  */
| #include <stdlib.h>
|       #if HAVE_RANDOM_H
|       # include <random.h>
|       #endif
| 
| 
| int
| main ()
| {
| if (sizeof (struct random_data))
|        return 0;
|   ;
|   return 0;
| }
configure:25705: result: no
configure:25889: checking whether <wchar.h> is standalone
configure:25926: result: yes
configure:26271: creating ./config.status

## ---------------------- ##
## Running config.status. ##
## ---------------------- ##

This file was extended by config.status, which was
generated by GNU Autoconf 2.63.  Invocation command line was

  CONFIG_FILES    = 
  CONFIG_HEADERS  = 
  CONFIG_LINKS    = 
  CONFIG_COMMANDS = 
  $ ./config.status 

on Shamas-MacBook-Pro.local

config.status:1489: creating Makefile
config.status:1489: creating lib/Makefile
config.status:1489: creating srclib/Makefile
config.status:1489: creating src/Makefile
config.status:1489: creating po/Makefile.in
config.status:1489: creating man/Makefile
config.status:1489: creating tests/Makefile
config.status:1489: creating include/iconv.h
config.status:1489: creating include/iconv.h.inst
config.status:1489: creating config.h
config.status:1489: creating lib/config.h
config.status:1763: executing depfiles commands
config.status:1763: executing libtool commands
config.status:1763: executing po-directories commands
configure:28912: === configuring in libcharset (/Users/shama/RubymineProjects/cmusv/wget-1.13/libiconv-1.13.1/libcharset)
configure:29015: running /bin/sh ./configure --disable-option-checking '--prefix=/usr/local/Cellar/libiconv/1.13.1'  --cache-file=/dev/null --srcdir=.
configure:28912: === configuring in preload (/Users/shama/RubymineProjects/cmusv/wget-1.13/libiconv-1.13.1/preload)
configure:29015: running /bin/sh ./configure --disable-option-checking '--prefix=/usr/local/Cellar/libiconv/1.13.1'  --cache-file=/dev/null --srcdir=.

## ---------------- ##
## Cache variables. ##
## ---------------- ##

ac_cv_build=i386-apple-darwin12.2.0
ac_cv_c_compiler_gnu=yes
ac_cv_c_restrict=__restrict
ac_cv_decl_EILSEQ=yes
ac_cv_env_CC_set=
ac_cv_env_CC_value=
ac_cv_env_CFLAGS_set=
ac_cv_env_CFLAGS_value=
ac_cv_env_CPPFLAGS_set=
ac_cv_env_CPPFLAGS_value=
ac_cv_env_CPP_set=
ac_cv_env_CPP_value=
ac_cv_env_LDFLAGS_set=
ac_cv_env_LDFLAGS_value=
ac_cv_env_LIBS_set=
ac_cv_env_LIBS_value=
ac_cv_env_build_alias_set=
ac_cv_env_build_alias_value=
ac_cv_env_host_alias_set=
ac_cv_env_host_alias_value=
ac_cv_env_target_alias_set=
ac_cv_env_target_alias_value=
ac_cv_func_alloca_works=yes
ac_cv_func_canonicalize_file_name=no
ac_cv_func_getc_unlocked=yes
ac_cv_func_getcwd=yes
ac_cv_func_malloc_0_nonnull=yes
ac_cv_func_mbrtowc=yes
ac_cv_func_mbsinit=yes
ac_cv_func_memmove=yes
ac_cv_func_pathconf=yes
ac_cv_func_readlink=yes
ac_cv_func_setenv=yes
ac_cv_func_setlocale=yes
ac_cv_func_sigprocmask=yes
ac_cv_func_strerror_r=yes
ac_cv_func_strerror_r_char_p=no
ac_cv_func_tsearch=yes
ac_cv_func_wcrtomb=yes
ac_cv_have_decl_canonicalize_file_name=no
ac_cv_have_decl_clearerr_unlocked=yes
ac_cv_have_decl_feof_unlocked=yes
ac_cv_have_decl_ferror_unlocked=yes
ac_cv_have_decl_fflush_unlocked=no
ac_cv_have_decl_fgets_unlocked=no
ac_cv_have_decl_fputc_unlocked=no
ac_cv_have_decl_fputs_unlocked=no
ac_cv_have_decl_fread_unlocked=no
ac_cv_have_decl_fwrite_unlocked=no
ac_cv_have_decl_getc_unlocked=yes
ac_cv_have_decl_getchar_unlocked=yes
ac_cv_have_decl_putc_unlocked=yes
ac_cv_have_decl_putchar_unlocked=yes
ac_cv_have_decl_strerror_r=yes
ac_cv_header_dlfcn_h=yes
ac_cv_header_errno_h=yes
ac_cv_header_inttypes_h=yes
ac_cv_header_memory_h=yes
ac_cv_header_minix_config_h=no
ac_cv_header_random_h=no
ac_cv_header_search_h=yes
ac_cv_header_signal_h=yes
ac_cv_header_stdbool_h=no
ac_cv_header_stdc=yes
ac_cv_header_stdint_h=yes
ac_cv_header_stdio_h=yes
ac_cv_header_stdlib_h=yes
ac_cv_header_string_h=yes
ac_cv_header_strings_h=yes
ac_cv_header_sys_bitypes_h=no
ac_cv_header_sys_inttypes_h=no
ac_cv_header_sys_param_h=yes
ac_cv_header_sys_socket_h=yes
ac_cv_header_sys_stat_h=yes
ac_cv_header_sys_types_h=yes
ac_cv_header_unistd_h=yes
ac_cv_header_wchar_h=yes
ac_cv_host=i386-apple-darwin12.2.0
ac_cv_lib_error_at_line=no
ac_cv_objext=o
ac_cv_path_EGREP='/usr/bin/grep -E'
ac_cv_path_FGREP='/usr/bin/grep -F'
ac_cv_path_GMSGFMT=:
ac_cv_path_GREP=/usr/bin/grep
ac_cv_path_MSGFMT=:
ac_cv_path_MSGMERGE=:
ac_cv_path_SED=/usr/bin/sed
ac_cv_path_STRIP=/usr/bin/strip
ac_cv_path_XGETTEXT=:
ac_cv_path_install='/usr/bin/install -c'
ac_cv_prog_AWK=awk
ac_cv_prog_CPP='gcc -E'
ac_cv_prog_ac_ct_AR=ar
ac_cv_prog_ac_ct_CC=gcc
ac_cv_prog_ac_ct_DSYMUTIL=dsymutil
ac_cv_prog_ac_ct_LIPO=lipo
ac_cv_prog_ac_ct_NMEDIT=nmedit
ac_cv_prog_ac_ct_OTOOL=otool
ac_cv_prog_ac_ct_RANLIB=ranlib
ac_cv_prog_ac_ct_STRIP=/usr/bin/strip
ac_cv_prog_cc_c89=
ac_cv_prog_cc_g=yes
ac_cv_prog_cc_gcc_c_o=yes
ac_cv_prog_make_make_set=yes
ac_cv_safe_to_define___extensions__=yes
ac_cv_type__Bool=yes
ac_cv_type_long_long_int=yes
ac_cv_type_mbstate_t=yes
ac_cv_type_struct_random_data=no
ac_cv_type_unsigned_long_long_int=yes
ac_cv_type_volatile_sig_atomic_t=yes
ac_cv_working_alloca_h=yes
acl_cv_hardcode_direct=no
acl_cv_hardcode_libdir_flag_spec=
acl_cv_hardcode_libdir_separator=
acl_cv_hardcode_minus_L=no
acl_cv_libext=a
acl_cv_libname_spec='lib$name'
acl_cv_libpath=DYLD_LIBRARY_PATH
acl_cv_library_names_spec='$libname$shrext'
acl_cv_path_LD=/usr/llvm-gcc-4.2/libexec/gcc/i686-apple-darwin11/4.2.1/ld
acl_cv_prog_gnu_ld=no
acl_cv_rpath=done
acl_cv_shlibext=dylib
acl_cv_shlibpath_var=DYLD_LIBRARY_PATH
acl_cv_wl=-Wl,
am_cv_CC_dependencies_compiler_type=none
am_cv_func_iconv=yes
am_cv_func_iconv_works=yes
am_cv_langinfo_codeset=yes
am_cv_lib_iconv=yes
am_cv_proto_iconv='extern size_t iconv (iconv_t cd, char * *inbuf, size_t *inbytesleft, char * *outbuf, size_t *outbytesleft);'
am_cv_proto_iconv_arg1=
cl_cv_prog_LN=ln
cl_cv_prog_cp='cp -p'
cl_cv_sys_endian='little endian'
gl_cv_bitsizeof_ptrdiff_t=64
gl_cv_bitsizeof_sig_atomic_t=32
gl_cv_bitsizeof_size_t=64
gl_cv_bitsizeof_wchar_t=32
gl_cv_bitsizeof_wint_t=32
gl_cv_c_multiarch=no
gl_cv_cc_visibility=yes
gl_cv_func_malloc_0_nonnull=1
gl_cv_func_malloc_posix=yes
gl_cv_func_sigprocmask=1
gl_cv_func_working_strerror=yes
gl_cv_have_include_next=yes
gl_cv_header_errno_h_complete=yes
gl_cv_header_signal_h_SIGPIPE=yes
gl_cv_header_wchar_h_standalone=yes
gl_cv_header_working_stdint_h=no
gl_cv_next_signal_h='<signal.h>'
gl_cv_next_stdint_h='<stdint.h>'
gl_cv_next_stdio_h='<stdio.h>'
gl_cv_next_stdlib_h='<stdlib.h>'
gl_cv_next_string_h='<string.h>'
gl_cv_next_unistd_h='<unistd.h>'
gl_cv_next_wchar_h='<wchar.h>'
gl_cv_type_ptrdiff_t_signed=yes
gl_cv_type_ptrdiff_t_suffix=l
gl_cv_type_sig_atomic_t_signed=yes
gl_cv_type_sig_atomic_t_suffix=
gl_cv_type_size_t_signed=no
gl_cv_type_size_t_suffix=ul
gl_cv_type_wchar_t_signed=yes
gl_cv_type_wchar_t_suffix=
gl_cv_type_wint_t_signed=yes
gl_cv_type_wint_t_suffix=
gt_cv_c_wchar_t=yes
gt_cv_c_wint_t=yes
gt_cv_func_CFLocaleCopyCurrent=no
gt_cv_func_CFPreferencesCopyAppValue=no
gt_cv_func_gnugettext2_libc=no
gt_cv_func_gnugettext2_libintl=no
gt_cv_ssize_t=yes
gt_cv_var_environ_declaration=no
lt_cv_apple_cc_single_mod=yes
lt_cv_deplibs_check_method=pass_all
lt_cv_file_magic_cmd='$MAGIC_CMD'
lt_cv_file_magic_test_file=
lt_cv_ld_exported_symbols_list=yes
lt_cv_ld_reload_flag=-r
lt_cv_nm_interface='BSD nm'
lt_cv_objdir=.libs
lt_cv_path_LD=/usr/llvm-gcc-4.2/libexec/gcc/i686-apple-darwin11/4.2.1/ld
lt_cv_path_NM=/usr/bin/nm
lt_cv_prog_compiler_c_o=yes
lt_cv_prog_compiler_c_o_RC=yes
lt_cv_prog_compiler_pic_works=yes
lt_cv_prog_compiler_rtti_exceptions=no
lt_cv_prog_compiler_static_works=no
lt_cv_prog_gnu_ld=no
lt_cv_sys_global_symbol_pipe='sed -n -e '\''s/^.*[	 ]\([BCDEGRST][BCDEGRST]*\)[	 ][	 ]*_\([_A-Za-z][_A-Za-z0-9]*\)$/\1 _\2 \2/p'\'''
lt_cv_sys_global_symbol_to_c_name_address='sed -n -e '\''s/^: \([^ ]*\) $/  {\"\1\", (void *) 0},/p'\'' -e '\''s/^[BCDEGRST]* \([^ ]*\) \([^ ]*\)$/  {"\2", (void *) \&\2},/p'\'''
lt_cv_sys_global_symbol_to_c_name_address_lib_prefix='sed -n -e '\''s/^: \([^ ]*\) $/  {\"\1\", (void *) 0},/p'\'' -e '\''s/^[BCDEGRST]* \([^ ]*\) \(lib[^ ]*\)$/  {"\2", (void *) \&\2},/p'\'' -e '\''s/^[BCDEGRST]* \([^ ]*\) \([^ ]*\)$/  {"lib\2", (void *) \&\2},/p'\'''
lt_cv_sys_global_symbol_to_cdecl='sed -n -e '\''s/^T .* \(.*\)$/extern int \1();/p'\'' -e '\''s/^[BCDEGRST]* .* \(.*\)$/extern char \1;/p'\'''
lt_cv_sys_max_cmd_len=196608

## ----------------- ##
## Output variables. ##
## ----------------- ##

ACLOCAL='${SHELL} /Users/shama/RubymineProjects/cmusv/wget-1.13/libiconv-1.13.1/build-aux/missing --run aclocal-1.11'
ALLOCA=''
ALLOCA_H='alloca.h'
AMDEPBACKSLASH='\'
AMDEP_FALSE='#'
AMDEP_TRUE=''
AMTAR='${SHELL} /Users/shama/RubymineProjects/cmusv/wget-1.13/libiconv-1.13.1/build-aux/missing --run tar'
APPLE_UNIVERSAL_BUILD='0'
AR='ar'
AS='as'
AUTOCONF='${SHELL} /Users/shama/RubymineProjects/cmusv/wget-1.13/libiconv-1.13.1/build-aux/missing --run autoconf'
AUTOHEADER='${SHELL} /Users/shama/RubymineProjects/cmusv/wget-1.13/libiconv-1.13.1/build-aux/missing --run autoheader'
AUTOMAKE='${SHELL} /Users/shama/RubymineProjects/cmusv/wget-1.13/libiconv-1.13.1/build-aux/missing --run automake-1.11'
AWK='awk'
BITSIZEOF_PTRDIFF_T='64'
BITSIZEOF_SIG_ATOMIC_T='32'
BITSIZEOF_SIZE_T='64'
BITSIZEOF_WCHAR_T='32'
BITSIZEOF_WINT_T='32'
BROKEN_WCHAR_H='0'
CC='gcc'
CCDEPMODE='depmode=none'
CFLAGS='-g -O2'
CFLAG_VISIBILITY='-fvisibility=hidden'
CP='cp -p'
CPP='gcc -E'
CPPFLAGS=''
CYGPATH_W='echo'
DEFS='-DHAVE_CONFIG_H'
DEPDIR='.deps'
DLLTOOL='dlltool'
DLL_VARIABLE=''
DSYMUTIL='dsymutil'
DUMPBIN=''
ECHO_C='\c'
ECHO_N=''
ECHO_T=''
EGREP='/usr/bin/grep -E'
EILSEQ=''
EMULTIHOP_HIDDEN=''
EMULTIHOP_VALUE=''
ENOLINK_HIDDEN=''
ENOLINK_VALUE=''
EOVERFLOW_HIDDEN=''
EOVERFLOW_VALUE=''
ERRNO_H=''
EXEEXT=''
FGREP='/usr/bin/grep -F'
GETTEXT_MACRO_VERSION='0.17'
GL_COND_LIBTOOL_FALSE=''
GL_COND_LIBTOOL_TRUE='#'
GMSGFMT=':'
GMSGFMT_015=':'
GNULIB_ATOLL='0'
GNULIB_BTOWC='0'
GNULIB_CALLOC_POSIX='0'
GNULIB_CHOWN='0'
GNULIB_CLOSE='0'
GNULIB_DPRINTF='0'
GNULIB_DUP2='0'
GNULIB_ENVIRON='1'
GNULIB_EUIDACCESS='0'
GNULIB_FCHDIR='0'
GNULIB_FCLOSE='0'
GNULIB_FFLUSH='0'
GNULIB_FOPEN='0'
GNULIB_FPRINTF='1'
GNULIB_FPRINTF_POSIX='0'
GNULIB_FPURGE='0'
GNULIB_FPUTC='1'
GNULIB_FPUTS='1'
GNULIB_FREOPEN='0'
GNULIB_FSEEK='0'
GNULIB_FSEEKO='0'
GNULIB_FSYNC='0'
GNULIB_FTELL='0'
GNULIB_FTELLO='0'
GNULIB_FTRUNCATE='0'
GNULIB_FWRITE='1'
GNULIB_GETCWD='0'
GNULIB_GETDELIM='0'
GNULIB_GETDOMAINNAME='0'
GNULIB_GETDTABLESIZE='0'
GNULIB_GETHOSTNAME='0'
GNULIB_GETLINE='0'
GNULIB_GETLOADAVG='0'
GNULIB_GETLOGIN_R='0'
GNULIB_GETPAGESIZE='0'
GNULIB_GETSUBOPT='0'
GNULIB_GETUSERSHELL='0'
GNULIB_LCHOWN='0'
GNULIB_LINK='0'
GNULIB_LSEEK='0'
GNULIB_MALLOC_POSIX='1'
GNULIB_MBRLEN='0'
GNULIB_MBRTOWC='0'
GNULIB_MBSCASECMP='0'
GNULIB_MBSCASESTR='0'
GNULIB_MBSCHR='0'
GNULIB_MBSCSPN='0'
GNULIB_MBSINIT='0'
GNULIB_MBSLEN='0'
GNULIB_MBSNCASECMP='0'
GNULIB_MBSNLEN='0'
GNULIB_MBSNRTOWCS='0'
GNULIB_MBSPBRK='0'
GNULIB_MBSPCASECMP='0'
GNULIB_MBSRCHR='0'
GNULIB_MBSRTOWCS='0'
GNULIB_MBSSEP='0'
GNULIB_MBSSPN='0'
GNULIB_MBSSTR='0'
GNULIB_MBSTOK_R='0'
GNULIB_MEMCHR='0'
GNULIB_MEMMEM='0'
GNULIB_MEMPCPY='0'
GNULIB_MEMRCHR='0'
GNULIB_MKDTEMP='0'
GNULIB_MKSTEMP='0'
GNULIB_OBSTACK_PRINTF='0'
GNULIB_OBSTACK_PRINTF_POSIX='0'
GNULIB_PERROR='0'
GNULIB_PRINTF='1'
GNULIB_PRINTF_POSIX='0'
GNULIB_PUTC='1'
GNULIB_PUTCHAR='1'
GNULIB_PUTENV='0'
GNULIB_PUTS='1'
GNULIB_RANDOM_R='0'
GNULIB_RAWMEMCHR='0'
GNULIB_READLINK='1'
GNULIB_REALLOC_POSIX='0'
GNULIB_RPMATCH='0'
GNULIB_SETENV='0'
GNULIB_SIGACTION='0'
GNULIB_SIGNAL_H_SIGPIPE='1'
GNULIB_SIGPROCMASK='1'
GNULIB_SLEEP='0'
GNULIB_SNPRINTF='0'
GNULIB_SPRINTF_POSIX='0'
GNULIB_STDIO_H_SIGPIPE='1'
GNULIB_STPCPY='0'
GNULIB_STPNCPY='0'
GNULIB_STRCASESTR='0'
GNULIB_STRCHRNUL='0'
GNULIB_STRDUP='0'
GNULIB_STRERROR='1'
GNULIB_STRNDUP='0'
GNULIB_STRNLEN='0'
GNULIB_STRPBRK='0'
GNULIB_STRSEP='0'
GNULIB_STRSIGNAL='0'
GNULIB_STRSTR='0'
GNULIB_STRTOD='0'
GNULIB_STRTOK_R='0'
GNULIB_STRTOLL='0'
GNULIB_STRTOULL='0'
GNULIB_STRVERSCMP='0'
GNULIB_UNISTD_H_SIGPIPE='1'
GNULIB_UNSETENV='0'
GNULIB_VASPRINTF='0'
GNULIB_VDPRINTF='0'
GNULIB_VFPRINTF='1'
GNULIB_VFPRINTF_POSIX='0'
GNULIB_VPRINTF='1'
GNULIB_VPRINTF_POSIX='0'
GNULIB_VSNPRINTF='0'
GNULIB_VSPRINTF_POSIX='0'
GNULIB_WCRTOMB='0'
GNULIB_WCSNRTOMBS='0'
GNULIB_WCSRTOMBS='0'
GNULIB_WCTOB='0'
GNULIB_WCWIDTH='0'
GNULIB_WRITE='0'
GREP='/usr/bin/grep'
HAVE_ATOLL='1'
HAVE_BTOWC='1'
HAVE_CALLOC_POSIX='1'
HAVE_DECL_ENVIRON='0'
HAVE_DECL_FPURGE='1'
HAVE_DECL_GETDELIM='1'
HAVE_DECL_GETLINE='1'
HAVE_DECL_GETLOADAVG='1'
HAVE_DECL_GETLOGIN_R='1'
HAVE_DECL_MEMMEM='1'
HAVE_DECL_MEMRCHR='1'
HAVE_DECL_OBSTACK_PRINTF='1'
HAVE_DECL_SNPRINTF='1'
HAVE_DECL_STRDUP='1'
HAVE_DECL_STRERROR='1'
HAVE_DECL_STRNDUP='1'
HAVE_DECL_STRNLEN='1'
HAVE_DECL_STRSIGNAL='1'
HAVE_DECL_STRTOK_R='1'
HAVE_DECL_VSNPRINTF='1'
HAVE_DECL_WCTOB='1'
HAVE_DECL_WCWIDTH='1'
HAVE_DPRINTF='1'
HAVE_DUP2='1'
HAVE_EUIDACCESS='1'
HAVE_FSEEKO='1'
HAVE_FSYNC='1'
HAVE_FTELLO='1'
HAVE_FTRUNCATE='1'
HAVE_GETDOMAINNAME='1'
HAVE_GETDTABLESIZE='1'
HAVE_GETHOSTNAME='1'
HAVE_GETPAGESIZE='1'
HAVE_GETSUBOPT='1'
HAVE_GETUSERSHELL='1'
HAVE_INTTYPES_H='1'
HAVE_LINK='1'
HAVE_LONG_LONG_INT='1'
HAVE_MALLOC_POSIX='1'
HAVE_MBRLEN='1'
HAVE_MBRTOWC='1'
HAVE_MBSINIT='1'
HAVE_MBSNRTOWCS='1'
HAVE_MBSRTOWCS='1'
HAVE_MEMPCPY='1'
HAVE_MKDTEMP='1'
HAVE_OS_H='0'
HAVE_POSIX_SIGNALBLOCKING='1'
HAVE_RANDOM_H='0'
HAVE_RANDOM_R='1'
HAVE_RAWMEMCHR='1'
HAVE_READLINK='1'
HAVE_REALLOC_POSIX='1'
HAVE_RPMATCH='1'
HAVE_SETENV='1'
HAVE_SIGACTION='1'
HAVE_SIGINFO_T='1'
HAVE_SIGNED_SIG_ATOMIC_T='1'
HAVE_SIGNED_WCHAR_T='1'
HAVE_SIGNED_WINT_T='1'
HAVE_SIGSET_T='1'
HAVE_SLEEP='1'
HAVE_STDINT_H='1'
HAVE_STPCPY='1'
HAVE_STPNCPY='1'
HAVE_STRCASESTR='1'
HAVE_STRCHRNUL='1'
HAVE_STRNDUP='1'
HAVE_STRPBRK='1'
HAVE_STRSEP='1'
HAVE_STRTOD='1'
HAVE_STRTOLL='1'
HAVE_STRTOULL='1'
HAVE_STRUCT_RANDOM_DATA='0'
HAVE_STRUCT_SIGACTION_SA_SIGACTION='1'
HAVE_STRVERSCMP='1'
HAVE_SYS_BITYPES_H='0'
HAVE_SYS_INTTYPES_H='0'
HAVE_SYS_LOADAVG_H='0'
HAVE_SYS_PARAM_H='0'
HAVE_SYS_TYPES_H='1'
HAVE_TYPE_VOLATILE_SIG_ATOMIC_T='1'
HAVE_UNISTD_H='1'
HAVE_UNSETENV='1'
HAVE_UNSIGNED_LONG_LONG_INT='1'
HAVE_VASPRINTF='1'
HAVE_VDPRINTF='1'
HAVE_VISIBILITY='1'
HAVE_WCHAR_H='1'
HAVE_WCHAR_T='1'
HAVE_WCRTOMB='1'
HAVE_WCSNRTOMBS='1'
HAVE_WCSRTOMBS='1'
HAVE_WINT_T='1'
HAVE__BOOL='1'
ICONV_CONST=''
INCLUDE_NEXT='include_next'
INCLUDE_NEXT_AS_FIRST_DIRECTIVE='include_next'
INSTALL_DATA='${INSTALL} -m 644'
INSTALL_PROGRAM='${INSTALL}'
INSTALL_PROGRAM_ENV=''
INSTALL_SCRIPT='${INSTALL}'
INSTALL_STRIP_PROGRAM='$(install_sh) -c -s'
INTLLIBS=''
INTL_MACOSX_LIBS=''
LD='/usr/llvm-gcc-4.2/libexec/gcc/i686-apple-darwin11/4.2.1/ld'
LDFLAGS=''
LIBICONV='-liconv'
LIBICRT_LIBDEPS=''
LIBICRT_LTLIBDEPS=''
LIBINTL=''
LIBOBJS=''
LIBS=''
LIBTOOL='/bin/sh $(top_builddir)/libtool'
LIPO='lipo'
LN='ln'
LN_S='ln -s'
LTLIBICONV='-liconv'
LTLIBINTL=''
LTLIBOBJS=''
MAKEINFO='${SHELL} /Users/shama/RubymineProjects/cmusv/wget-1.13/libiconv-1.13.1/build-aux/missing --run makeinfo'
MKDIR_P='build-aux/install-sh -c -d'
MSGFMT=':'
MSGFMT_015=':'
MSGMERGE=':'
NEXT_AS_FIRST_DIRECTIVE_ERRNO_H=''
NEXT_AS_FIRST_DIRECTIVE_SIGNAL_H='<signal.h>'
NEXT_AS_FIRST_DIRECTIVE_STDINT_H='<stdint.h>'
NEXT_AS_FIRST_DIRECTIVE_STDIO_H='<stdio.h>'
NEXT_AS_FIRST_DIRECTIVE_STDLIB_H='<stdlib.h>'
NEXT_AS_FIRST_DIRECTIVE_STRING_H='<string.h>'
NEXT_AS_FIRST_DIRECTIVE_UNISTD_H='<unistd.h>'
NEXT_AS_FIRST_DIRECTIVE_WCHAR_H='<wchar.h>'
NEXT_ERRNO_H=''
NEXT_SIGNAL_H='<signal.h>'
NEXT_STDINT_H='<stdint.h>'
NEXT_STDIO_H='<stdio.h>'
NEXT_STDLIB_H='<stdlib.h>'
NEXT_STRING_H='<string.h>'
NEXT_UNISTD_H='<unistd.h>'
NEXT_WCHAR_H='<wchar.h>'
NM='/usr/bin/nm'
NMEDIT='nmedit'
OBJDUMP='false'
OBJEXT='o'
OTOOL64=':'
OTOOL='otool'
PACKAGE='libiconv'
PACKAGE_BUGREPORT=''
PACKAGE_NAME=''
PACKAGE_STRING=''
PACKAGE_TARNAME=''
PACKAGE_VERSION=''
PATH_SEPARATOR=':'
POSUB=''
PRAGMA_SYSTEM_HEADER='#pragma GCC system_header'
PTRDIFF_T_SUFFIX='l'
RANLIB='ranlib'
RC=''
RELOCATABLE='no'
RELOCATABLE_BUILD_DIR='$(top_builddir)/srclib'
RELOCATABLE_CONFIG_H_DIR='$(top_builddir)'
RELOCATABLE_LDFLAGS=''
RELOCATABLE_LIBRARY_PATH=''
RELOCATABLE_SRC_DIR='$(top_srcdir)/srclib'
RELOCATABLE_VIA_LD_FALSE=''
RELOCATABLE_VIA_LD_TRUE='#'
REPLACE_BTOWC='0'
REPLACE_CHOWN='0'
REPLACE_CLOSE='0'
REPLACE_DPRINTF='0'
REPLACE_FCHDIR='0'
REPLACE_FCLOSE='0'
REPLACE_FFLUSH='0'
REPLACE_FOPEN='0'
REPLACE_FPRINTF='0'
REPLACE_FPURGE='0'
REPLACE_FREOPEN='0'
REPLACE_FSEEK='0'
REPLACE_FSEEKO='0'
REPLACE_FTELL='0'
REPLACE_FTELLO='0'
REPLACE_GETCWD='0'
REPLACE_GETLINE='0'
REPLACE_GETPAGESIZE='0'
REPLACE_LCHOWN='0'
REPLACE_LSEEK='0'
REPLACE_MBRLEN='0'
REPLACE_MBRTOWC='0'
REPLACE_MBSINIT='0'
REPLACE_MBSNRTOWCS='0'
REPLACE_MBSRTOWCS='0'
REPLACE_MBSTATE_T='0'
REPLACE_MEMCHR='0'
REPLACE_MEMMEM='0'
REPLACE_MKSTEMP='0'
REPLACE_OBSTACK_PRINTF='0'
REPLACE_PERROR='0'
REPLACE_PRINTF='0'
REPLACE_PUTENV='0'
REPLACE_SNPRINTF='0'
REPLACE_SPRINTF='0'
REPLACE_STDIO_WRITE_FUNCS='0'
REPLACE_STRCASESTR='0'
REPLACE_STRDUP='0'
REPLACE_STRERROR='0'
REPLACE_STRSIGNAL='0'
REPLACE_STRSTR='0'
REPLACE_STRTOD='0'
REPLACE_VASPRINTF='0'
REPLACE_VDPRINTF='0'
REPLACE_VFPRINTF='0'
REPLACE_VPRINTF='0'
REPLACE_VSNPRINTF='0'
REPLACE_VSPRINTF='0'
REPLACE_WCRTOMB='0'
REPLACE_WCSNRTOMBS='0'
REPLACE_WCSRTOMBS='0'
REPLACE_WCTOB='0'
REPLACE_WCWIDTH='0'
REPLACE_WRITE='0'
SED='/usr/bin/sed'
SET_MAKE=''
SHELL='/bin/sh'
SIG_ATOMIC_T_SUFFIX=''
SIZE_T_SUFFIX='ul'
SRCLIBOBJS=''
STDBOOL_H='stdbool.h'
STDINT_H='stdint.h'
STRIP='/usr/bin/strip'
UNISTD_H_HAVE_WINSOCK2_H='0'
USE_EXTRA_ENCODINGS='no'
USE_MBSTATE_T='1'
USE_NLS='no'
VERSION='1.13.1'
VOID_UNSETENV='0'
WCHAR_H=''
WCHAR_T_SUFFIX=''
WINDRES=''
WINT_T_SUFFIX=''
WOE32='no'
WOE32DLL='no'
XGETTEXT=':'
XGETTEXT_015=':'
XGETTEXT_EXTRA_OPTIONS=' --flag=error:3:c-format --flag=error_at_line:5:c-format'
ac_ct_CC='gcc'
ac_ct_DUMPBIN=''
am__EXEEXT_FALSE=''
am__EXEEXT_TRUE='#'
am__fastdepCC_FALSE=''
am__fastdepCC_TRUE='#'
am__include='include'
am__isrc=''
am__leading_dot='.'
am__quote=''
am__tar='${AMTAR} chof - "$$tardir"'
am__untar='${AMTAR} xf -'
bindir='${exec_prefix}/bin'
build='i386-apple-darwin12.2.0'
build_alias=''
build_cpu='i386'
build_os='darwin12.2.0'
build_vendor='apple'
datadir='${datarootdir}'
datarootdir='${prefix}/share'
docdir='${datarootdir}/doc/${PACKAGE}'
dvidir='${docdir}'
exec_prefix='${prefix}'
gl_LIBOBJS=' canonicalize-lgpl.o error.o'
gl_LTLIBOBJS=' canonicalize-lgpl.lo error.lo'
gltests_LIBOBJS=''
gltests_LTLIBOBJS=''
host='i386-apple-darwin12.2.0'
host_alias=''
host_cpu='i386'
host_os='darwin12.2.0'
host_vendor='apple'
htmldir='${docdir}'
includedir='${prefix}/include'
infodir='${datarootdir}/info'
install_sh='${SHELL} /Users/shama/RubymineProjects/cmusv/wget-1.13/libiconv-1.13.1/build-aux/install-sh'
libdir='${exec_prefix}/lib'
libexecdir='${exec_prefix}/libexec'
localedir='${datarootdir}/locale'
localstatedir='${prefix}/var'
lt_ECHO='/bin/echo'
mandir='${datarootdir}/man'
mkdir_p='$(top_builddir)/build-aux/install-sh -c -d'
oldincludedir='/usr/include'
pdfdir='${docdir}'
prefix='/usr/local/Cellar/libiconv/1.13.1'
program_transform_name='s,x,x,'
psdir='${docdir}'
sbindir='${exec_prefix}/sbin'
sharedstatedir='${prefix}/com'
subdirs=' libcharset preload'
sysconfdir='${prefix}/etc'
target_alias=''

## ----------- ##
## confdefs.h. ##
## ----------- ##

#define PACKAGE_NAME ""
#define PACKAGE_TARNAME ""
#define PACKAGE_VERSION ""
#define PACKAGE_STRING ""
#define PACKAGE_BUGREPORT ""
#define PACKAGE "libiconv"
#define VERSION "1.13.1"
#define STDC_HEADERS 1
#define HAVE_SYS_TYPES_H 1
#define HAVE_SYS_STAT_H 1
#define HAVE_STDLIB_H 1
#define HAVE_STRING_H 1
#define HAVE_MEMORY_H 1
#define HAVE_STRINGS_H 1
#define HAVE_INTTYPES_H 1
#define HAVE_STDINT_H 1
#define HAVE_UNISTD_H 1
#define __EXTENSIONS__ 1
#define _ALL_SOURCE 1
#define _GNU_SOURCE 1
#define _POSIX_PTHREAD_SEMANTICS 1
#define _TANDEM_SOURCE 1
#define INSTALLPREFIX "/usr/local/Cellar/libiconv/1.13.1"
#define HAVE_DLFCN_H 1
#define LT_OBJDIR ".libs/"
#define HAVE_VISIBILITY 1
#define HAVE_ICONV 1
#define ICONV_CONST 
#define HAVE_ICONV 1
#define HAVE_MBSTATE_T 1
#define HAVE_WCHAR_T 1
#define HAVE_GETC_UNLOCKED 1
#define HAVE_MBRTOWC 1
#define HAVE_WCRTOMB 1
#define HAVE_MBSINIT 1
#define HAVE_SETLOCALE 1
#define HAVE_MEMMOVE 1
#define HAVE_LANGINFO_CODESET 1
#define HAVE_WCHAR_H 1
#define WORDS_LITTLEENDIAN 1
#define HAVE_ALLOCA_H 1
#define HAVE_ALLOCA 1
#define HAVE_STDLIB_H 1
#define HAVE_STRING_H 1
#define HAVE_SYS_PARAM_H 1
#define HAVE_UNISTD_H 1
#define HAVE_ERRNO_H 1
#define HAVE_SYS_SOCKET_H 1
#define HAVE_SIGNAL_H 1
#define HAVE_STDINT_H 1
#define HAVE_WCHAR_H 1
#define HAVE_STDIO_H 1
#define HAVE_DECL_CANONICALIZE_FILE_NAME 0
#define HAVE_GETCWD 1
#define HAVE_READLINK 1
#define HAVE_PATHCONF 1
#define HAVE_SETENV 1
#define HAVE_DECL_STRERROR_R 1
#define HAVE_STRERROR_R 1
#define HAVE_STDLIB_H 1
#define MALLOC_0_IS_NONNULL 1
#define HAVE_LONG_LONG_INT 1
#define HAVE__BOOL 1
#define HAVE_UNSIGNED_LONG_LONG_INT 1
#define restrict __restrict
#define HAVE_DECL_CLEARERR_UNLOCKED 1
#define HAVE_DECL_FEOF_UNLOCKED 1
#define HAVE_DECL_FERROR_UNLOCKED 1
#define HAVE_DECL_FFLUSH_UNLOCKED 0
#define HAVE_DECL_FGETS_UNLOCKED 0
#define HAVE_DECL_FPUTC_UNLOCKED 0
#define HAVE_DECL_FPUTS_UNLOCKED 0
#define HAVE_DECL_FREAD_UNLOCKED 0
#define HAVE_DECL_FWRITE_UNLOCKED 0
#define HAVE_DECL_GETC_UNLOCKED 1
#define HAVE_DECL_GETCHAR_UNLOCKED 1
#define HAVE_DECL_PUTC_UNLOCKED 1
#define HAVE_DECL_PUTCHAR_UNLOCKED 1
#define HAVE_WINT_T 1
#define realpath rpl_realpath
#define GNULIB_CANONICALIZE_LGPL 1
#define HAVE_MALLOC_POSIX 1
#define HAVE_MBSTATE_T 1
#define HAVE_MEMMOVE 1
#define HAVE_SEARCH_H 1
#define HAVE_TSEARCH 1
#define GNULIB_SIGPIPE 1
#define BITSIZEOF_PTRDIFF_T 64
#define BITSIZEOF_SIZE_T 64
#define BITSIZEOF_SIG_ATOMIC_T 32
#define BITSIZEOF_WCHAR_T 32
#define BITSIZEOF_WINT_T 32
#define HAVE_SIGNED_SIG_ATOMIC_T 1
#define HAVE_SIGNED_WCHAR_T 1
#define HAVE_SIGNED_WINT_T 1
#define PTRDIFF_T_SUFFIX l
#define SIZE_T_SUFFIX ul
#define SIG_ATOMIC_T_SUFFIX 
#define WCHAR_T_SUFFIX 
#define WINT_T_SUFFIX 
#define USE_UNLOCKED_IO 1

configure: exit 0
